<?xml version="1.0" encoding="UTF-8"?>
<!-- Generated by org.testng.reporters.JUnitXMLReporter -->
<testsuite hostname="W7VDIHPQC16WPL" ignored="0" name="Free CRM App Test Cases" tests="4" failures="1" timestamp="06 Nov 2019 13:53:41 GMT" time="11.48" errors="0">
  <testcase name="crmLogoImageTest" time="0.265" classname="com.crm.qa.LoginPageTest"/>
  <testcase name="loginPageTitleTest" time="0.183" classname="com.crm.qa.LoginPageTest">
    <skipped/>
  </testcase> <!-- loginPageTitleTest -->
  <testcase name="loginPageTitleTest" time="0.025" classname="com.crm.qa.LoginPageTest">
    <skipped/>
  </testcase> <!-- loginPageTitleTest -->
  <testcase name="loginPageTitleTest" time="0.022" classname="com.crm.qa.LoginPageTest">
    <failure type="java.lang.AssertionError" message="expected [Free test CRM #1 cloud software for any business large or small] but found [Free CRM #1 cloud software for any business large or small]">
      <![CDATA[java.lang.AssertionError: expected [Free test CRM #1 cloud software for any business large or small] but found [Free CRM #1 cloud software for any business large or small]
	at com.crm.qa.LoginPageTest.loginPageTitleTest(LoginPageTest.java:32)
... Removed 31 stack frames]]>
    </failure>
  </testcase> <!-- loginPageTitleTest -->
</testsuite> <!-- Free CRM App Test Cases -->
