<?xml version="1.0" encoding="UTF-8"?>
<!-- Generated by org.testng.reporters.JUnitXMLReporter -->
<testsuite ignored="0" hostname="W7VDIHPQC16WPL" failures="1" tests="15" name="Smoke Test" time="24.625" errors="0" timestamp="19 Nov 2018 13:59:08 GMT">
  <testcase classname="com.selenium.ebiz.BASECLASS.BaseClass" name="@AfterMethod afterMethod" time="0.006">
    <failure type="org.openqa.selenium.NoSuchSessionException" message="no such session
  (Driver info: chromedriver=2.41.578737 (49da6702b16031c40d63e5618de03a32ff6c197e),platform=Windows NT 6.1.7601 SP1 x86_64) (WARNING: The server did not provide any stacktrace information)
Command duration or timeout: 5 milliseconds
Build info: version: &amp;apos;3.4.0&amp;apos;, revision: &amp;apos;unknown&amp;apos;, time: &amp;apos;unknown&amp;apos;
System info: host: &amp;apos;W7VDIHPQC16WPL&amp;apos;, ip: &amp;apos;10.224.150.138&amp;apos;, os.name: &amp;apos;Windows 7&amp;apos;, os.arch: &amp;apos;amd64&amp;apos;, os.version: &amp;apos;6.1&amp;apos;, java.version: &amp;apos;10.0.1&amp;apos;
Driver info: org.openqa.selenium.chrome.ChromeDriver
Capabilities [{mobileEmulationEnabled=false, hasTouchScreen=false, platform=XP, acceptSslCerts=false, goog:chromeOptions={debuggerAddress=localhost:49981}, acceptInsecureCerts=false, webStorageEnabled=true, browserName=chrome, takesScreenshot=true, javascriptEnabled=true, setWindowRect=true, unexpectedAlertBehaviour=, applicationCacheEnabled=false, rotatable=false, networkConnectionEnabled=false, chrome={chromedriverVersion=2.41.578737 (49da6702b16031c40d63e5618de03a32ff6c197e), userDataDir=C:\Users\dj073227\AppData\Local\Temp\scoped_dir6492_24492}, takesHeapSnapshot=true, pageLoadStrategy=normal, databaseEnabled=false, handlesAlerts=true, version=70.0.3538.102, browserConnectionEnabled=false, nativeEvents=true, locationContextEnabled=true, cssSelectorsEnabled=true}]
Session ID: 5ed653d8c20e2a1f55e4bd55eddd664a">
      <![CDATA[org.openqa.selenium.NoSuchSessionException: no such session
  (Driver info: chromedriver=2.41.578737 (49da6702b16031c40d63e5618de03a32ff6c197e),platform=Windows NT 6.1.7601 SP1 x86_64) (WARNING: The server did not provide any stacktrace information)
Command duration or timeout: 5 milliseconds
Build info: version: '3.4.0', revision: 'unknown', time: 'unknown'
System info: host: 'W7VDIHPQC16WPL', ip: '10.224.150.138', os.name: 'Windows 7', os.arch: 'amd64', os.version: '6.1', java.version: '10.0.1'
Driver info: org.openqa.selenium.chrome.ChromeDriver
Capabilities [{mobileEmulationEnabled=false, hasTouchScreen=false, platform=XP, acceptSslCerts=false, goog:chromeOptions={debuggerAddress=localhost:49981}, acceptInsecureCerts=false, webStorageEnabled=true, browserName=chrome, takesScreenshot=true, javascriptEnabled=true, setWindowRect=true, unexpectedAlertBehaviour=, applicationCacheEnabled=false, rotatable=false, networkConnectionEnabled=false, chrome={chromedriverVersion=2.41.578737 (49da6702b16031c40d63e5618de03a32ff6c197e), userDataDir=C:\Users\dj073227\AppData\Local\Temp\scoped_dir6492_24492}, takesHeapSnapshot=true, pageLoadStrategy=normal, databaseEnabled=false, handlesAlerts=true, version=70.0.3538.102, browserConnectionEnabled=false, nativeEvents=true, locationContextEnabled=true, cssSelectorsEnabled=true}]
Session ID: 5ed653d8c20e2a1f55e4bd55eddd664a
	at org.openqa.selenium.remote.ErrorHandler.createThrowable(ErrorHandler.java:215)
	at org.openqa.selenium.remote.ErrorHandler.throwIfResponseFailed(ErrorHandler.java:167)
	at org.openqa.selenium.remote.RemoteWebDriver.execute(RemoteWebDriver.java:671)
	at org.openqa.selenium.remote.RemoteWebDriver.execute(RemoteWebDriver.java:694)
	at org.openqa.selenium.remote.RemoteWebDriver.close(RemoteWebDriver.java:523)
	at org.openqa.selenium.support.events.EventFiringWebDriver$2.invoke(EventFiringWebDriver.java:104)
	at com.sun.proxy.$Proxy11.close(Unknown Source)
	at org.openqa.selenium.support.events.EventFiringWebDriver.close(EventFiringWebDriver.java:198)
	at com.selenium.ebiz.BASECLASS.BaseClass.afterMethod(BaseClass.java:159)
... Removed 35 stack frames]]>
    </failure>
  </testcase> <!-- @AfterMethod afterMethod -->
  <testcase classname="com.selenium.ebiz.SMOKETEST.SmokeTest_End_To_End_Scenario8" name="@AfterTest teardown" time="0.0">
    <skipped/>
  </testcase> <!-- @AfterTest teardown -->
  <testcase classname="com.selenium.ebiz.SMOKETEST.SmokeTest_End_To_End_Scenario8" name="testLogin" time="14.344"/>
  <testcase classname="com.selenium.ebiz.SMOKETEST.SmokeTest_End_To_End_Scenario8" name="navigateToFrequentlyPurchasedPage" time="0.075">
    <failure type="org.openqa.selenium.NoSuchSessionException" message="no such session
  (Driver info: chromedriver=2.41.578737 (49da6702b16031c40d63e5618de03a32ff6c197e),platform=Windows NT 6.1.7601 SP1 x86_64) (WARNING: The server did not provide any stacktrace information)
Command duration or timeout: 67 milliseconds
Build info: version: &amp;apos;3.4.0&amp;apos;, revision: &amp;apos;unknown&amp;apos;, time: &amp;apos;unknown&amp;apos;
System info: host: &amp;apos;W7VDIHPQC16WPL&amp;apos;, ip: &amp;apos;10.224.150.138&amp;apos;, os.name: &amp;apos;Windows 7&amp;apos;, os.arch: &amp;apos;amd64&amp;apos;, os.version: &amp;apos;6.1&amp;apos;, java.version: &amp;apos;10.0.1&amp;apos;
Driver info: org.openqa.selenium.chrome.ChromeDriver
Capabilities [{mobileEmulationEnabled=false, hasTouchScreen=false, platform=XP, acceptSslCerts=false, goog:chromeOptions={debuggerAddress=localhost:49981}, acceptInsecureCerts=false, webStorageEnabled=true, browserName=chrome, takesScreenshot=true, javascriptEnabled=true, setWindowRect=true, unexpectedAlertBehaviour=, applicationCacheEnabled=false, rotatable=false, networkConnectionEnabled=false, chrome={chromedriverVersion=2.41.578737 (49da6702b16031c40d63e5618de03a32ff6c197e), userDataDir=C:\Users\dj073227\AppData\Local\Temp\scoped_dir6492_24492}, takesHeapSnapshot=true, pageLoadStrategy=normal, databaseEnabled=false, handlesAlerts=true, version=70.0.3538.102, browserConnectionEnabled=false, nativeEvents=true, locationContextEnabled=true, cssSelectorsEnabled=true}]
Session ID: 5ed653d8c20e2a1f55e4bd55eddd664a
*** Element info: {Using=xpath, value=//a[text()=&amp;apos;Frequently Purchased&amp;apos;]}">
      <![CDATA[org.openqa.selenium.NoSuchSessionException: no such session
  (Driver info: chromedriver=2.41.578737 (49da6702b16031c40d63e5618de03a32ff6c197e),platform=Windows NT 6.1.7601 SP1 x86_64) (WARNING: The server did not provide any stacktrace information)
Command duration or timeout: 67 milliseconds
Build info: version: '3.4.0', revision: 'unknown', time: 'unknown'
System info: host: 'W7VDIHPQC16WPL', ip: '10.224.150.138', os.name: 'Windows 7', os.arch: 'amd64', os.version: '6.1', java.version: '10.0.1'
Driver info: org.openqa.selenium.chrome.ChromeDriver
Capabilities [{mobileEmulationEnabled=false, hasTouchScreen=false, platform=XP, acceptSslCerts=false, goog:chromeOptions={debuggerAddress=localhost:49981}, acceptInsecureCerts=false, webStorageEnabled=true, browserName=chrome, takesScreenshot=true, javascriptEnabled=true, setWindowRect=true, unexpectedAlertBehaviour=, applicationCacheEnabled=false, rotatable=false, networkConnectionEnabled=false, chrome={chromedriverVersion=2.41.578737 (49da6702b16031c40d63e5618de03a32ff6c197e), userDataDir=C:\Users\dj073227\AppData\Local\Temp\scoped_dir6492_24492}, takesHeapSnapshot=true, pageLoadStrategy=normal, databaseEnabled=false, handlesAlerts=true, version=70.0.3538.102, browserConnectionEnabled=false, nativeEvents=true, locationContextEnabled=true, cssSelectorsEnabled=true}]
Session ID: 5ed653d8c20e2a1f55e4bd55eddd664a
*** Element info: {Using=xpath, value=//a[text()='Frequently Purchased']}
	at org.openqa.selenium.remote.ErrorHandler.createThrowable(ErrorHandler.java:215)
	at org.openqa.selenium.remote.ErrorHandler.throwIfResponseFailed(ErrorHandler.java:167)
	at org.openqa.selenium.remote.RemoteWebDriver.execute(RemoteWebDriver.java:671)
	at org.openqa.selenium.remote.RemoteWebDriver.findElement(RemoteWebDriver.java:410)
	at org.openqa.selenium.remote.RemoteWebDriver.findElementByXPath(RemoteWebDriver.java:509)
	at org.openqa.selenium.By$ByXPath.findElement(By.java:361)
	at org.openqa.selenium.remote.RemoteWebDriver.findElement(RemoteWebDriver.java:402)
	at org.openqa.selenium.support.events.EventFiringWebDriver$2.invoke(EventFiringWebDriver.java:104)
	at com.sun.proxy.$Proxy11.findElement(Unknown Source)
	at org.openqa.selenium.support.events.EventFiringWebDriver.findElement(EventFiringWebDriver.java:188)
	at org.openqa.selenium.support.pagefactory.DefaultElementLocator.findElement(DefaultElementLocator.java:69)
	at org.openqa.selenium.support.pagefactory.internal.LocatingElementHandler.invoke(LocatingElementHandler.java:38)
	at com.sun.proxy.$Proxy13.isDisplayed(Unknown Source)
	at org.openqa.selenium.support.ui.ExpectedConditions.elementIfVisible(ExpectedConditions.java:302)
	at org.openqa.selenium.support.ui.ExpectedConditions.access$100(ExpectedConditions.java:44)
	at org.openqa.selenium.support.ui.ExpectedConditions$10.apply(ExpectedConditions.java:288)
	at org.openqa.selenium.support.ui.ExpectedConditions$10.apply(ExpectedConditions.java:285)
	at org.openqa.selenium.support.ui.FluentWait.until(FluentWait.java:209)
	at com.selenium.ebiz.TOOLS.WaitTool.waitForElement(WaitTool.java:82)
	at com.selenium.ebiz.PAGEOBJECT.HomePage.clickOnFrequentlyPurchasedLink(HomePage.java:3090)
	at com.selenium.ebiz.SMOKETEST.SmokeTest_End_To_End_Scenario8.navigateToFrequentlyPurchasedPage(SmokeTest_End_To_End_Scenario8.java:102)
... Removed 33 stack frames]]>
    </failure>
  </testcase> <!-- navigateToFrequentlyPurchasedPage -->
  <testcase classname="com.selenium.ebiz.SMOKETEST.SmokeTest_End_To_End_Scenario8" name="clickOnFirstProdut" time="0.0">
    <skipped/>
  </testcase> <!-- clickOnFirstProdut -->
  <testcase classname="com.selenium.ebiz.SMOKETEST.SmokeTest_End_To_End_Scenario8" name="getPartNumberAndQuantityDisplayed" time="0.0">
    <skipped/>
  </testcase> <!-- getPartNumberAndQuantityDisplayed -->
  <testcase classname="com.selenium.ebiz.SMOKETEST.SmokeTest_End_To_End_Scenario8" name="clickOnAddToCart" time="0.0">
    <skipped/>
  </testcase> <!-- clickOnAddToCart -->
  <testcase classname="com.selenium.ebiz.SMOKETEST.SmokeTest_End_To_End_Scenario8" name="verifyPartNumberAndQuantity" time="0.0">
    <skipped/>
  </testcase> <!-- verifyPartNumberAndQuantity -->
  <testcase classname="com.selenium.ebiz.SMOKETEST.SmokeTest_End_To_End_Scenario8" name="closeAddToCartSuccessPopup" time="0.0">
    <skipped/>
  </testcase> <!-- closeAddToCartSuccessPopup -->
  <testcase classname="com.selenium.ebiz.SMOKETEST.SmokeTest_End_To_End_Scenario8" name="navigaeToFrequentlyPurchasePage" time="0.0">
    <skipped/>
  </testcase> <!-- navigaeToFrequentlyPurchasePage -->
  <testcase classname="com.selenium.ebiz.SMOKETEST.SmokeTest_End_To_End_Scenario8" name="clickOnSecondProdut" time="0.0">
    <skipped/>
  </testcase> <!-- clickOnSecondProdut -->
  <testcase classname="com.selenium.ebiz.SMOKETEST.SmokeTest_End_To_End_Scenario8" name="AddProductToNewSaveList" time="0.0">
    <skipped/>
  </testcase> <!-- AddProductToNewSaveList -->
  <testcase classname="com.selenium.ebiz.SMOKETEST.SmokeTest_End_To_End_Scenario8" name="AddListToCart" time="0.0">
    <skipped/>
  </testcase> <!-- AddListToCart -->
  <testcase classname="com.selenium.ebiz.SMOKETEST.SmokeTest_End_To_End_Scenario8" name="navigateToshoppingCart" time="0.0">
    <skipped/>
  </testcase> <!-- navigateToshoppingCart -->
  <testcase classname="com.selenium.ebiz.SMOKETEST.SmokeTest_End_To_End_Scenario8" name="NavigateToAddPaymentAndCheckoutPage" time="0.0">
    <skipped/>
  </testcase> <!-- NavigateToAddPaymentAndCheckoutPage -->
  <testcase classname="com.selenium.ebiz.SMOKETEST.SmokeTest_End_To_End_Scenario8" name="placeWebOrder" time="0.0">
    <skipped/>
  </testcase> <!-- placeWebOrder -->
  <testcase classname="com.selenium.ebiz.SMOKETEST.SmokeTest_End_To_End_Scenario8" name="captureWebOrderNumber" time="0.0">
    <skipped/>
  </testcase> <!-- captureWebOrderNumber -->
</testsuite> <!-- Smoke Test -->
