<?xml version="1.0" encoding="UTF-8"?>
<!-- Generated by org.testng.reporters.JUnitXMLReporter -->
<testsuite ignored="0" hostname="W7VDIHPQC16WPL" failures="9" tests="32" name="Test" time="1209.472" errors="0" timestamp="03 Oct 2018 05:40:34 GMT">
  <testcase classname="com.selenium.ebiz.AccountManagement.LOGIN.ContentRecommendationLoggedInUser_WORKING" name="verifyContentRecommandationForAuthenticatedUser" time="18.068"/>
  <testcase classname="com.selenium.ebiz.AccountManagement.LOGIN.LoginTestAllScenarios_WORKING" name="loginWithValidCredentialAndLogoutTest" time="59.511"/>
  <testcase classname="com.selenium.ebiz.AccountManagement.LOGIN.ForgotUserNameGuestUser_NOTWORKING" name="ForgotUserNameonSignInUnauthenticatedUser" time="73.858">
    <failure type="org.openqa.selenium.NoSuchElementException" message="no such element: Unable to locate element: {&amp;quot;method&amp;quot;:&amp;quot;xpath&amp;quot;,&amp;quot;selector&amp;quot;:&amp;quot;//*[@id=&amp;quot;page&amp;quot;]/div[3]/div/div/div/div/div[1]/div/div[1]/h3&amp;quot;}
  (Session info: chrome=69.0.3497.100)
  (Driver info: chromedriver=2.41.578737 (49da6702b16031c40d63e5618de03a32ff6c197e),platform=Windows NT 6.1.7601 SP1 x86_64) (WARNING: The server did not provide any stacktrace information)
Command duration or timeout: 70.01 seconds
For documentation on this error, please visit: http://seleniumhq.org/exceptions/no_such_element.html
Build info: version: &amp;apos;3.4.0&amp;apos;, revision: &amp;apos;unknown&amp;apos;, time: &amp;apos;unknown&amp;apos;
System info: host: &amp;apos;W7VDIHPQC16WPL&amp;apos;, ip: &amp;apos;10.224.150.211&amp;apos;, os.name: &amp;apos;Windows 7&amp;apos;, os.arch: &amp;apos;amd64&amp;apos;, os.version: &amp;apos;6.1&amp;apos;, java.version: &amp;apos;10.0.1&amp;apos;
Driver info: org.openqa.selenium.chrome.ChromeDriver
Capabilities [{mobileEmulationEnabled=false, hasTouchScreen=false, platform=XP, acceptSslCerts=false, goog:chromeOptions={debuggerAddress=localhost:52410}, acceptInsecureCerts=false, webStorageEnabled=true, browserName=chrome, takesScreenshot=true, javascriptEnabled=true, setWindowRect=true, unexpectedAlertBehaviour=, applicationCacheEnabled=false, rotatable=false, networkConnectionEnabled=false, chrome={chromedriverVersion=2.41.578737 (49da6702b16031c40d63e5618de03a32ff6c197e), userDataDir=C:\Users\dj073227\AppData\Local\Temp\scoped_dir21128_18905}, takesHeapSnapshot=true, pageLoadStrategy=normal, databaseEnabled=false, handlesAlerts=true, version=69.0.3497.100, browserConnectionEnabled=false, nativeEvents=true, locationContextEnabled=true, cssSelectorsEnabled=true}]
Session ID: c5ba0a91c4abc4c0e5be8cc4705cacb4
*** Element info: {Using=xpath, value=//*[@id=&amp;quot;page&amp;quot;]/div[3]/div/div/div/div/div[1]/div/div[1]/h3}">
      <![CDATA[org.openqa.selenium.NoSuchElementException: no such element: Unable to locate element: {"method":"xpath","selector":"//*[@id="page"]/div[3]/div/div/div/div/div[1]/div/div[1]/h3"}
  (Session info: chrome=69.0.3497.100)
  (Driver info: chromedriver=2.41.578737 (49da6702b16031c40d63e5618de03a32ff6c197e),platform=Windows NT 6.1.7601 SP1 x86_64) (WARNING: The server did not provide any stacktrace information)
Command duration or timeout: 70.01 seconds
For documentation on this error, please visit: http://seleniumhq.org/exceptions/no_such_element.html
Build info: version: '3.4.0', revision: 'unknown', time: 'unknown'
System info: host: 'W7VDIHPQC16WPL', ip: '10.224.150.211', os.name: 'Windows 7', os.arch: 'amd64', os.version: '6.1', java.version: '10.0.1'
Driver info: org.openqa.selenium.chrome.ChromeDriver
Capabilities [{mobileEmulationEnabled=false, hasTouchScreen=false, platform=XP, acceptSslCerts=false, goog:chromeOptions={debuggerAddress=localhost:52410}, acceptInsecureCerts=false, webStorageEnabled=true, browserName=chrome, takesScreenshot=true, javascriptEnabled=true, setWindowRect=true, unexpectedAlertBehaviour=, applicationCacheEnabled=false, rotatable=false, networkConnectionEnabled=false, chrome={chromedriverVersion=2.41.578737 (49da6702b16031c40d63e5618de03a32ff6c197e), userDataDir=C:\Users\dj073227\AppData\Local\Temp\scoped_dir21128_18905}, takesHeapSnapshot=true, pageLoadStrategy=normal, databaseEnabled=false, handlesAlerts=true, version=69.0.3497.100, browserConnectionEnabled=false, nativeEvents=true, locationContextEnabled=true, cssSelectorsEnabled=true}]
Session ID: c5ba0a91c4abc4c0e5be8cc4705cacb4
*** Element info: {Using=xpath, value=//*[@id="page"]/div[3]/div/div/div/div/div[1]/div/div[1]/h3}
	at org.openqa.selenium.remote.ErrorHandler.createThrowable(ErrorHandler.java:215)
	at org.openqa.selenium.remote.ErrorHandler.throwIfResponseFailed(ErrorHandler.java:167)
	at org.openqa.selenium.remote.RemoteWebDriver.execute(RemoteWebDriver.java:671)
	at org.openqa.selenium.remote.RemoteWebDriver.findElement(RemoteWebDriver.java:410)
	at org.openqa.selenium.remote.RemoteWebDriver.findElementByXPath(RemoteWebDriver.java:509)
	at org.openqa.selenium.By$ByXPath.findElement(By.java:361)
	at org.openqa.selenium.remote.RemoteWebDriver.findElement(RemoteWebDriver.java:402)
	at org.openqa.selenium.support.events.EventFiringWebDriver$2.invoke(EventFiringWebDriver.java:104)
	at com.sun.proxy.$Proxy11.findElement(Unknown Source)
	at org.openqa.selenium.support.events.EventFiringWebDriver.findElement(EventFiringWebDriver.java:188)
	at org.openqa.selenium.support.pagefactory.DefaultElementLocator.findElement(DefaultElementLocator.java:69)
	at org.openqa.selenium.support.pagefactory.internal.LocatingElementHandler.invoke(LocatingElementHandler.java:38)
	at com.sun.proxy.$Proxy13.getText(Unknown Source)
	at com.selenium.ebiz.PAGEOBJECT.AccountRetrievalPage.AccountRetrievalCredentialsSendSuccesPage(AccountRetrievalPage.java:113)
	at com.selenium.ebiz.AccountManagement.LOGIN.ForgotUserNameGuestUser_NOTWORKING.ForgotUserNameonSignInUnauthenticatedUser(ForgotUserNameGuestUser_NOTWORKING.java:76)
... Removed 32 stack frames]]>
    </failure>
  </testcase> <!-- ForgotUserNameonSignInUnauthenticatedUser -->
  <testcase classname="com.selenium.ebiz.AccountManagement.LOGIN.ExistingUserLogin_WORKING" name="verifyMergeCartForExistingUserLogIn" time="199.779">
    <failure type="org.openqa.selenium.TimeoutException" message="Expected condition failed: waiting for visibility of [[ChromeDriver: chrome on XP (c02d529f3a3d7cbe03a64fb2920d040e)] -&amp;gt; xpath: //a[@id=&amp;apos;Header_GlobalLogin_loggedInDropdown_SignOut&amp;apos;]/div/span[contains(text(), &amp;apos;SIGN OUT&amp;apos;)]] (tried for 60 second(s) with 500 MILLISECONDS interval)
Build info: version: &amp;apos;3.4.0&amp;apos;, revision: &amp;apos;unknown&amp;apos;, time: &amp;apos;unknown&amp;apos;
System info: host: &amp;apos;W7VDIHPQC16WPL&amp;apos;, ip: &amp;apos;10.224.150.211&amp;apos;, os.name: &amp;apos;Windows 7&amp;apos;, os.arch: &amp;apos;amd64&amp;apos;, os.version: &amp;apos;6.1&amp;apos;, java.version: &amp;apos;10.0.1&amp;apos;
Driver info: org.openqa.selenium.support.events.EventFiringWebDriver">
      <![CDATA[org.openqa.selenium.TimeoutException: Expected condition failed: waiting for visibility of [[ChromeDriver: chrome on XP (c02d529f3a3d7cbe03a64fb2920d040e)] -> xpath: //a[@id='Header_GlobalLogin_loggedInDropdown_SignOut']/div/span[contains(text(), 'SIGN OUT')]] (tried for 60 second(s) with 500 MILLISECONDS interval)
Build info: version: '3.4.0', revision: 'unknown', time: 'unknown'
System info: host: 'W7VDIHPQC16WPL', ip: '10.224.150.211', os.name: 'Windows 7', os.arch: 'amd64', os.version: '6.1', java.version: '10.0.1'
Driver info: org.openqa.selenium.support.events.EventFiringWebDriver
	at org.openqa.selenium.support.ui.WebDriverWait.timeoutException(WebDriverWait.java:80)
	at org.openqa.selenium.support.ui.FluentWait.until(FluentWait.java:232)
	at com.selenium.ebiz.TOOLS.WaitTool.waitForElement(WaitTool.java:84)
	at com.selenium.ebiz.PAGEOBJECT.HomePage.clickLogoutLinkText(HomePage.java:1370)
	at com.selenium.ebiz.PAGEOBJECT.HomePage.logoutOfApplication(HomePage.java:1393)
	at com.selenium.ebiz.AccountManagement.LOGIN.ExistingUserLogin_WORKING.verifyMergeCartForExistingUserLogIn(ExistingUserLogin_WORKING.java:80)
... Removed 25 stack frames]]>
    </failure>
  </testcase> <!-- verifyMergeCartForExistingUserLogIn -->
  <testcase classname="com.selenium.ebiz.AccountManagement.LOGIN.LoginFromBrowsePage_WORKING" name="VerifyLoginFromBrowsePageTest" time="177.823">
    <failure type="org.openqa.selenium.TimeoutException" message="Expected condition failed: waiting for visibility of Proxy element for: DefaultElementLocator &amp;apos;By.xpath: //div[@class=&amp;apos;account-snapshot__welcome-inner&amp;apos;]/span&amp;apos; (tried for 25 second(s) with 500 MILLISECONDS interval)">
      <![CDATA[org.openqa.selenium.TimeoutException: Expected condition failed: waiting for visibility of Proxy element for: DefaultElementLocator 'By.xpath: //div[@class='account-snapshot__welcome-inner']/span' (tried for 25 second(s) with 500 MILLISECONDS interval)
	at org.openqa.selenium.support.ui.WebDriverWait.timeoutException(WebDriverWait.java:80)
	at org.openqa.selenium.support.ui.FluentWait.until(FluentWait.java:232)
	at com.selenium.ebiz.PAGEOBJECT.HomePage.<init>(HomePage.java:31)
	at com.selenium.ebiz.PAGEOBJECT.LoginPage.clickSignInButton(LoginPage.java:415)
	at com.selenium.ebiz.PAGEOBJECT.LoginPage.loginToHdSupplySite(LoginPage.java:428)
	at com.selenium.ebiz.AccountManagement.LOGIN.LoginFromBrowsePage_WORKING.VerifyLoginFromBrowsePageTest(LoginFromBrowsePage_WORKING.java:58)
Caused by: org.openqa.selenium.NoSuchElementException: no such element: Unable to locate element: {"method":"xpath","selector":"//div[@class='account-snapshot__welcome-inner']/span"}
  (Session info: chrome=69.0.3497.100)
  (Driver info: chromedriver=2.41.578737 (49da6702b16031c40d63e5618de03a32ff6c197e),platform=Windows NT 6.1.7601 SP1 x86_64) (WARNING: The server did not provide any stacktrace information)
Command duration or timeout: 70.01 seconds
For documentation on this error, please visit: http://seleniumhq.org/exceptions/no_such_element.html
Build info: version: '3.4.0', revision: 'unknown', time: 'unknown'
System info: host: 'W7VDIHPQC16WPL', ip: '10.224.150.211', os.name: 'Windows 7', os.arch: 'amd64', os.version: '6.1', java.version: '10.0.1'
Driver info: org.openqa.selenium.chrome.ChromeDriver
Capabilities [{mobileEmulationEnabled=false, hasTouchScreen=false, platform=XP, acceptSslCerts=false, goog:chromeOptions={debuggerAddress=localhost:52544}, acceptInsecureCerts=false, webStorageEnabled=true, browserName=chrome, takesScreenshot=true, javascriptEnabled=true, setWindowRect=true, unexpectedAlertBehaviour=, applicationCacheEnabled=false, rotatable=false, networkConnectionEnabled=false, chrome={chromedriverVersion=2.41.578737 (49da6702b16031c40d63e5618de03a32ff6c197e), userDataDir=C:\Users\dj073227\AppData\Local\Temp\scoped_dir5760_7125}, takesHeapSnapshot=true, pageLoadStrategy=normal, databaseEnabled=false, handlesAlerts=true, version=69.0.3497.100, browserConnectionEnabled=false, nativeEvents=true, locationContextEnabled=true, cssSelectorsEnabled=true}]
Session ID: 6cd5b3156aeb6479c35088c986f817d3
*** Element info: {Using=xpath, value=//div[@class='account-snapshot__welcome-inner']/span}
	at org.openqa.selenium.remote.ErrorHandler.createThrowable(ErrorHandler.java:215)
	at org.openqa.selenium.remote.ErrorHandler.throwIfResponseFailed(ErrorHandler.java:167)
	at org.openqa.selenium.remote.RemoteWebDriver.execute(RemoteWebDriver.java:671)
	at org.openqa.selenium.remote.RemoteWebDriver.findElement(RemoteWebDriver.java:410)
	at org.openqa.selenium.remote.RemoteWebDriver.findElementByXPath(RemoteWebDriver.java:509)
	at org.openqa.selenium.By$ByXPath.findElement(By.java:361)
	at org.openqa.selenium.remote.RemoteWebDriver.findElement(RemoteWebDriver.java:402)
	at org.openqa.selenium.support.events.EventFiringWebDriver$2.invoke(EventFiringWebDriver.java:104)
	at com.sun.proxy.$Proxy11.findElement(Unknown Source)
	at org.openqa.selenium.support.events.EventFiringWebDriver.findElement(EventFiringWebDriver.java:188)
	at org.openqa.selenium.support.pagefactory.DefaultElementLocator.findElement(DefaultElementLocator.java:69)
	at org.openqa.selenium.support.pagefactory.internal.LocatingElementHandler.invoke(LocatingElementHandler.java:38)
	at com.sun.proxy.$Proxy13.isDisplayed(Unknown Source)
	at org.openqa.selenium.support.ui.ExpectedConditions.elementIfVisible(ExpectedConditions.java:302)
	at org.openqa.selenium.support.ui.ExpectedConditions.access$100(ExpectedConditions.java:44)
	at org.openqa.selenium.support.ui.ExpectedConditions$10.apply(ExpectedConditions.java:288)
	at org.openqa.selenium.support.ui.ExpectedConditions$10.apply(ExpectedConditions.java:285)
	at org.openqa.selenium.support.ui.FluentWait.until(FluentWait.java:209)
	... 29 more
... Removed 32 stack frames]]>
    </failure>
  </testcase> <!-- VerifyLoginFromBrowsePageTest -->
  <testcase classname="com.selenium.ebiz.AccountManagement.LOGIN.HomePageLoggedInUser_WORKING" name="displayHomePageForAuthenticatedUserTest" time="0.05">
    <failure type="java.lang.AssertionError" message="expected [true] but found [false]">
      <![CDATA[java.lang.AssertionError: expected [true] but found [false]
	at com.selenium.ebiz.AccountManagement.LOGIN.HomePageLoggedInUser_WORKING.displayHomePageForAuthenticatedUserTest(HomePageLoggedInUser_WORKING.java:46)
... Removed 29 stack frames]]>
    </failure>
  </testcase> <!-- displayHomePageForAuthenticatedUserTest -->
  <testcase classname="com.selenium.ebiz.AccountManagement.LOGIN.ForgotPasswordGuestUser_NOTWORKING" name="forgotPasswordonSignInUnauthenticatedUser" time="90.06">
    <failure type="org.openqa.selenium.NoSuchElementException" message="no such element: Unable to locate element: {&amp;quot;method&amp;quot;:&amp;quot;xpath&amp;quot;,&amp;quot;selector&amp;quot;:&amp;quot;//*[@id=&amp;quot;page&amp;quot;]/div[3]/div/div/div/div/div[1]/div/div[1]/h3&amp;quot;}
  (Session info: chrome=69.0.3497.100)
  (Driver info: chromedriver=2.41.578737 (49da6702b16031c40d63e5618de03a32ff6c197e),platform=Windows NT 6.1.7601 SP1 x86_64) (WARNING: The server did not provide any stacktrace information)
Command duration or timeout: 70.03 seconds
For documentation on this error, please visit: http://seleniumhq.org/exceptions/no_such_element.html
Build info: version: &amp;apos;3.4.0&amp;apos;, revision: &amp;apos;unknown&amp;apos;, time: &amp;apos;unknown&amp;apos;
System info: host: &amp;apos;W7VDIHPQC16WPL&amp;apos;, ip: &amp;apos;10.224.150.211&amp;apos;, os.name: &amp;apos;Windows 7&amp;apos;, os.arch: &amp;apos;amd64&amp;apos;, os.version: &amp;apos;6.1&amp;apos;, java.version: &amp;apos;10.0.1&amp;apos;
Driver info: org.openqa.selenium.chrome.ChromeDriver
Capabilities [{mobileEmulationEnabled=false, hasTouchScreen=false, platform=XP, acceptSslCerts=false, goog:chromeOptions={debuggerAddress=localhost:52739}, acceptInsecureCerts=false, webStorageEnabled=true, browserName=chrome, takesScreenshot=true, javascriptEnabled=true, setWindowRect=true, unexpectedAlertBehaviour=, applicationCacheEnabled=false, rotatable=false, networkConnectionEnabled=false, chrome={chromedriverVersion=2.41.578737 (49da6702b16031c40d63e5618de03a32ff6c197e), userDataDir=C:\Users\dj073227\AppData\Local\Temp\scoped_dir4168_27898}, takesHeapSnapshot=true, pageLoadStrategy=normal, databaseEnabled=false, handlesAlerts=true, version=69.0.3497.100, browserConnectionEnabled=false, nativeEvents=true, locationContextEnabled=true, cssSelectorsEnabled=true}]
Session ID: c3133cdd7896ccf7a21b4ac315841ded
*** Element info: {Using=xpath, value=//*[@id=&amp;quot;page&amp;quot;]/div[3]/div/div/div/div/div[1]/div/div[1]/h3}">
      <![CDATA[org.openqa.selenium.NoSuchElementException: no such element: Unable to locate element: {"method":"xpath","selector":"//*[@id="page"]/div[3]/div/div/div/div/div[1]/div/div[1]/h3"}
  (Session info: chrome=69.0.3497.100)
  (Driver info: chromedriver=2.41.578737 (49da6702b16031c40d63e5618de03a32ff6c197e),platform=Windows NT 6.1.7601 SP1 x86_64) (WARNING: The server did not provide any stacktrace information)
Command duration or timeout: 70.03 seconds
For documentation on this error, please visit: http://seleniumhq.org/exceptions/no_such_element.html
Build info: version: '3.4.0', revision: 'unknown', time: 'unknown'
System info: host: 'W7VDIHPQC16WPL', ip: '10.224.150.211', os.name: 'Windows 7', os.arch: 'amd64', os.version: '6.1', java.version: '10.0.1'
Driver info: org.openqa.selenium.chrome.ChromeDriver
Capabilities [{mobileEmulationEnabled=false, hasTouchScreen=false, platform=XP, acceptSslCerts=false, goog:chromeOptions={debuggerAddress=localhost:52739}, acceptInsecureCerts=false, webStorageEnabled=true, browserName=chrome, takesScreenshot=true, javascriptEnabled=true, setWindowRect=true, unexpectedAlertBehaviour=, applicationCacheEnabled=false, rotatable=false, networkConnectionEnabled=false, chrome={chromedriverVersion=2.41.578737 (49da6702b16031c40d63e5618de03a32ff6c197e), userDataDir=C:\Users\dj073227\AppData\Local\Temp\scoped_dir4168_27898}, takesHeapSnapshot=true, pageLoadStrategy=normal, databaseEnabled=false, handlesAlerts=true, version=69.0.3497.100, browserConnectionEnabled=false, nativeEvents=true, locationContextEnabled=true, cssSelectorsEnabled=true}]
Session ID: c3133cdd7896ccf7a21b4ac315841ded
*** Element info: {Using=xpath, value=//*[@id="page"]/div[3]/div/div/div/div/div[1]/div/div[1]/h3}
	at org.openqa.selenium.remote.ErrorHandler.createThrowable(ErrorHandler.java:215)
	at org.openqa.selenium.remote.ErrorHandler.throwIfResponseFailed(ErrorHandler.java:167)
	at org.openqa.selenium.remote.RemoteWebDriver.execute(RemoteWebDriver.java:671)
	at org.openqa.selenium.remote.RemoteWebDriver.findElement(RemoteWebDriver.java:410)
	at org.openqa.selenium.remote.RemoteWebDriver.findElementByXPath(RemoteWebDriver.java:509)
	at org.openqa.selenium.By$ByXPath.findElement(By.java:361)
	at org.openqa.selenium.remote.RemoteWebDriver.findElement(RemoteWebDriver.java:402)
	at org.openqa.selenium.support.events.EventFiringWebDriver$2.invoke(EventFiringWebDriver.java:104)
	at com.sun.proxy.$Proxy11.findElement(Unknown Source)
	at org.openqa.selenium.support.events.EventFiringWebDriver.findElement(EventFiringWebDriver.java:188)
	at org.openqa.selenium.support.pagefactory.DefaultElementLocator.findElement(DefaultElementLocator.java:69)
	at org.openqa.selenium.support.pagefactory.internal.LocatingElementHandler.invoke(LocatingElementHandler.java:38)
	at com.sun.proxy.$Proxy13.getText(Unknown Source)
	at com.selenium.ebiz.PAGEOBJECT.AccountRetrievalPage.AccountRetrievalCredentialsSendSuccesPage(AccountRetrievalPage.java:113)
	at com.selenium.ebiz.AccountManagement.LOGIN.ForgotPasswordGuestUser_NOTWORKING.forgotPasswordonSignInUnauthenticatedUser(ForgotPasswordGuestUser_NOTWORKING.java:95)
... Removed 32 stack frames]]>
    </failure>
  </testcase> <!-- forgotPasswordonSignInUnauthenticatedUser -->
  <testcase classname="com.selenium.ebiz.AccountManagement.LOGIN.HomePageContentImageCarousel_WORKING" name="heroImageCarouselScroll" time="27.673"/>
  <testcase classname="com.selenium.ebiz.AccountManagement.LOGIN.HomePageLeftNavCategoriesLoggedInUser_WORKING" name="leftNavCategoryValidation" time="0.094">
    <failure type="org.openqa.selenium.InvalidElementStateException" message="invalid element state: Element is not currently interactable and may not be manipulated
  (Session info: chrome=69.0.3497.100)
  (Driver info: chromedriver=2.41.578737 (49da6702b16031c40d63e5618de03a32ff6c197e),platform=Windows NT 6.1.7601 SP1 x86_64) (WARNING: The server did not provide any stacktrace information)
Command duration or timeout: 10 milliseconds
Build info: version: &amp;apos;3.4.0&amp;apos;, revision: &amp;apos;unknown&amp;apos;, time: &amp;apos;unknown&amp;apos;
System info: host: &amp;apos;W7VDIHPQC16WPL&amp;apos;, ip: &amp;apos;10.224.150.211&amp;apos;, os.name: &amp;apos;Windows 7&amp;apos;, os.arch: &amp;apos;amd64&amp;apos;, os.version: &amp;apos;6.1&amp;apos;, java.version: &amp;apos;10.0.1&amp;apos;
Driver info: org.openqa.selenium.chrome.ChromeDriver
Capabilities [{mobileEmulationEnabled=false, hasTouchScreen=false, platform=XP, acceptSslCerts=false, goog:chromeOptions={debuggerAddress=localhost:52830}, acceptInsecureCerts=false, webStorageEnabled=true, browserName=chrome, takesScreenshot=true, javascriptEnabled=true, setWindowRect=true, unexpectedAlertBehaviour=, applicationCacheEnabled=false, rotatable=false, networkConnectionEnabled=false, chrome={chromedriverVersion=2.41.578737 (49da6702b16031c40d63e5618de03a32ff6c197e), userDataDir=C:\Users\dj073227\AppData\Local\Temp\scoped_dir19868_4361}, takesHeapSnapshot=true, pageLoadStrategy=normal, databaseEnabled=false, handlesAlerts=true, version=69.0.3497.100, browserConnectionEnabled=false, nativeEvents=true, locationContextEnabled=true, cssSelectorsEnabled=true}]
Session ID: e7af907d62aa95673c56b8e14d1fd926">
      <![CDATA[org.openqa.selenium.InvalidElementStateException: invalid element state: Element is not currently interactable and may not be manipulated
  (Session info: chrome=69.0.3497.100)
  (Driver info: chromedriver=2.41.578737 (49da6702b16031c40d63e5618de03a32ff6c197e),platform=Windows NT 6.1.7601 SP1 x86_64) (WARNING: The server did not provide any stacktrace information)
Command duration or timeout: 10 milliseconds
Build info: version: '3.4.0', revision: 'unknown', time: 'unknown'
System info: host: 'W7VDIHPQC16WPL', ip: '10.224.150.211', os.name: 'Windows 7', os.arch: 'amd64', os.version: '6.1', java.version: '10.0.1'
Driver info: org.openqa.selenium.chrome.ChromeDriver
Capabilities [{mobileEmulationEnabled=false, hasTouchScreen=false, platform=XP, acceptSslCerts=false, goog:chromeOptions={debuggerAddress=localhost:52830}, acceptInsecureCerts=false, webStorageEnabled=true, browserName=chrome, takesScreenshot=true, javascriptEnabled=true, setWindowRect=true, unexpectedAlertBehaviour=, applicationCacheEnabled=false, rotatable=false, networkConnectionEnabled=false, chrome={chromedriverVersion=2.41.578737 (49da6702b16031c40d63e5618de03a32ff6c197e), userDataDir=C:\Users\dj073227\AppData\Local\Temp\scoped_dir19868_4361}, takesHeapSnapshot=true, pageLoadStrategy=normal, databaseEnabled=false, handlesAlerts=true, version=69.0.3497.100, browserConnectionEnabled=false, nativeEvents=true, locationContextEnabled=true, cssSelectorsEnabled=true}]
Session ID: e7af907d62aa95673c56b8e14d1fd926
	at org.openqa.selenium.remote.ErrorHandler.createThrowable(ErrorHandler.java:215)
	at org.openqa.selenium.remote.ErrorHandler.throwIfResponseFailed(ErrorHandler.java:167)
	at org.openqa.selenium.remote.RemoteWebDriver.execute(RemoteWebDriver.java:671)
	at org.openqa.selenium.remote.RemoteWebElement.execute(RemoteWebElement.java:272)
	at org.openqa.selenium.remote.RemoteWebElement.clear(RemoteWebElement.java:114)
	at org.openqa.selenium.support.events.EventFiringWebDriver$EventFiringWebElement$1.invoke(EventFiringWebDriver.java:332)
	at com.sun.proxy.$Proxy14.clear(Unknown Source)
	at org.openqa.selenium.support.events.EventFiringWebDriver$EventFiringWebElement.clear(EventFiringWebDriver.java:361)
	at org.openqa.selenium.support.pagefactory.internal.LocatingElementHandler.invoke(LocatingElementHandler.java:51)
	at com.sun.proxy.$Proxy13.clear(Unknown Source)
	at com.selenium.ebiz.PAGEOBJECT.LoginPage.enterUserName(LoginPage.java:395)
	at com.selenium.ebiz.PAGEOBJECT.LoginPage.loginToHdSupplySite(LoginPage.java:426)
	at com.selenium.ebiz.AccountManagement.LOGIN.HomePageLeftNavCategoriesLoggedInUser_WORKING.leftNavCategoryValidation(HomePageLeftNavCategoriesLoggedInUser_WORKING.java:48)
... Removed 35 stack frames]]>
    </failure>
  </testcase> <!-- leftNavCategoryValidation -->
  <testcase classname="com.selenium.ebiz.AccountManagement.LOGIN.GenericSalesRepInfoLoggedInUser_NOTWORKING" name="verifyGenericSalesRepInformation" time="24.441">
    <failure type="java.lang.AssertionError" message="expected [true] but found [false]">
      <![CDATA[java.lang.AssertionError: expected [true] but found [false]
	at com.selenium.ebiz.AccountManagement.LOGIN.GenericSalesRepInfoLoggedInUser_NOTWORKING.verifyGenericSalesRepInformation(GenericSalesRepInfoLoggedInUser_NOTWORKING.java:51)
... Removed 29 stack frames]]>
    </failure>
  </testcase> <!-- verifyGenericSalesRepInformation -->
  <testcase classname="com.selenium.ebiz.AccountManagement.LOGIN.HomepageForLoggedInUserwithWinRel_WORKING" name="displayHomePageForCobrandUserTest" time="14.962"/>
  <testcase classname="com.selenium.ebiz.AccountManagement.LOGIN.HomePageContentHeroLoggedInUser_WORKING" name="validateContentHerosDisplay" time="5.869"/>
  <testcase classname="com.selenium.ebiz.AccountManagement.LOGIN.LoginTestAllScenarios_WORKING" name="verifyCopyrightMessage" time="0.155"/>
  <testcase classname="com.selenium.ebiz.AccountManagement.LOGIN.HomePageAuthenticatedUser_NOTWORKING" name="verifyFooterLinksTest" time="0.176"/>
  <testcase classname="com.selenium.ebiz.AccountManagement.LOGIN.LoginTestAllScenarios_WORKING" name="verifyCredentialsWhileLogin" time="6.745"/>
  <testcase classname="com.selenium.ebiz.AccountManagement.LOGIN.HomePageAuthenticatedUser_NOTWORKING" name="verifySocialNetworkLinksTest" time="0.197"/>
  <testcase classname="com.selenium.ebiz.AccountManagement.LOGIN.LoginTestAllScenarios_WORKING" name="loginWithIncorrectPasswordTest" time="5.992"/>
  <testcase classname="com.selenium.ebiz.AccountManagement.LOGIN.HomePageAuthenticatedUser_NOTWORKING" name="verifyHDSupplyLogoTest" time="0.036"/>
  <testcase classname="com.selenium.ebiz.AccountManagement.LOGIN.LoginTestAllScenarios_WORKING" name="loginWithInvalidUsernameTest" time="1.104"/>
  <testcase classname="com.selenium.ebiz.AccountManagement.LOGIN.HomePageAuthenticatedUser_NOTWORKING" name="verifyOnceOrderSection" time="37.666"/>
  <testcase classname="com.selenium.ebiz.AccountManagement.LOGIN.LoginTestAllScenarios_WORKING" name="loginWithEmptyPasswordTest" time="2.658"/>
  <testcase classname="com.selenium.ebiz.AccountManagement.LOGIN.HomePageAuthenticatedUser_NOTWORKING" name="searchByKeywordOrPartNumber" time="47.401"/>
  <testcase classname="com.selenium.ebiz.AccountManagement.LOGIN.LoginTestAllScenarios_WORKING" name="loginWithEmptyUsernameTest" time="0.667"/>
  <testcase classname="com.selenium.ebiz.AccountManagement.LOGIN.HomePageAuthenticatedUser_NOTWORKING" name="moveToOfferPage" time="5.298"/>
  <testcase classname="com.selenium.ebiz.AccountManagement.LOGIN.HomePageAuthenticatedUser_NOTWORKING" name="verifyResourcesFlyout" time="70.203">
    <failure type="org.openqa.selenium.NoSuchElementException" message="no such element: Unable to locate element: {&amp;quot;method&amp;quot;:&amp;quot;xpath&amp;quot;,&amp;quot;selector&amp;quot;:&amp;quot;//div[@id=&amp;apos;content_HdsHeaderResourcesFlyoutContent&amp;apos;]&amp;quot;}
  (Session info: chrome=69.0.3497.100)
  (Driver info: chromedriver=2.41.578737 (49da6702b16031c40d63e5618de03a32ff6c197e),platform=Windows NT 6.1.7601 SP1 x86_64) (WARNING: The server did not provide any stacktrace information)
Command duration or timeout: 70.06 seconds
For documentation on this error, please visit: http://seleniumhq.org/exceptions/no_such_element.html
Build info: version: &amp;apos;3.4.0&amp;apos;, revision: &amp;apos;unknown&amp;apos;, time: &amp;apos;unknown&amp;apos;
System info: host: &amp;apos;W7VDIHPQC16WPL&amp;apos;, ip: &amp;apos;10.224.150.211&amp;apos;, os.name: &amp;apos;Windows 7&amp;apos;, os.arch: &amp;apos;amd64&amp;apos;, os.version: &amp;apos;6.1&amp;apos;, java.version: &amp;apos;10.0.1&amp;apos;
Driver info: org.openqa.selenium.chrome.ChromeDriver
Capabilities [{mobileEmulationEnabled=false, hasTouchScreen=false, platform=XP, acceptSslCerts=false, goog:chromeOptions={debuggerAddress=localhost:53605}, acceptInsecureCerts=false, webStorageEnabled=true, browserName=chrome, takesScreenshot=true, javascriptEnabled=true, setWindowRect=true, unexpectedAlertBehaviour=, applicationCacheEnabled=false, rotatable=false, networkConnectionEnabled=false, chrome={chromedriverVersion=2.41.578737 (49da6702b16031c40d63e5618de03a32ff6c197e), userDataDir=C:\Users\dj073227\AppData\Local\Temp\scoped_dir19252_2691}, takesHeapSnapshot=true, pageLoadStrategy=normal, databaseEnabled=false, handlesAlerts=true, version=69.0.3497.100, browserConnectionEnabled=false, nativeEvents=true, locationContextEnabled=true, cssSelectorsEnabled=true}]
Session ID: 777623e52bae876bbb95bfc3d522ae7d
*** Element info: {Using=xpath, value=//div[@id=&amp;apos;content_HdsHeaderResourcesFlyoutContent&amp;apos;]}">
      <![CDATA[org.openqa.selenium.NoSuchElementException: no such element: Unable to locate element: {"method":"xpath","selector":"//div[@id='content_HdsHeaderResourcesFlyoutContent']"}
  (Session info: chrome=69.0.3497.100)
  (Driver info: chromedriver=2.41.578737 (49da6702b16031c40d63e5618de03a32ff6c197e),platform=Windows NT 6.1.7601 SP1 x86_64) (WARNING: The server did not provide any stacktrace information)
Command duration or timeout: 70.06 seconds
For documentation on this error, please visit: http://seleniumhq.org/exceptions/no_such_element.html
Build info: version: '3.4.0', revision: 'unknown', time: 'unknown'
System info: host: 'W7VDIHPQC16WPL', ip: '10.224.150.211', os.name: 'Windows 7', os.arch: 'amd64', os.version: '6.1', java.version: '10.0.1'
Driver info: org.openqa.selenium.chrome.ChromeDriver
Capabilities [{mobileEmulationEnabled=false, hasTouchScreen=false, platform=XP, acceptSslCerts=false, goog:chromeOptions={debuggerAddress=localhost:53605}, acceptInsecureCerts=false, webStorageEnabled=true, browserName=chrome, takesScreenshot=true, javascriptEnabled=true, setWindowRect=true, unexpectedAlertBehaviour=, applicationCacheEnabled=false, rotatable=false, networkConnectionEnabled=false, chrome={chromedriverVersion=2.41.578737 (49da6702b16031c40d63e5618de03a32ff6c197e), userDataDir=C:\Users\dj073227\AppData\Local\Temp\scoped_dir19252_2691}, takesHeapSnapshot=true, pageLoadStrategy=normal, databaseEnabled=false, handlesAlerts=true, version=69.0.3497.100, browserConnectionEnabled=false, nativeEvents=true, locationContextEnabled=true, cssSelectorsEnabled=true}]
Session ID: 777623e52bae876bbb95bfc3d522ae7d
*** Element info: {Using=xpath, value=//div[@id='content_HdsHeaderResourcesFlyoutContent']}
	at org.openqa.selenium.remote.ErrorHandler.createThrowable(ErrorHandler.java:215)
	at org.openqa.selenium.remote.ErrorHandler.throwIfResponseFailed(ErrorHandler.java:167)
	at org.openqa.selenium.remote.RemoteWebDriver.execute(RemoteWebDriver.java:671)
	at org.openqa.selenium.remote.RemoteWebDriver.findElement(RemoteWebDriver.java:410)
	at org.openqa.selenium.remote.RemoteWebDriver.findElementByXPath(RemoteWebDriver.java:509)
	at org.openqa.selenium.By$ByXPath.findElement(By.java:361)
	at org.openqa.selenium.remote.RemoteWebDriver.findElement(RemoteWebDriver.java:402)
	at org.openqa.selenium.support.events.EventFiringWebDriver$2.invoke(EventFiringWebDriver.java:104)
	at com.sun.proxy.$Proxy11.findElement(Unknown Source)
	at org.openqa.selenium.support.events.EventFiringWebDriver.findElement(EventFiringWebDriver.java:188)
	at org.openqa.selenium.support.pagefactory.DefaultElementLocator.findElement(DefaultElementLocator.java:69)
	at org.openqa.selenium.support.pagefactory.internal.LocatingElementHandler.invoke(LocatingElementHandler.java:38)
	at com.sun.proxy.$Proxy13.isDisplayed(Unknown Source)
	at com.selenium.ebiz.PAGEOBJECT.HomePage.isResourceFlyoutDisplayed(HomePage.java:2253)
	at com.selenium.ebiz.AccountManagement.LOGIN.HomePageAuthenticatedUser_NOTWORKING.verifyResourcesFlyout(HomePageAuthenticatedUser_NOTWORKING.java:154)
... Removed 32 stack frames]]>
    </failure>
  </testcase> <!-- verifyResourcesFlyout -->
  <testcase classname="com.selenium.ebiz.AccountManagement.LOGIN.LoginTestAllScenarios_WORKING" name="verifyFooterLinksTest" time="0.348"/>
  <testcase classname="com.selenium.ebiz.AccountManagement.LOGIN.HomePageAuthenticatedUser_NOTWORKING" name="moveToEcatalogPage" time="5.648"/>
  <testcase classname="com.selenium.ebiz.AccountManagement.LOGIN.LoginTestAllScenarios_WORKING" name="validateGuestContentHero" time="0.457"/>
  <testcase classname="com.selenium.ebiz.AccountManagement.LOGIN.HomePageAuthenticatedUser_NOTWORKING" name="verifySalesRep" time="6.53">
    <failure type="java.lang.AssertionError" message="expected [true] but found [false]">
      <![CDATA[java.lang.AssertionError: expected [true] but found [false]
	at com.selenium.ebiz.AccountManagement.LOGIN.HomePageAuthenticatedUser_NOTWORKING.verifySalesRep(HomePageAuthenticatedUser_NOTWORKING.java:179)
... Removed 29 stack frames]]>
    </failure>
  </testcase> <!-- verifySalesRep -->
  <testcase classname="com.selenium.ebiz.AccountManagement.LOGIN.LoginTestAllScenarios_WORKING" name="verifyContentRecommandationForUnauthenticatedUser" time="0.37"/>
  <testcase classname="com.selenium.ebiz.AccountManagement.LOGIN.LoginTestAllScenarios_WORKING" name="verifyLearnSomethingNew" time="0.313"/>
  <testcase classname="com.selenium.ebiz.AccountManagement.LOGIN.LoginTestAllScenarios_WORKING" name="displayHomePageForUnAuthenticatedUserTest" time="0.394"/>
</testsuite> <!-- Test -->
