<?xml version="1.0" encoding="UTF-8"?>
<!-- Generated by org.testng.reporters.JUnitXMLReporter -->
<testsuite hostname="W7VDIHPQC16WPL" ignored="0" name="Test Run" tests="16" failures="0" timestamp="22 Jan 2019 15:49:29 GMT" time="0.793" errors="0">
  <testcase name="@BeforeClass sauceBrowserDataProvider" time="0.031" classname="com.selenium.ebiz.baseclass.BaseClassV8_ParallelGrid">
    <failure type="java.lang.IllegalArgumentException" message="wrong number of arguments">
      <![CDATA[java.lang.IllegalArgumentException: wrong number of arguments
	at sun.reflect.NativeMethodAccessorImpl.invoke0(Native Method)
	at sun.reflect.NativeMethodAccessorImpl.invoke(Unknown Source)
	at sun.reflect.DelegatingMethodAccessorImpl.invoke(Unknown Source)
	at java.lang.reflect.Method.invoke(Unknown Source)
	at org.testng.internal.MethodInvocationHelper.invokeMethod(MethodInvocationHelper.java:108)
	at org.testng.internal.Invoker.invokeConfigurationMethod(Invoker.java:523)
	at org.testng.internal.Invoker.invokeConfigurations(Invoker.java:224)
	at org.testng.internal.Invoker.invokeConfigurations(Invoker.java:146)
	at org.testng.internal.TestMethodWorker.invokeBeforeClassMethods(TestMethodWorker.java:166)
	at org.testng.internal.TestMethodWorker.run(TestMethodWorker.java:105)
	at org.testng.TestRunner.privateRun(TestRunner.java:744)
	at org.testng.TestRunner.run(TestRunner.java:602)
	at org.testng.SuiteRunner.runTest(SuiteRunner.java:380)
	at org.testng.SuiteRunner.runSequentially(SuiteRunner.java:375)
	at org.testng.SuiteRunner.privateRun(SuiteRunner.java:340)
	at org.testng.SuiteRunner.run(SuiteRunner.java:289)
	at org.testng.SuiteRunnerWorker.runSuite(SuiteRunnerWorker.java:52)
	at org.testng.SuiteRunnerWorker.run(SuiteRunnerWorker.java:86)
	at org.testng.TestNG.runSuitesSequentially(TestNG.java:1301)
	at org.testng.TestNG.runSuitesLocally(TestNG.java:1226)
	at org.testng.TestNG.runSuites(TestNG.java:1144)
	at org.testng.TestNG.run(TestNG.java:1115)
	at org.testng.remote.AbstractRemoteTestNG.run(AbstractRemoteTestNG.java:114)
	at org.testng.remote.RemoteTestNG.initAndRun(RemoteTestNG.java:251)
	at org.testng.remote.RemoteTestNG.main(RemoteTestNG.java:77)
]]>
    </failure>
  </testcase> <!-- @BeforeClass sauceBrowserDataProvider -->
  <testcase name="@AfterClass teardown" time="0.0" classname="com.selenium.ebiz.baseclass.BaseClassV8_ParallelGrid">
    <skipped/>
  </testcase> <!-- @AfterClass teardown -->
  <testcase name="testLogin" time="0.0" classname="com.selenium.ebiz.smoketest.SmokeTest_End_To_End_Scenario_1_New_V8_Grid">
    <skipped/>
  </testcase> <!-- testLogin -->
  <testcase name="testClearCart" time="0.0" classname="com.selenium.ebiz.smoketest.SmokeTest_End_To_End_Scenario_1_New_V8_Grid">
    <skipped/>
  </testcase> <!-- testClearCart -->
  <testcase name="test_searchByProductNumber" time="0.0" classname="com.selenium.ebiz.smoketest.SmokeTest_End_To_End_Scenario_1_New_V8_Grid">
    <skipped/>
  </testcase> <!-- test_searchByProductNumber -->
  <testcase name="test_AddProductFromPDP" time="0.0" classname="com.selenium.ebiz.smoketest.SmokeTest_End_To_End_Scenario_1_New_V8_Grid">
    <skipped/>
  </testcase> <!-- test_AddProductFromPDP -->
  <testcase name="test_SearchByProductDesc" time="0.0" classname="com.selenium.ebiz.smoketest.SmokeTest_End_To_End_Scenario_1_New_V8_Grid">
    <skipped/>
  </testcase> <!-- test_SearchByProductDesc -->
  <testcase name="test_AddProductFromPLP" time="0.0" classname="com.selenium.ebiz.smoketest.SmokeTest_End_To_End_Scenario_1_New_V8_Grid">
    <skipped/>
  </testcase> <!-- test_AddProductFromPLP -->
  <testcase name="test_clickOnShoppingCartIcon" time="0.0" classname="com.selenium.ebiz.smoketest.SmokeTest_End_To_End_Scenario_1_New_V8_Grid">
    <skipped/>
  </testcase> <!-- test_clickOnShoppingCartIcon -->
  <testcase name="test_quickOrderFromShoppingCart" time="0.0" classname="com.selenium.ebiz.smoketest.SmokeTest_End_To_End_Scenario_1_New_V8_Grid">
    <skipped/>
  </testcase> <!-- test_quickOrderFromShoppingCart -->
  <testcase name="test_VerifyisDeliveryMessageDisplayed" time="0.0" classname="com.selenium.ebiz.smoketest.SmokeTest_End_To_End_Scenario_1_New_V8_Grid">
    <skipped/>
  </testcase> <!-- test_VerifyisDeliveryMessageDisplayed -->
  <testcase name="test_addToSavedListFromShoppingCart" time="0.0" classname="com.selenium.ebiz.smoketest.SmokeTest_End_To_End_Scenario_1_New_V8_Grid">
    <skipped/>
  </testcase> <!-- test_addToSavedListFromShoppingCart -->
  <testcase name="test_createNewSavedList" time="0.0" classname="com.selenium.ebiz.smoketest.SmokeTest_End_To_End_Scenario_1_New_V8_Grid">
    <skipped/>
  </testcase> <!-- test_createNewSavedList -->
  <testcase name="test_validatePrintBinLabels" time="0.0" classname="com.selenium.ebiz.smoketest.SmokeTest_End_To_End_Scenario_1_New_V8_Grid">
    <skipped/>
  </testcase> <!-- test_validatePrintBinLabels -->
  <testcase name="test_navigateToShoppingCart" time="0.0" classname="com.selenium.ebiz.smoketest.SmokeTest_End_To_End_Scenario_1_New_V8_Grid">
    <skipped/>
  </testcase> <!-- test_navigateToShoppingCart -->
  <testcase name="test_addPaymentAndCheckoutPage" time="0.0" classname="com.selenium.ebiz.smoketest.SmokeTest_End_To_End_Scenario_1_New_V8_Grid">
    <skipped/>
  </testcase> <!-- test_addPaymentAndCheckoutPage -->
  <testcase name="test_placeWebOrder" time="0.0" classname="com.selenium.ebiz.smoketest.SmokeTest_End_To_End_Scenario_1_New_V8_Grid">
    <skipped/>
  </testcase> <!-- test_placeWebOrder -->
  <testcase name="test_ValidateWebOrderNumber" time="0.0" classname="com.selenium.ebiz.smoketest.SmokeTest_End_To_End_Scenario_1_New_V8_Grid">
    <skipped/>
  </testcase> <!-- test_ValidateWebOrderNumber -->
</testsuite> <!-- Test Run -->
