<html>
<head>
<title>TestNG:  Add To Cart Regression Tests</title>
<link href="../testng.css" rel="stylesheet" type="text/css" />
<link href="../my-testng.css" rel="stylesheet" type="text/css" />

<style type="text/css">
.log { display: none;} 
.stack-trace { display: none;} 
</style>
<script type="text/javascript">
<!--
function flip(e) {
  current = e.style.display;
  if (current == 'block') {
    e.style.display = 'none';
    return 0;
  }
  else {
    e.style.display = 'block';
    return 1;
  }
}

function toggleBox(szDivId, elem, msg1, msg2)
{
  var res = -1;  if (document.getElementById) {
    res = flip(document.getElementById(szDivId));
  }
  else if (document.all) {
    // this is the way old msie versions work
    res = flip(document.all[szDivId]);
  }
  if(elem) {
    if(res == 0) elem.innerHTML = msg1; else elem.innerHTML = msg2;
  }

}

function toggleAllBoxes() {
  if (document.getElementsByTagName) {
    d = document.getElementsByTagName('div');
    for (i = 0; i < d.length; i++) {
      if (d[i].className == 'log') {
        flip(d[i]);
      }
    }
  }
}

// -->
</script>

</head>
<body>
<h2 align='center'>Add To Cart Regression Tests</h2><table border='1' align="center">
<tr>
<td>Tests passed/Failed/Skipped:</td><td>8/1/1</td>
</tr><tr>
<td>Started on:</td><td>Thu Mar 28 12:45:09 IST 2019</td>
</tr>
<tr><td>Total time:</td><td>157 seconds (157798 ms)</td>
</tr><tr>
<td>Included groups:</td><td></td>
</tr><tr>
<td>Excluded groups:</td><td></td>
</tr>
</table><p/>
<small><i>(Hover the method name to see the test class name)</i></small><p/>
<table width='100%' border='1' class='invocation-failed'>
<tr><td colspan='4' align='center'><b>FAILED TESTS</b></td></tr>
<tr><td><b>Test method</b></td>
<td width="30%"><b>Exception</b></td>
<td width="10%"><b>Time (seconds)</b></td>
<td><b>Instance</b></td>
</tr>
<tr>
<td title='com.selenium.ebiz.add_to_cart.grid_tests_add_to_cart.VerifyItemAddedToCartFromSaveListSummary_Grid.addtocart_VerifyItemAddedToCartFromSaveListSummary()'><b>addtocart_VerifyItemAddedToCartFromSaveListSummary</b><br>Test class: com.selenium.ebiz.add_to_cart.grid_tests_add_to_cart.VerifyItemAddedToCartFromSaveListSummary_Grid<br>Test method: Verify Item Added To Cart From Save List Summary<br>Parameters: chrome, 67.0, Windows 10</td>
<td><div><pre>java.lang.IllegalArgumentException: wrong number of arguments
	at sun.reflect.NativeMethodAccessorImpl.invoke0(Native Method)
	at sun.reflect.NativeMethodAccessorImpl.invoke(Unknown Source)
	at sun.reflect.DelegatingMethodAccessorImpl.invoke(Unknown Source)
	at java.lang.reflect.Method.invoke(Unknown Source)
	at org.testng.internal.MethodInvocationHelper.invokeMethod(MethodInvocationHelper.java:108)
	at org.testng.internal.Invoker.invokeMethod(Invoker.java:661)
	at org.testng.internal.Invoker.retryFailed(Invoker.java:1014)
	at org.testng.internal.TestMethodWithDataProviderMethodWorker.call(TestMethodWithDataProviderMethodWorker.java:96)
	at org.testng.internal.TestMethodWithDataProviderMethodWorker.call(TestMethodWithDataProviderMethodWorker.java:14)
	at java.util.concurrent.FutureTask.run(Unknown Source)
	at java.util.concurrent.Executors$RunnableAdapter.call(Unknown Source)
	at java.util.concurrent.FutureTask.run(Unknown Source)
	at java.util.concurrent.ThreadPoolExecutor.runWorker(Unknown Source)
	at java.util.concurrent.ThreadPoolExecutor$Worker.run(Unknown Source)
	at java.lang.Thread.run(Unknown Source)
</pre></div><a href='#' onClick='toggleBox("stack-trace249238551", this, "Click to show all stack frames", "Click to hide stack frames")'>Click to show all stack frames</a>
<div class='stack-trace' id='stack-trace249238551'><pre>java.lang.IllegalArgumentException: wrong number of arguments
	at sun.reflect.NativeMethodAccessorImpl.invoke0(Native Method)
	at sun.reflect.NativeMethodAccessorImpl.invoke(Unknown Source)
	at sun.reflect.DelegatingMethodAccessorImpl.invoke(Unknown Source)
	at java.lang.reflect.Method.invoke(Unknown Source)
	at org.testng.internal.MethodInvocationHelper.invokeMethod(MethodInvocationHelper.java:108)
	at org.testng.internal.Invoker.invokeMethod(Invoker.java:661)
	at org.testng.internal.Invoker.retryFailed(Invoker.java:1014)
	at org.testng.internal.TestMethodWithDataProviderMethodWorker.call(TestMethodWithDataProviderMethodWorker.java:96)
	at org.testng.internal.TestMethodWithDataProviderMethodWorker.call(TestMethodWithDataProviderMethodWorker.java:14)
	at java.util.concurrent.FutureTask.run(Unknown Source)
	at java.util.concurrent.Executors$RunnableAdapter.call(Unknown Source)
	at java.util.concurrent.FutureTask.run(Unknown Source)
	at java.util.concurrent.ThreadPoolExecutor.runWorker(Unknown Source)
	at java.util.concurrent.ThreadPoolExecutor$Worker.run(Unknown Source)
	at java.lang.Thread.run(Unknown Source)
</pre></div></td>
<td>0</td>
<td>com.selenium.ebiz.add_to_cart.grid_tests_add_to_cart.VerifyItemAddedToCartFromSaveListSummary_Grid@41beb473</td></tr>
</table><p>
<table width='100%' border='1' class='invocation-passed'>
<tr><td colspan='4' align='center'><b>PASSED TESTS</b></td></tr>
<tr><td><b>Test method</b></td>
<td width="30%"><b>Exception</b></td>
<td width="10%"><b>Time (seconds)</b></td>
<td><b>Instance</b></td>
</tr>
<tr>
<td title='com.selenium.ebiz.add_to_cart.grid_tests_add_to_cart.VerifyIfItemCanBeAddedToCartFromShoppingCartQuickAdd_Grid.addtocart_EnterInvalidPartNumbersToTheShoppingCart()'><b>addtocart_EnterInvalidPartNumbersToTheShoppingCart</b><br>Test class: com.selenium.ebiz.add_to_cart.grid_tests_add_to_cart.VerifyIfItemCanBeAddedToCartFromShoppingCartQuickAdd_Grid<br>Parameters: chrome, 67.0, Windows 10, public void com.selenium.ebiz.add_to_cart.grid_tests_add_to_cart.VerifyIfItemCanBeAddedToCartFromShoppingCartQuickAdd_Grid.addtocart_EnterInvalidPartNumbersToTheShoppingCart(java.lang.String,java.lang.String,java.lang.String,java.lang.reflect.Method) throws java.lang.Exception</td>
<td></td>
<td>56</td>
<td>com.selenium.ebiz.add_to_cart.grid_tests_add_to_cart.VerifyIfItemCanBeAddedToCartFromShoppingCartQuickAdd_Grid@3174cb09</td></tr>
<tr>
<td title='com.selenium.ebiz.add_to_cart.grid_tests_add_to_cart.VerifyIfItemCanBeAddedToCartFromShoppingCartQuickAdd_Grid.addtocart_EnterInvalidQtyToTheShoppingCart()'><b>addtocart_EnterInvalidQtyToTheShoppingCart</b><br>Test class: com.selenium.ebiz.add_to_cart.grid_tests_add_to_cart.VerifyIfItemCanBeAddedToCartFromShoppingCartQuickAdd_Grid<br>Parameters: chrome, 67.0, Windows 10, public void com.selenium.ebiz.add_to_cart.grid_tests_add_to_cart.VerifyIfItemCanBeAddedToCartFromShoppingCartQuickAdd_Grid.addtocart_EnterInvalidQtyToTheShoppingCart(java.lang.String,java.lang.String,java.lang.String,java.lang.reflect.Method) throws java.lang.Exception</td>
<td></td>
<td>38</td>
<td>com.selenium.ebiz.add_to_cart.grid_tests_add_to_cart.VerifyIfItemCanBeAddedToCartFromShoppingCartQuickAdd_Grid@3174cb09</td></tr>
<tr>
<td title='com.selenium.ebiz.add_to_cart.grid_tests_add_to_cart.VerifyRichRelevanceRecommendationsection_Grid.addtocart_NavigateToPLPPageUsingNavigationAndVerifyRichRelevance()'><b>addtocart_NavigateToPLPPageUsingNavigationAndVerifyRichRelevance</b><br>Test class: com.selenium.ebiz.add_to_cart.grid_tests_add_to_cart.VerifyRichRelevanceRecommendationsection_Grid<br>Test method: Navigate To PLP Page Using Navigation and verify RichRelevance<br>Parameters: chrome, 67.0, Windows 10, public void com.selenium.ebiz.add_to_cart.grid_tests_add_to_cart.VerifyRichRelevanceRecommendationsection_Grid.addtocart_NavigateToPLPPageUsingNavigationAndVerifyRichRelevance(java.lang.String,java.lang.String,java.lang.String,java.lang.reflect.Method) throws java.lang.Exception</td>
<td></td>
<td>155</td>
<td>com.selenium.ebiz.add_to_cart.grid_tests_add_to_cart.VerifyRichRelevanceRecommendationsection_Grid@560513ce</td></tr>
<tr>
<td title='com.selenium.ebiz.add_to_cart.grid_tests_add_to_cart.VerifyRichRelevanceRecommendationsection_Grid.addtocart_NavigateToPLPPageUsingSearchAndVerifyRichRelevance()'><b>addtocart_NavigateToPLPPageUsingSearchAndVerifyRichRelevance</b><br>Test class: com.selenium.ebiz.add_to_cart.grid_tests_add_to_cart.VerifyRichRelevanceRecommendationsection_Grid<br>Test method: Navigate To PLP Page Using Search and verify RichRelevance<br>Parameters: chrome, 67.0, Windows 10, public void com.selenium.ebiz.add_to_cart.grid_tests_add_to_cart.VerifyRichRelevanceRecommendationsection_Grid.addtocart_NavigateToPLPPageUsingSearchAndVerifyRichRelevance(java.lang.String,java.lang.String,java.lang.String,java.lang.reflect.Method) throws java.lang.Exception</td>
<td></td>
<td>102</td>
<td>com.selenium.ebiz.add_to_cart.grid_tests_add_to_cart.VerifyRichRelevanceRecommendationsection_Grid@560513ce</td></tr>
<tr>
<td title='com.selenium.ebiz.add_to_cart.grid_tests_add_to_cart.VerifyIfItemCanBeAddedToCartFromShoppingCartQuickAdd_Grid.addtocart_VerifyEnteredPartNumberAndSCPPart()'><b>addtocart_VerifyEnteredPartNumberAndSCPPart</b><br>Test class: com.selenium.ebiz.add_to_cart.grid_tests_add_to_cart.VerifyIfItemCanBeAddedToCartFromShoppingCartQuickAdd_Grid<br>Parameters: chrome, 67.0, Windows 10, public void com.selenium.ebiz.add_to_cart.grid_tests_add_to_cart.VerifyIfItemCanBeAddedToCartFromShoppingCartQuickAdd_Grid.addtocart_VerifyEnteredPartNumberAndSCPPart(java.lang.String,java.lang.String,java.lang.String,java.lang.reflect.Method) throws java.lang.Exception</td>
<td></td>
<td>116</td>
<td>com.selenium.ebiz.add_to_cart.grid_tests_add_to_cart.VerifyIfItemCanBeAddedToCartFromShoppingCartQuickAdd_Grid@3174cb09</td></tr>
<tr>
<td title='com.selenium.ebiz.add_to_cart.grid_tests_add_to_cart.VerifyIfItemCanBeAddedToCartThroughQuickOrderGroupboxOnShoppingCart_Grid.addtocart_VerifyPartWasAddedIntoSCFromQuickOrderPad()'><b>addtocart_VerifyPartWasAddedIntoSCFromQuickOrderPad</b><br>Test class: com.selenium.ebiz.add_to_cart.grid_tests_add_to_cart.VerifyIfItemCanBeAddedToCartThroughQuickOrderGroupboxOnShoppingCart_Grid<br>Test method: Verify If Item Can Be Added To Cart Through QuickOrderGroupbox On Shopping Cart Grid<br>Parameters: chrome, 67.0, Windows 10, public void com.selenium.ebiz.add_to_cart.grid_tests_add_to_cart.VerifyIfItemCanBeAddedToCartThroughQuickOrderGroupboxOnShoppingCart_Grid.addtocart_VerifyPartWasAddedIntoSCFromQuickOrderPad(java.lang.String,java.lang.String,java.lang.String,java.lang.reflect.Method) throws java.lang.Exception</td>
<td></td>
<td>116</td>
<td>com.selenium.ebiz.add_to_cart.grid_tests_add_to_cart.VerifyIfItemCanBeAddedToCartThroughQuickOrderGroupboxOnShoppingCart_Grid@4d411036</td></tr>
<tr>
<td title='com.selenium.ebiz.add_to_cart.grid_tests_add_to_cart.VerifyIfItemCanBeAddedToCartFromShoppingCartQuickAdd_Grid.addtocart_VerifyPricesInSCPANDPDP()'><b>addtocart_VerifyPricesInSCPANDPDP</b><br>Test class: com.selenium.ebiz.add_to_cart.grid_tests_add_to_cart.VerifyIfItemCanBeAddedToCartFromShoppingCartQuickAdd_Grid<br>Parameters: chrome, 67.0, Windows 10, public void com.selenium.ebiz.add_to_cart.grid_tests_add_to_cart.VerifyIfItemCanBeAddedToCartFromShoppingCartQuickAdd_Grid.addtocart_VerifyPricesInSCPANDPDP(java.lang.String,java.lang.String,java.lang.String,java.lang.reflect.Method) throws java.lang.Exception</td>
<td></td>
<td>157</td>
<td>com.selenium.ebiz.add_to_cart.grid_tests_add_to_cart.VerifyIfItemCanBeAddedToCartFromShoppingCartQuickAdd_Grid@3174cb09</td></tr>
<tr>
<td title='com.selenium.ebiz.add_to_cart.grid_tests_add_to_cart.VerifyItemAddedToCartFrommPDPPrelogin_Grid.addtocart_searchByProductNumber()'><b>addtocart_searchByProductNumber</b><br>Test class: com.selenium.ebiz.add_to_cart.grid_tests_add_to_cart.VerifyItemAddedToCartFrommPDPPrelogin_Grid<br>Test method: Search by Product Number<br>Parameters: chrome, 67.0, Windows 10, public void com.selenium.ebiz.add_to_cart.grid_tests_add_to_cart.VerifyItemAddedToCartFrommPDPPrelogin_Grid.addtocart_searchByProductNumber(java.lang.String,java.lang.String,java.lang.String,java.lang.reflect.Method) throws java.lang.Exception</td>
<td></td>
<td>80</td>
<td>com.selenium.ebiz.add_to_cart.grid_tests_add_to_cart.VerifyItemAddedToCartFrommPDPPrelogin_Grid@7adbd080</td></tr>
</table><p>
<table width='100%' border='1' class='invocation-skipped'>
<tr><td colspan='4' align='center'><b>SKIPPED TESTS</b></td></tr>
<tr><td><b>Test method</b></td>
<td width="30%"><b>Exception</b></td>
<td width="10%"><b>Time (seconds)</b></td>
<td><b>Instance</b></td>
</tr>
<tr>
<td title='com.selenium.ebiz.add_to_cart.grid_tests_add_to_cart.VerifyItemAddedToCartFromSaveListSummary_Grid.addtocart_VerifyItemAddedToCartFromSaveListSummary()'><b>addtocart_VerifyItemAddedToCartFromSaveListSummary</b><br>Test class: com.selenium.ebiz.add_to_cart.grid_tests_add_to_cart.VerifyItemAddedToCartFromSaveListSummary_Grid<br>Test method: Verify Item Added To Cart From Save List Summary<br>Parameters: chrome, 67.0, Windows 10, public void com.selenium.ebiz.add_to_cart.grid_tests_add_to_cart.VerifyItemAddedToCartFromSaveListSummary_Grid.addtocart_VerifyItemAddedToCartFromSaveListSummary(java.lang.String,java.lang.String,java.lang.String,java.lang.reflect.Method) throws java.lang.Exception</td>
<td><div><pre>org.openqa.selenium.NoSuchElementException: no such element: Unable to locate element: {&quot;method&quot;:&quot;xpath&quot;,&quot;selector&quot;:&quot;//div[@class=&apos;list-index-grid__left&apos;]//li[1]&quot;}
  (Session info: chrome=73.0.3683.86)
  (Driver info: chromedriver=2.41.578737 (49da6702b16031c40d63e5618de03a32ff6c197e),platform=Windows NT 6.1.7601 SP1 x86_64) (WARNING: The server did not provide any stacktrace information)
Command duration or timeout: 25 milliseconds
For documentation on this error, please visit: http://seleniumhq.org/exceptions/no_such_element.html
Build info: version: &apos;3.4.0&apos;, revision: &apos;unknown&apos;, time: &apos;unknown&apos;
System info: host: &apos;W7VDIHPQC16WPL&apos;, ip: &apos;10.224.150.153&apos;, os.name: &apos;Windows 7&apos;, os.arch: &apos;amd64&apos;, os.version: &apos;6.1&apos;, java.version: &apos;1.8.0_191&apos;
Driver info: org.openqa.selenium.remote.RemoteWebDriver
Capabilities [{mobileEmulationEnabled=false, hasTouchScreen=false, platform=XP, acceptSslCerts=false, goog:chromeOptions={debuggerAddress=localhost:56399}, acceptInsecureCerts=false, webStorageEnabled=true, browserName=chrome, takesScreenshot=true, javascriptEnabled=true, setWindowRect=true, unexpectedAlertBehaviour=, applicationCacheEnabled=false, rotatable=false, networkConnectionEnabled=false, chrome={chromedriverVersion=2.41.578737 (49da6702b16031c40d63e5618de03a32ff6c197e), userDataDir=C:\Users\dj073227\AppData\Local\Temp\scoped_dir10752_20068}, takesHeapSnapshot=true, pageLoadStrategy=normal, databaseEnabled=false, handlesAlerts=true, version=73.0.3683.86, browserConnectionEnabled=false, nativeEvents=true, webdriver.remote.sessionid=7ec92e404f14c6d25b0fa0f2665d6d32, locationContextEnabled=true, cssSelectorsEnabled=true}]
Session ID: 7ec92e404f14c6d25b0fa0f2665d6d32
*** Element info: {Using=xpath, value=//div[@class=&apos;list-index-grid__left&apos;]//li[1]}
	at sun.reflect.GeneratedConstructorAccessor41.newInstance(Unknown Source)
	at sun.reflect.DelegatingConstructorAccessorImpl.newInstance(Unknown Source)
	at java.lang.reflect.Constructor.newInstance(Unknown Source)
	at org.openqa.selenium.remote.ErrorHandler.createThrowable(ErrorHandler.java:215)
	at org.openqa.selenium.remote.ErrorHandler.throwIfResponseFailed(ErrorHandler.java:167)
	at org.openqa.selenium.remote.RemoteWebDriver.execute(RemoteWebDriver.java:671)
	at org.openqa.selenium.remote.RemoteWebDriver.findElement(RemoteWebDriver.java:410)
	at org.openqa.selenium.remote.RemoteWebDriver.findElementByXPath(RemoteWebDriver.java:509)
	at org.openqa.selenium.By$ByXPath.findElement(By.java:361)
	at org.openqa.selenium.remote.RemoteWebDriver.findElement(RemoteWebDriver.java:402)
	at org.openqa.selenium.support.pagefactory.DefaultElementLocator.findElement(DefaultElementLocator.java:69)
	at org.openqa.selenium.support.pagefactory.internal.LocatingElementHandler.invoke(LocatingElementHandler.java:38)
	at com.sun.proxy.$Proxy12.click(Unknown Source)
	at com.selenium.ebiz.pageobject.SavedListsPage.clickFirstSavedListNameLinkText(SavedListsPage.java:684)
	at com.selenium.ebiz.add_to_cart.grid_tests_add_to_cart.VerifyItemAddedToCartFromSaveListSummary_Grid.addtocart_VerifyItemAddedToCartFromSaveListSummary(VerifyItemAddedToCartFromSaveListSummary_Grid.java:45)
	at sun.reflect.NativeMethodAccessorImpl.invoke0(Native Method)
	at sun.reflect.NativeMethodAccessorImpl.invoke(Unknown Source)
	at sun.reflect.DelegatingMethodAccessorImpl.invoke(Unknown Source)
	at java.lang.reflect.Method.invoke(Unknown Source)
	at org.testng.internal.MethodInvocationHelper.invokeMethod(MethodInvocationHelper.java:108)
	at org.testng.internal.Invoker.invokeMethod(Invoker.java:661)
	at org.testng.internal.Invoker.invokeTestMethod(Invoker.java:869)
	at org.testng.internal.TestMethodWithDataProviderMethodWorker.call(TestMethodWithDataProviderMethodWorker.java:75)
	at org.testng.internal.TestMethodWithDataProviderMethodWorker.call(TestMethodWithDataProviderMethodWorker.java:14)
	at java.util.concurrent.FutureTask.run(Unknown Source)
	at java.util.concurrent.Executors$RunnableAdapter.call(Unknown Source)
	at java.util.concurrent.FutureTask.run(Unknown Source)
	at java.util.concurrent.ThreadPoolExecutor.runWorker(Unknown Source)
	at java.util.concurrent.ThreadPoolExecutor$Worker.run(Unknown Source)
	at java.lang.Thread.run(Unknown Source)
</pre></div><a href='#' onClick='toggleBox("stack-trace1827212850", this, "Click to show all stack frames", "Click to hide stack frames")'>Click to show all stack frames</a>
<div class='stack-trace' id='stack-trace1827212850'><pre>org.openqa.selenium.NoSuchElementException: no such element: Unable to locate element: {&quot;method&quot;:&quot;xpath&quot;,&quot;selector&quot;:&quot;//div[@class=&apos;list-index-grid__left&apos;]//li[1]&quot;}
  (Session info: chrome=73.0.3683.86)
  (Driver info: chromedriver=2.41.578737 (49da6702b16031c40d63e5618de03a32ff6c197e),platform=Windows NT 6.1.7601 SP1 x86_64) (WARNING: The server did not provide any stacktrace information)
Command duration or timeout: 25 milliseconds
For documentation on this error, please visit: http://seleniumhq.org/exceptions/no_such_element.html
Build info: version: &apos;3.4.0&apos;, revision: &apos;unknown&apos;, time: &apos;unknown&apos;
System info: host: &apos;W7VDIHPQC16WPL&apos;, ip: &apos;10.224.150.153&apos;, os.name: &apos;Windows 7&apos;, os.arch: &apos;amd64&apos;, os.version: &apos;6.1&apos;, java.version: &apos;1.8.0_191&apos;
Driver info: org.openqa.selenium.remote.RemoteWebDriver
Capabilities [{mobileEmulationEnabled=false, hasTouchScreen=false, platform=XP, acceptSslCerts=false, goog:chromeOptions={debuggerAddress=localhost:56399}, acceptInsecureCerts=false, webStorageEnabled=true, browserName=chrome, takesScreenshot=true, javascriptEnabled=true, setWindowRect=true, unexpectedAlertBehaviour=, applicationCacheEnabled=false, rotatable=false, networkConnectionEnabled=false, chrome={chromedriverVersion=2.41.578737 (49da6702b16031c40d63e5618de03a32ff6c197e), userDataDir=C:\Users\dj073227\AppData\Local\Temp\scoped_dir10752_20068}, takesHeapSnapshot=true, pageLoadStrategy=normal, databaseEnabled=false, handlesAlerts=true, version=73.0.3683.86, browserConnectionEnabled=false, nativeEvents=true, webdriver.remote.sessionid=7ec92e404f14c6d25b0fa0f2665d6d32, locationContextEnabled=true, cssSelectorsEnabled=true}]
Session ID: 7ec92e404f14c6d25b0fa0f2665d6d32
*** Element info: {Using=xpath, value=//div[@class=&apos;list-index-grid__left&apos;]//li[1]}
	at sun.reflect.GeneratedConstructorAccessor41.newInstance(Unknown Source)
	at sun.reflect.DelegatingConstructorAccessorImpl.newInstance(Unknown Source)
	at java.lang.reflect.Constructor.newInstance(Unknown Source)
	at org.openqa.selenium.remote.ErrorHandler.createThrowable(ErrorHandler.java:215)
	at org.openqa.selenium.remote.ErrorHandler.throwIfResponseFailed(ErrorHandler.java:167)
	at org.openqa.selenium.remote.RemoteWebDriver.execute(RemoteWebDriver.java:671)
	at org.openqa.selenium.remote.RemoteWebDriver.findElement(RemoteWebDriver.java:410)
	at org.openqa.selenium.remote.RemoteWebDriver.findElementByXPath(RemoteWebDriver.java:509)
	at org.openqa.selenium.By$ByXPath.findElement(By.java:361)
	at org.openqa.selenium.remote.RemoteWebDriver.findElement(RemoteWebDriver.java:402)
	at org.openqa.selenium.support.pagefactory.DefaultElementLocator.findElement(DefaultElementLocator.java:69)
	at org.openqa.selenium.support.pagefactory.internal.LocatingElementHandler.invoke(LocatingElementHandler.java:38)
	at com.sun.proxy.$Proxy12.click(Unknown Source)
	at com.selenium.ebiz.pageobject.SavedListsPage.clickFirstSavedListNameLinkText(SavedListsPage.java:684)
	at com.selenium.ebiz.add_to_cart.grid_tests_add_to_cart.VerifyItemAddedToCartFromSaveListSummary_Grid.addtocart_VerifyItemAddedToCartFromSaveListSummary(VerifyItemAddedToCartFromSaveListSummary_Grid.java:45)
	at sun.reflect.NativeMethodAccessorImpl.invoke0(Native Method)
	at sun.reflect.NativeMethodAccessorImpl.invoke(Unknown Source)
	at sun.reflect.DelegatingMethodAccessorImpl.invoke(Unknown Source)
	at java.lang.reflect.Method.invoke(Unknown Source)
	at org.testng.internal.MethodInvocationHelper.invokeMethod(MethodInvocationHelper.java:108)
	at org.testng.internal.Invoker.invokeMethod(Invoker.java:661)
	at org.testng.internal.Invoker.invokeTestMethod(Invoker.java:869)
	at org.testng.internal.TestMethodWithDataProviderMethodWorker.call(TestMethodWithDataProviderMethodWorker.java:75)
	at org.testng.internal.TestMethodWithDataProviderMethodWorker.call(TestMethodWithDataProviderMethodWorker.java:14)
	at java.util.concurrent.FutureTask.run(Unknown Source)
	at java.util.concurrent.Executors$RunnableAdapter.call(Unknown Source)
	at java.util.concurrent.FutureTask.run(Unknown Source)
	at java.util.concurrent.ThreadPoolExecutor.runWorker(Unknown Source)
	at java.util.concurrent.ThreadPoolExecutor$Worker.run(Unknown Source)
	at java.lang.Thread.run(Unknown Source)
</pre></div></td>
<td>147</td>
<td>com.selenium.ebiz.add_to_cart.grid_tests_add_to_cart.VerifyItemAddedToCartFromSaveListSummary_Grid@41beb473</td></tr>
</table><p>
</body>
</html>