<?xml version="1.0" encoding="UTF-8"?>
<!-- Generated by org.testng.reporters.JUnitReportReporter -->
<testsuite skipped="0" hostname="W7VDIHPQC16WPL" name="com.selenium.ebiz.footer.FooterLinkParameterization" tests="20" failures="0" timestamp="08 Feb 2019 08:12:43 GMT" time="235.473" errors="5">
  <testcase name="clickOnCareerLinks" time="14.735" classname="com.selenium.ebiz.footer.FooterLinkParameterization"/>
  <testcase name="clickOnContactUsLink" time="19.550" classname="com.selenium.ebiz.footer.FooterLinkParameterization"/>
  <testcase name="clickOnEnEspanolLink" time="12.618" classname="com.selenium.ebiz.footer.FooterLinkParameterization"/>
  <testcase name="clickHDSupplyCanadaLink" time="13.138" classname="com.selenium.ebiz.footer.FooterLinkParameterization"/>
  <testcase name="clickLocationsLink" time="17.967" classname="com.selenium.ebiz.footer.FooterLinkParameterization"/>
  <testcase name="clickOurCompanyLink" time="13.244" classname="com.selenium.ebiz.footer.FooterLinkParameterization"/>
  <testcase name="clickAccountChangeRequestLink" time="13.782" classname="com.selenium.ebiz.footer.FooterLinkParameterization"/>
  <testcase name="clickApplyforCreditLink" time="18.661" classname="com.selenium.ebiz.footer.FooterLinkParameterization"/>
  <testcase name="clickFAQLink" time="10.998" classname="com.selenium.ebiz.footer.FooterLinkParameterization"/>
  <testcase name="clickForgotPasswordLink" time="12.550" classname="com.selenium.ebiz.footer.FooterLinkParameterization"/>
  <testcase name="clickNewWebsiteFeaturesLink" time="10.782" classname="com.selenium.ebiz.footer.FooterLinkParameterization"/>
  <testcase name="clickSiteMapLink" time="11.593" classname="com.selenium.ebiz.footer.FooterLinkParameterization"/>
  <testcase name="clickReturnsFormLink" time="13.531" classname="com.selenium.ebiz.footer.FooterLinkParameterization"/>
  <testcase name="clickReturnPolicyLink" time="12.073" classname="com.selenium.ebiz.footer.FooterLinkParameterization"/>
  <testcase name="clickCaliforniaPolicyLink" time="10.987" classname="com.selenium.ebiz.footer.FooterLinkParameterization"/>
  <testcase name="clickOnFinePrintCatalogIcons" time="6.386" classname="com.selenium.ebiz.footer.FooterLinkParameterization">
    <error type="java.util.EmptyStackException">
      <![CDATA[java.util.EmptyStackException
	at java.util.Stack.peek(Unknown Source)
	at java.util.Stack.pop(Unknown Source)
	at com.selenium.ebiz.footer.FooterLinkParameterization.clickOnFinePrintCatalogIcons(FooterLinkParameterization.java:214)
	at sun.reflect.NativeMethodAccessorImpl.invoke0(Native Method)
	at sun.reflect.NativeMethodAccessorImpl.invoke(Unknown Source)
	at sun.reflect.DelegatingMethodAccessorImpl.invoke(Unknown Source)
	at java.lang.reflect.Method.invoke(Unknown Source)
	at org.testng.internal.MethodInvocationHelper.invokeMethod(MethodInvocationHelper.java:108)
	at org.testng.internal.Invoker.invokeMethod(Invoker.java:661)
	at org.testng.internal.Invoker.invokeTestMethod(Invoker.java:869)
	at org.testng.internal.Invoker.invokeTestMethods(Invoker.java:1193)
	at org.testng.internal.TestMethodWorker.invokeTestMethods(TestMethodWorker.java:126)
	at org.testng.internal.TestMethodWorker.run(TestMethodWorker.java:109)
	at org.testng.TestRunner.privateRun(TestRunner.java:744)
	at org.testng.TestRunner.run(TestRunner.java:602)
	at org.testng.SuiteRunner.runTest(SuiteRunner.java:380)
	at org.testng.SuiteRunner.runSequentially(SuiteRunner.java:375)
	at org.testng.SuiteRunner.privateRun(SuiteRunner.java:340)
	at org.testng.SuiteRunner.run(SuiteRunner.java:289)
	at org.testng.SuiteRunnerWorker.runSuite(SuiteRunnerWorker.java:52)
	at org.testng.SuiteRunnerWorker.run(SuiteRunnerWorker.java:86)
	at org.testng.TestNG.runSuitesSequentially(TestNG.java:1301)
	at org.testng.TestNG.runSuitesLocally(TestNG.java:1226)
	at org.testng.TestNG.runSuites(TestNG.java:1144)
	at org.testng.TestNG.run(TestNG.java:1115)
	at org.testng.remote.AbstractRemoteTestNG.run(AbstractRemoteTestNG.java:114)
	at org.testng.remote.RemoteTestNG.initAndRun(RemoteTestNG.java:251)
	at org.testng.remote.RemoteTestNG.main(RemoteTestNG.java:77)
]]>
    </error>
  </testcase> <!-- clickOnFinePrintCatalogIcons -->
  <testcase name="clickPrivacyPolicyLink" time="5.812" classname="com.selenium.ebiz.footer.FooterLinkParameterization">
    <error type="java.util.EmptyStackException">
      <![CDATA[java.util.EmptyStackException
	at java.util.Stack.peek(Unknown Source)
	at java.util.Stack.pop(Unknown Source)
	at com.selenium.ebiz.footer.FooterLinkParameterization.clickPrivacyPolicyLink(FooterLinkParameterization.java:224)
	at sun.reflect.NativeMethodAccessorImpl.invoke0(Native Method)
	at sun.reflect.NativeMethodAccessorImpl.invoke(Unknown Source)
	at sun.reflect.DelegatingMethodAccessorImpl.invoke(Unknown Source)
	at java.lang.reflect.Method.invoke(Unknown Source)
	at org.testng.internal.MethodInvocationHelper.invokeMethod(MethodInvocationHelper.java:108)
	at org.testng.internal.Invoker.invokeMethod(Invoker.java:661)
	at org.testng.internal.Invoker.invokeTestMethod(Invoker.java:869)
	at org.testng.internal.Invoker.invokeTestMethods(Invoker.java:1193)
	at org.testng.internal.TestMethodWorker.invokeTestMethods(TestMethodWorker.java:126)
	at org.testng.internal.TestMethodWorker.run(TestMethodWorker.java:109)
	at org.testng.TestRunner.privateRun(TestRunner.java:744)
	at org.testng.TestRunner.run(TestRunner.java:602)
	at org.testng.SuiteRunner.runTest(SuiteRunner.java:380)
	at org.testng.SuiteRunner.runSequentially(SuiteRunner.java:375)
	at org.testng.SuiteRunner.privateRun(SuiteRunner.java:340)
	at org.testng.SuiteRunner.run(SuiteRunner.java:289)
	at org.testng.SuiteRunnerWorker.runSuite(SuiteRunnerWorker.java:52)
	at org.testng.SuiteRunnerWorker.run(SuiteRunnerWorker.java:86)
	at org.testng.TestNG.runSuitesSequentially(TestNG.java:1301)
	at org.testng.TestNG.runSuitesLocally(TestNG.java:1226)
	at org.testng.TestNG.runSuites(TestNG.java:1144)
	at org.testng.TestNG.run(TestNG.java:1115)
	at org.testng.remote.AbstractRemoteTestNG.run(AbstractRemoteTestNG.java:114)
	at org.testng.remote.RemoteTestNG.initAndRun(RemoteTestNG.java:251)
	at org.testng.remote.RemoteTestNG.main(RemoteTestNG.java:77)
]]>
    </error>
  </testcase> <!-- clickPrivacyPolicyLink -->
  <testcase name="clickPrivacyStatementLink" time="5.715" classname="com.selenium.ebiz.footer.FooterLinkParameterization">
    <error type="java.util.EmptyStackException">
      <![CDATA[java.util.EmptyStackException
	at java.util.Stack.peek(Unknown Source)
	at java.util.Stack.pop(Unknown Source)
	at com.selenium.ebiz.footer.FooterLinkParameterization.clickPrivacyStatementLink(FooterLinkParameterization.java:236)
	at sun.reflect.NativeMethodAccessorImpl.invoke0(Native Method)
	at sun.reflect.NativeMethodAccessorImpl.invoke(Unknown Source)
	at sun.reflect.DelegatingMethodAccessorImpl.invoke(Unknown Source)
	at java.lang.reflect.Method.invoke(Unknown Source)
	at org.testng.internal.MethodInvocationHelper.invokeMethod(MethodInvocationHelper.java:108)
	at org.testng.internal.Invoker.invokeMethod(Invoker.java:661)
	at org.testng.internal.Invoker.invokeTestMethod(Invoker.java:869)
	at org.testng.internal.Invoker.invokeTestMethods(Invoker.java:1193)
	at org.testng.internal.TestMethodWorker.invokeTestMethods(TestMethodWorker.java:126)
	at org.testng.internal.TestMethodWorker.run(TestMethodWorker.java:109)
	at org.testng.TestRunner.privateRun(TestRunner.java:744)
	at org.testng.TestRunner.run(TestRunner.java:602)
	at org.testng.SuiteRunner.runTest(SuiteRunner.java:380)
	at org.testng.SuiteRunner.runSequentially(SuiteRunner.java:375)
	at org.testng.SuiteRunner.privateRun(SuiteRunner.java:340)
	at org.testng.SuiteRunner.run(SuiteRunner.java:289)
	at org.testng.SuiteRunnerWorker.runSuite(SuiteRunnerWorker.java:52)
	at org.testng.SuiteRunnerWorker.run(SuiteRunnerWorker.java:86)
	at org.testng.TestNG.runSuitesSequentially(TestNG.java:1301)
	at org.testng.TestNG.runSuitesLocally(TestNG.java:1226)
	at org.testng.TestNG.runSuites(TestNG.java:1144)
	at org.testng.TestNG.run(TestNG.java:1115)
	at org.testng.remote.AbstractRemoteTestNG.run(AbstractRemoteTestNG.java:114)
	at org.testng.remote.RemoteTestNG.initAndRun(RemoteTestNG.java:251)
	at org.testng.remote.RemoteTestNG.main(RemoteTestNG.java:77)
]]>
    </error>
  </testcase> <!-- clickPrivacyStatementLink -->
  <testcase name="clickTermsOfSaleLink" time="5.946" classname="com.selenium.ebiz.footer.FooterLinkParameterization">
    <error type="java.util.EmptyStackException">
      <![CDATA[java.util.EmptyStackException
	at java.util.Stack.peek(Unknown Source)
	at java.util.Stack.pop(Unknown Source)
	at com.selenium.ebiz.footer.FooterLinkParameterization.clickTermsOfSaleLink(FooterLinkParameterization.java:246)
	at sun.reflect.NativeMethodAccessorImpl.invoke0(Native Method)
	at sun.reflect.NativeMethodAccessorImpl.invoke(Unknown Source)
	at sun.reflect.DelegatingMethodAccessorImpl.invoke(Unknown Source)
	at java.lang.reflect.Method.invoke(Unknown Source)
	at org.testng.internal.MethodInvocationHelper.invokeMethod(MethodInvocationHelper.java:108)
	at org.testng.internal.Invoker.invokeMethod(Invoker.java:661)
	at org.testng.internal.Invoker.invokeTestMethod(Invoker.java:869)
	at org.testng.internal.Invoker.invokeTestMethods(Invoker.java:1193)
	at org.testng.internal.TestMethodWorker.invokeTestMethods(TestMethodWorker.java:126)
	at org.testng.internal.TestMethodWorker.run(TestMethodWorker.java:109)
	at org.testng.TestRunner.privateRun(TestRunner.java:744)
	at org.testng.TestRunner.run(TestRunner.java:602)
	at org.testng.SuiteRunner.runTest(SuiteRunner.java:380)
	at org.testng.SuiteRunner.runSequentially(SuiteRunner.java:375)
	at org.testng.SuiteRunner.privateRun(SuiteRunner.java:340)
	at org.testng.SuiteRunner.run(SuiteRunner.java:289)
	at org.testng.SuiteRunnerWorker.runSuite(SuiteRunnerWorker.java:52)
	at org.testng.SuiteRunnerWorker.run(SuiteRunnerWorker.java:86)
	at org.testng.TestNG.runSuitesSequentially(TestNG.java:1301)
	at org.testng.TestNG.runSuitesLocally(TestNG.java:1226)
	at org.testng.TestNG.runSuites(TestNG.java:1144)
	at org.testng.TestNG.run(TestNG.java:1115)
	at org.testng.remote.AbstractRemoteTestNG.run(AbstractRemoteTestNG.java:114)
	at org.testng.remote.RemoteTestNG.initAndRun(RemoteTestNG.java:251)
	at org.testng.remote.RemoteTestNG.main(RemoteTestNG.java:77)
]]>
    </error>
  </testcase> <!-- clickTermsOfSaleLink -->
  <testcase name="clickTermsOfUseLink" time="5.405" classname="com.selenium.ebiz.footer.FooterLinkParameterization">
    <error type="java.util.EmptyStackException">
      <![CDATA[java.util.EmptyStackException
	at java.util.Stack.peek(Unknown Source)
	at java.util.Stack.pop(Unknown Source)
	at com.selenium.ebiz.footer.FooterLinkParameterization.clickTermsOfUseLink(FooterLinkParameterization.java:257)
	at sun.reflect.NativeMethodAccessorImpl.invoke0(Native Method)
	at sun.reflect.NativeMethodAccessorImpl.invoke(Unknown Source)
	at sun.reflect.DelegatingMethodAccessorImpl.invoke(Unknown Source)
	at java.lang.reflect.Method.invoke(Unknown Source)
	at org.testng.internal.MethodInvocationHelper.invokeMethod(MethodInvocationHelper.java:108)
	at org.testng.internal.Invoker.invokeMethod(Invoker.java:661)
	at org.testng.internal.Invoker.invokeTestMethod(Invoker.java:869)
	at org.testng.internal.Invoker.invokeTestMethods(Invoker.java:1193)
	at org.testng.internal.TestMethodWorker.invokeTestMethods(TestMethodWorker.java:126)
	at org.testng.internal.TestMethodWorker.run(TestMethodWorker.java:109)
	at org.testng.TestRunner.privateRun(TestRunner.java:744)
	at org.testng.TestRunner.run(TestRunner.java:602)
	at org.testng.SuiteRunner.runTest(SuiteRunner.java:380)
	at org.testng.SuiteRunner.runSequentially(SuiteRunner.java:375)
	at org.testng.SuiteRunner.privateRun(SuiteRunner.java:340)
	at org.testng.SuiteRunner.run(SuiteRunner.java:289)
	at org.testng.SuiteRunnerWorker.runSuite(SuiteRunnerWorker.java:52)
	at org.testng.SuiteRunnerWorker.run(SuiteRunnerWorker.java:86)
	at org.testng.TestNG.runSuitesSequentially(TestNG.java:1301)
	at org.testng.TestNG.runSuitesLocally(TestNG.java:1226)
	at org.testng.TestNG.runSuites(TestNG.java:1144)
	at org.testng.TestNG.run(TestNG.java:1115)
	at org.testng.remote.AbstractRemoteTestNG.run(AbstractRemoteTestNG.java:114)
	at org.testng.remote.RemoteTestNG.initAndRun(RemoteTestNG.java:251)
	at org.testng.remote.RemoteTestNG.main(RemoteTestNG.java:77)
]]>
    </error>
  </testcase> <!-- clickTermsOfUseLink -->
</testsuite> <!-- com.selenium.ebiz.footer.FooterLinkParameterization -->
