<?xml version="1.0" encoding="UTF-8"?>
<!-- Generated by org.testng.reporters.JUnitReportReporter -->
<testsuite skipped="1" hostname="W7VDIHPQC16WPL" name="com.selenium.ebiz.order_history.grid_tests_orderHistory.VerifyFieldsOnTheOrderHistorySummaryPage_Grid" tests="2" failures="0" timestamp="08 Apr 2019 09:49:20 GMT" time="54.744" errors="1">
  <testcase name="orderHistory_VerifyFieldsOnTheOrderHistorySummaryPage" time="0.926" classname="com.selenium.ebiz.order_history.grid_tests_orderHistory.VerifyFieldsOnTheOrderHistorySummaryPage_Grid">
    <error type="java.lang.IllegalArgumentException" message="wrong number of arguments">
      <![CDATA[java.lang.IllegalArgumentException: wrong number of arguments
	at sun.reflect.NativeMethodAccessorImpl.invoke0(Native Method)
	at sun.reflect.NativeMethodAccessorImpl.invoke(Unknown Source)
	at sun.reflect.DelegatingMethodAccessorImpl.invoke(Unknown Source)
	at java.lang.reflect.Method.invoke(Unknown Source)
	at org.testng.internal.MethodInvocationHelper.invokeMethod(MethodInvocationHelper.java:108)
	at org.testng.internal.Invoker.invokeMethod(Invoker.java:661)
	at org.testng.internal.Invoker.retryFailed(Invoker.java:1014)
	at org.testng.internal.TestMethodWithDataProviderMethodWorker.call(TestMethodWithDataProviderMethodWorker.java:96)
	at org.testng.internal.TestMethodWithDataProviderMethodWorker.call(TestMethodWithDataProviderMethodWorker.java:14)
	at java.util.concurrent.FutureTask.run(Unknown Source)
	at java.util.concurrent.Executors$RunnableAdapter.call(Unknown Source)
	at java.util.concurrent.FutureTask.run(Unknown Source)
	at java.util.concurrent.ThreadPoolExecutor.runWorker(Unknown Source)
	at java.util.concurrent.ThreadPoolExecutor$Worker.run(Unknown Source)
	at java.lang.Thread.run(Unknown Source)
]]>
    </error>
  </testcase> <!-- orderHistory_VerifyFieldsOnTheOrderHistorySummaryPage -->
  <testcase name="orderHistory_VerifyFieldsOnTheOrderHistorySummaryPage" time="53.818" classname="com.selenium.ebiz.order_history.grid_tests_orderHistory.VerifyFieldsOnTheOrderHistorySummaryPage_Grid">
    <skipped/>
  </testcase> <!-- orderHistory_VerifyFieldsOnTheOrderHistorySummaryPage -->
</testsuite> <!-- com.selenium.ebiz.order_history.grid_tests_orderHistory.VerifyFieldsOnTheOrderHistorySummaryPage_Grid -->
