<?xml version="1.0" encoding="UTF-8"?>
<!-- Generated by org.testng.reporters.JUnitReportReporter -->
<testsuite skipped="0" hostname="W7VDIHPQC16WPL" name="com.selenium.ebiz.add_to_cart.grid_tests_add_to_cart.VerifyIfItemCanBeAddedToCartFromOrderHistoryDetailPageIndividualitems_Grid" tests="1" failures="0" timestamp="05 Mar 2019 08:52:57 GMT" time="155.833" errors="1">
  <testcase name="addtocart_VerifyItemFromOrderHistoryPageCanBeAddedToCS" time="155.833" classname="com.selenium.ebiz.add_to_cart.grid_tests_add_to_cart.VerifyIfItemCanBeAddedToCartFromOrderHistoryDetailPageIndividualitems_Grid">
    <error type="java.lang.IndexOutOfBoundsException" message="Index: 0, Size: 0">
      <![CDATA[java.lang.IndexOutOfBoundsException: Index: 0, Size: 0
	at java.util.ArrayList.rangeCheck(Unknown Source)
	at java.util.ArrayList.get(Unknown Source)
	at sun.reflect.NativeMethodAccessorImpl.invoke0(Native Method)
	at sun.reflect.NativeMethodAccessorImpl.invoke(Unknown Source)
	at sun.reflect.DelegatingMethodAccessorImpl.invoke(Unknown Source)
	at java.lang.reflect.Method.invoke(Unknown Source)
	at org.openqa.selenium.support.pagefactory.internal.LocatingElementListHandler.invoke(LocatingElementListHandler.java:39)
	at com.sun.proxy.$Proxy13.get(Unknown Source)
	at com.selenium.ebiz.pageobject.OrdersPage.clickOnFirstOrderNumberInOrdersPage(OrdersPage.java:165)
	at com.selenium.ebiz.add_to_cart.grid_tests_add_to_cart.VerifyIfItemCanBeAddedToCartFromOrderHistoryDetailPageIndividualitems_Grid.addtocart_VerifyItemFromOrderHistoryPageCanBeAddedToCS(VerifyIfItemCanBeAddedToCartFromOrderHistoryDetailPageIndividualitems_Grid.java:43)
	at sun.reflect.NativeMethodAccessorImpl.invoke0(Native Method)
	at sun.reflect.NativeMethodAccessorImpl.invoke(Unknown Source)
	at sun.reflect.DelegatingMethodAccessorImpl.invoke(Unknown Source)
	at java.lang.reflect.Method.invoke(Unknown Source)
	at org.testng.internal.MethodInvocationHelper.invokeMethod(MethodInvocationHelper.java:108)
	at org.testng.internal.Invoker.invokeMethod(Invoker.java:661)
	at org.testng.internal.Invoker.invokeTestMethod(Invoker.java:869)
	at org.testng.internal.TestMethodWithDataProviderMethodWorker.call(TestMethodWithDataProviderMethodWorker.java:75)
	at org.testng.internal.TestMethodWithDataProviderMethodWorker.call(TestMethodWithDataProviderMethodWorker.java:14)
	at java.util.concurrent.FutureTask.run(Unknown Source)
	at java.util.concurrent.Executors$RunnableAdapter.call(Unknown Source)
	at java.util.concurrent.FutureTask.run(Unknown Source)
	at java.util.concurrent.ThreadPoolExecutor.runWorker(Unknown Source)
	at java.util.concurrent.ThreadPoolExecutor$Worker.run(Unknown Source)
	at java.lang.Thread.run(Unknown Source)
]]>
    </error>
  </testcase> <!-- addtocart_VerifyItemFromOrderHistoryPageCanBeAddedToCS -->
</testsuite> <!-- com.selenium.ebiz.add_to_cart.grid_tests_add_to_cart.VerifyIfItemCanBeAddedToCartFromOrderHistoryDetailPageIndividualitems_Grid -->
