<?xml version="1.0" encoding="UTF-8"?>
<!-- Generated by org.testng.reporters.JUnitReportReporter -->
<testsuite skipped="9" hostname="W7VDIHPQC16WPL" name="com.selenium.ebiz.prod_tests.SmokeTest_End_To_End_7_Prod" tests="14" failures="0" timestamp="03 Apr 2019 11:22:49 GMT" time="29.509" errors="1">
  <testcase name="loginFromShoppingCartPage" time="0.000" classname="com.selenium.ebiz.prod_tests.SmokeTest_End_To_End_7_Prod">
    <skipped/>
  </testcase> <!-- loginFromShoppingCartPage -->
  <testcase name="testLogin" time="10.830" classname="com.selenium.ebiz.prod_tests.SmokeTest_End_To_End_7_Prod"/>
  <testcase name="createNewList" time="0.000" classname="com.selenium.ebiz.prod_tests.SmokeTest_End_To_End_7_Prod">
    <skipped/>
  </testcase> <!-- createNewList -->
  <testcase name="navigateToSavedList" time="0.000" classname="com.selenium.ebiz.prod_tests.SmokeTest_End_To_End_7_Prod">
    <skipped/>
  </testcase> <!-- navigateToSavedList -->
  <testcase name="navigateToAddPaymentAndCheckoutPage" time="0.000" classname="com.selenium.ebiz.prod_tests.SmokeTest_End_To_End_7_Prod">
    <skipped/>
  </testcase> <!-- navigateToAddPaymentAndCheckoutPage -->
  <testcase name="clickOnAddToList" time="0.000" classname="com.selenium.ebiz.prod_tests.SmokeTest_End_To_End_7_Prod">
    <skipped/>
  </testcase> <!-- clickOnAddToList -->
  <testcase name="logout" time="0.649" classname="com.selenium.ebiz.prod_tests.SmokeTest_End_To_End_7_Prod"/>
  <testcase name="placeWebOrder" time="0.001" classname="com.selenium.ebiz.prod_tests.SmokeTest_End_To_End_7_Prod">
    <skipped/>
  </testcase> <!-- placeWebOrder -->
  <testcase name="navigateToProductListingPage" time="10.956" classname="com.selenium.ebiz.prod_tests.SmokeTest_End_To_End_7_Prod"/>
  <testcase name="addToCartFromSavedList" time="0.000" classname="com.selenium.ebiz.prod_tests.SmokeTest_End_To_End_7_Prod">
    <skipped/>
  </testcase> <!-- addToCartFromSavedList -->
  <testcase name="addProductToCartFromPLP" time="0.795" classname="com.selenium.ebiz.prod_tests.SmokeTest_End_To_End_7_Prod">
    <error type="org.openqa.selenium.StaleElementReferenceException" message="stale element reference: element is not attached to the page document
  (Session info: chrome=73.0.3683.86)
  (Driver info: chromedriver=2.41.578737 (49da6702b16031c40d63e5618de03a32ff6c197e),platform=Windows NT 6.1.7601 SP1 x86_64) (WARNING: The server did not provide any stacktrace information)
Command duration or timeout: 20 milliseconds
For documentation on this error, please visit: http://seleniumhq.org/exceptions/stale_element_reference.html
Build info: version: &#039;3.4.0&#039;, revision: &#039;unknown&#039;, time: &#039;unknown&#039;
System info: host: &#039;W7VDIHPQC16WPL&#039;, ip: &#039;10.224.150.152&#039;, os.name: &#039;Windows 7&#039;, os.arch: &#039;amd64&#039;, os.version: &#039;6.1&#039;, java.version: &#039;1.8.0_191&#039;
Driver info: org.openqa.selenium.chrome.ChromeDriver
Capabilities [{mobileEmulationEnabled=false, hasTouchScreen=false, platform=XP, acceptSslCerts=false, goog:chromeOptions={debuggerAddress=localhost:62426}, acceptInsecureCerts=false, webStorageEnabled=true, browserName=chrome, takesScreenshot=true, javascriptEnabled=true, setWindowRect=true, unexpectedAlertBehaviour=, applicationCacheEnabled=false, rotatable=false, networkConnectionEnabled=false, chrome={chromedriverVersion=2.41.578737 (49da6702b16031c40d63e5618de03a32ff6c197e), userDataDir=C:\Users\dj073227\AppData\Local\Temp\scoped_dir9408_19845}, takesHeapSnapshot=true, pageLoadStrategy=normal, databaseEnabled=false, handlesAlerts=true, version=73.0.3683.86, browserConnectionEnabled=false, nativeEvents=true, locationContextEnabled=true, cssSelectorsEnabled=true}]
Session ID: b249955ea1cd2675f509d7f81c24c5fc">
      <![CDATA[org.openqa.selenium.StaleElementReferenceException: stale element reference: element is not attached to the page document
  (Session info: chrome=73.0.3683.86)
  (Driver info: chromedriver=2.41.578737 (49da6702b16031c40d63e5618de03a32ff6c197e),platform=Windows NT 6.1.7601 SP1 x86_64) (WARNING: The server did not provide any stacktrace information)
Command duration or timeout: 20 milliseconds
For documentation on this error, please visit: http://seleniumhq.org/exceptions/stale_element_reference.html
Build info: version: '3.4.0', revision: 'unknown', time: 'unknown'
System info: host: 'W7VDIHPQC16WPL', ip: '10.224.150.152', os.name: 'Windows 7', os.arch: 'amd64', os.version: '6.1', java.version: '1.8.0_191'
Driver info: org.openqa.selenium.chrome.ChromeDriver
Capabilities [{mobileEmulationEnabled=false, hasTouchScreen=false, platform=XP, acceptSslCerts=false, goog:chromeOptions={debuggerAddress=localhost:62426}, acceptInsecureCerts=false, webStorageEnabled=true, browserName=chrome, takesScreenshot=true, javascriptEnabled=true, setWindowRect=true, unexpectedAlertBehaviour=, applicationCacheEnabled=false, rotatable=false, networkConnectionEnabled=false, chrome={chromedriverVersion=2.41.578737 (49da6702b16031c40d63e5618de03a32ff6c197e), userDataDir=C:\Users\dj073227\AppData\Local\Temp\scoped_dir9408_19845}, takesHeapSnapshot=true, pageLoadStrategy=normal, databaseEnabled=false, handlesAlerts=true, version=73.0.3683.86, browserConnectionEnabled=false, nativeEvents=true, locationContextEnabled=true, cssSelectorsEnabled=true}]
Session ID: b249955ea1cd2675f509d7f81c24c5fc
	at sun.reflect.NativeConstructorAccessorImpl.newInstance0(Native Method)
	at sun.reflect.NativeConstructorAccessorImpl.newInstance(Unknown Source)
	at sun.reflect.DelegatingConstructorAccessorImpl.newInstance(Unknown Source)
	at java.lang.reflect.Constructor.newInstance(Unknown Source)
	at org.openqa.selenium.remote.ErrorHandler.createThrowable(ErrorHandler.java:215)
	at org.openqa.selenium.remote.ErrorHandler.throwIfResponseFailed(ErrorHandler.java:167)
	at org.openqa.selenium.remote.RemoteWebDriver.execute(RemoteWebDriver.java:671)
	at org.openqa.selenium.remote.RemoteWebElement.execute(RemoteWebElement.java:272)
	at org.openqa.selenium.remote.RemoteWebElement.getText(RemoteWebElement.java:156)
	at sun.reflect.NativeMethodAccessorImpl.invoke0(Native Method)
	at sun.reflect.NativeMethodAccessorImpl.invoke(Unknown Source)
	at sun.reflect.DelegatingMethodAccessorImpl.invoke(Unknown Source)
	at java.lang.reflect.Method.invoke(Unknown Source)
	at org.openqa.selenium.support.pagefactory.internal.LocatingElementHandler.invoke(LocatingElementHandler.java:51)
	at com.sun.proxy.$Proxy13.getText(Unknown Source)
	at com.selenium.ebiz.pageobject.HomePage.getShoppingCartProductCount(HomePage.java:2463)
	at com.selenium.ebiz.pageobject.ProductListingPage.clickonFirstProductAddToCart(ProductListingPage.java:600)
	at com.selenium.ebiz.prod_tests.SmokeTest_End_To_End_7_Prod.addProductToCartFromPLP(SmokeTest_End_To_End_7_Prod.java:50)
	at sun.reflect.NativeMethodAccessorImpl.invoke0(Native Method)
	at sun.reflect.NativeMethodAccessorImpl.invoke(Unknown Source)
	at sun.reflect.DelegatingMethodAccessorImpl.invoke(Unknown Source)
	at java.lang.reflect.Method.invoke(Unknown Source)
	at org.testng.internal.MethodInvocationHelper.invokeMethod(MethodInvocationHelper.java:108)
	at org.testng.internal.Invoker.invokeMethod(Invoker.java:661)
	at org.testng.internal.Invoker.invokeTestMethod(Invoker.java:869)
	at org.testng.internal.Invoker.invokeTestMethods(Invoker.java:1193)
	at org.testng.internal.TestMethodWorker.invokeTestMethods(TestMethodWorker.java:126)
	at org.testng.internal.TestMethodWorker.run(TestMethodWorker.java:109)
	at org.testng.TestRunner.privateRun(TestRunner.java:744)
	at org.testng.TestRunner.run(TestRunner.java:602)
	at org.testng.SuiteRunner.runTest(SuiteRunner.java:380)
	at org.testng.SuiteRunner.runSequentially(SuiteRunner.java:375)
	at org.testng.SuiteRunner.privateRun(SuiteRunner.java:340)
	at org.testng.SuiteRunner.run(SuiteRunner.java:289)
	at org.testng.SuiteRunnerWorker.runSuite(SuiteRunnerWorker.java:52)
	at org.testng.SuiteRunnerWorker.run(SuiteRunnerWorker.java:86)
	at org.testng.TestNG.runSuitesSequentially(TestNG.java:1301)
	at org.testng.TestNG.runSuitesLocally(TestNG.java:1226)
	at org.testng.TestNG.runSuites(TestNG.java:1144)
	at org.testng.TestNG.run(TestNG.java:1115)
	at org.testng.remote.AbstractRemoteTestNG.run(AbstractRemoteTestNG.java:114)
	at org.testng.remote.RemoteTestNG.initAndRun(RemoteTestNG.java:251)
	at org.testng.remote.RemoteTestNG.main(RemoteTestNG.java:77)
]]>
    </error>
  </testcase> <!-- addProductToCartFromPLP -->
  <testcase name="testClearCart" time="6.278" classname="com.selenium.ebiz.prod_tests.SmokeTest_End_To_End_7_Prod"/>
  <testcase name="validateProductInSavedList" time="0.000" classname="com.selenium.ebiz.prod_tests.SmokeTest_End_To_End_7_Prod">
    <skipped/>
  </testcase> <!-- validateProductInSavedList -->
  <testcase name="captureWebOrderNumber" classname="com.selenium.ebiz.prod_tests.SmokeTest_End_To_End_7_Prod">
    <skipped/>
  </testcase> <!-- captureWebOrderNumber -->
</testsuite> <!-- com.selenium.ebiz.prod_tests.SmokeTest_End_To_End_7_Prod -->
