<?xml version="1.0" encoding="UTF-8"?>
<!-- Generated by org.testng.reporters.JUnitReportReporter -->
<testsuite skipped="6" hostname="W7VDIHPQC16WPL" name="com.selenium.ebiz.order_history.VerifyErrorOnPartAfterClickingOnItInTheShoppingCart" tests="8" failures="1" timestamp="07 Feb 2019 06:50:38 GMT" time="44.660" errors="0">
  <testcase name="test_LoginAndAddProductsTOCart" time="21.852" classname="com.selenium.ebiz.order_history.VerifyErrorOnPartAfterClickingOnItInTheShoppingCart"/>
  <testcase name="test_AddMorePartsFromPDP" time="0.001" classname="com.selenium.ebiz.order_history.VerifyErrorOnPartAfterClickingOnItInTheShoppingCart">
    <skipped/>
  </testcase> <!-- test_AddMorePartsFromPDP -->
  <testcase name="test_VerifySecondPartAddedToCartAndClickOnPDP" time="0.000" classname="com.selenium.ebiz.order_history.VerifyErrorOnPartAfterClickingOnItInTheShoppingCart">
    <skipped/>
  </testcase> <!-- test_VerifySecondPartAddedToCartAndClickOnPDP -->
  <testcase name="test_VerifyPartAddedToCartAndClickOnPDP" time="22.807" classname="com.selenium.ebiz.order_history.VerifyErrorOnPartAfterClickingOnItInTheShoppingCart">
    <failure type="java.lang.AssertionError" message="null">
      <![CDATA[java.lang.AssertionError: null
	at org.testng.Assert.fail(Assert.java:93)
	at org.testng.Assert.assertNotEquals(Assert.java:897)
	at org.testng.Assert.assertNotEquals(Assert.java:902)
	at com.selenium.ebiz.pageobject.QuickOrderPad.clickOnAddToCartButton(QuickOrderPad.java:250)
	at com.selenium.ebiz.order_history.VerifyErrorOnPartAfterClickingOnItInTheShoppingCart.test_VerifyPartAddedToCartAndClickOnPDP(VerifyErrorOnPartAfterClickingOnItInTheShoppingCart.java:41)
	at sun.reflect.NativeMethodAccessorImpl.invoke0(Native Method)
	at sun.reflect.NativeMethodAccessorImpl.invoke(Unknown Source)
	at sun.reflect.DelegatingMethodAccessorImpl.invoke(Unknown Source)
	at java.lang.reflect.Method.invoke(Unknown Source)
	at org.testng.internal.MethodInvocationHelper.invokeMethod(MethodInvocationHelper.java:108)
	at org.testng.internal.Invoker.invokeMethod(Invoker.java:661)
	at org.testng.internal.Invoker.invokeTestMethod(Invoker.java:869)
	at org.testng.internal.Invoker.invokeTestMethods(Invoker.java:1193)
	at org.testng.internal.TestMethodWorker.invokeTestMethods(TestMethodWorker.java:126)
	at org.testng.internal.TestMethodWorker.run(TestMethodWorker.java:109)
	at org.testng.TestRunner.privateRun(TestRunner.java:744)
	at org.testng.TestRunner.run(TestRunner.java:602)
	at org.testng.SuiteRunner.runTest(SuiteRunner.java:380)
	at org.testng.SuiteRunner.runSequentially(SuiteRunner.java:375)
	at org.testng.SuiteRunner.privateRun(SuiteRunner.java:340)
	at org.testng.SuiteRunner.run(SuiteRunner.java:289)
	at org.testng.SuiteRunnerWorker.runSuite(SuiteRunnerWorker.java:52)
	at org.testng.SuiteRunnerWorker.run(SuiteRunnerWorker.java:86)
	at org.testng.TestNG.runSuitesSequentially(TestNG.java:1301)
	at org.testng.TestNG.runSuitesLocally(TestNG.java:1226)
	at org.testng.TestNG.runSuites(TestNG.java:1144)
	at org.testng.TestNG.run(TestNG.java:1115)
	at org.testng.remote.AbstractRemoteTestNG.run(AbstractRemoteTestNG.java:114)
	at org.testng.remote.RemoteTestNG.initAndRun(RemoteTestNG.java:251)
	at org.testng.remote.RemoteTestNG.main(RemoteTestNG.java:77)
]]>
    </failure>
  </testcase> <!-- test_VerifyPartAddedToCartAndClickOnPDP -->
  <testcase name="test_AddMorePartsToSavedList" time="0.000" classname="com.selenium.ebiz.order_history.VerifyErrorOnPartAfterClickingOnItInTheShoppingCart">
    <skipped/>
  </testcase> <!-- test_AddMorePartsToSavedList -->
  <testcase name="test_AddMorePartsFromoOrderHistoryPage" time="0.000" classname="com.selenium.ebiz.order_history.VerifyErrorOnPartAfterClickingOnItInTheShoppingCart">
    <skipped/>
  </testcase> <!-- test_AddMorePartsFromoOrderHistoryPage -->
  <testcase name="test_AddMorePartsFromFrequentlyPurchased" time="0.000" classname="com.selenium.ebiz.order_history.VerifyErrorOnPartAfterClickingOnItInTheShoppingCart">
    <skipped/>
  </testcase> <!-- test_AddMorePartsFromFrequentlyPurchased -->
  <testcase name="test_VerifyThirdPartAddedToCartAndClickOnPDP" time="0.000" classname="com.selenium.ebiz.order_history.VerifyErrorOnPartAfterClickingOnItInTheShoppingCart">
    <skipped/>
  </testcase> <!-- test_VerifyThirdPartAddedToCartAndClickOnPDP -->
</testsuite> <!-- com.selenium.ebiz.order_history.VerifyErrorOnPartAfterClickingOnItInTheShoppingCart -->
