<?xml version="1.0" encoding="UTF-8"?>
<!-- Generated by org.testng.reporters.JUnitReportReporter -->
<testsuite skipped="0" hostname="W7VDIHPQC16WPL" name="com.selenium.ebiz.shoppingCart_UI.VerifyRemovalOfShippingAddressQTYBackOrderOptionsAndDelivaryDateInShoppingCartLink" tests="10" failures="0" timestamp="08 May 2019 09:34:00 GMT" time="268.976" errors="1">
  <testcase name="shoppingcartUI_VerifyRemovalOfShippingAddressQTYBackOrderOptionsAndDelivaryDateInShoppingCartLink" time="24.514" classname="com.selenium.ebiz.shoppingCart_UI.VerifyRemovalOfShippingAddressQTYBackOrderOptionsAndDelivaryDateInShoppingCartLink"/>
  <testcase name="shoppingcartUI_VerifyRemovalOfShippingAddressQTYBackOrderOptionsAndDelivaryDateInShoppingCartLink" time="33.254" classname="com.selenium.ebiz.shoppingCart_UI.VerifyRemovalOfShippingAddressQTYBackOrderOptionsAndDelivaryDateInShoppingCartLink"/>
  <testcase name="shoppingcartUI_VerifyRemovalOfShippingAddressQTYBackOrderOptionsAndDelivaryDateInShoppingCartLink" time="22.012" classname="com.selenium.ebiz.shoppingCart_UI.VerifyRemovalOfShippingAddressQTYBackOrderOptionsAndDelivaryDateInShoppingCartLink">
    <error type="org.openqa.selenium.WebDriverException" message="unknown error: Element &lt;a id=&quot;widget_minishopcart&quot; href=&quot;https://stg.hdsupplysolutions.com/AjaxOrderItemDisplayView?shipmentType=single&amp;amp;catalogId=10054&amp;amp;langId=-1&amp;amp;storeId=10051&quot; role=&quot;button&quot; aria-label=&quot;Current Order&quot;&gt;...&lt;/a&gt; is not clickable at point (1170, 19). Other element would receive the click: &lt;div tabindex=&quot;-1&quot; role=&quot;dialog&quot; class=&quot;ui-dialog ui-corner-all ui-widget ui-widget-content ui-front ui-draggable ui-resizable&quot; aria-describedby=&quot;progress_bar_dialog&quot; aria-labelledby=&quot;ui-id-1&quot; style=&quot;position: fixed; top: -186.109px; left: -843.344px; height: auto; width: auto;&quot;&gt;...&lt;/div&gt;
  (Session info: chrome=74.0.3729.131)
  (Driver info: chromedriver=2.41.578737 (49da6702b16031c40d63e5618de03a32ff6c197e),platform=Windows NT 6.1.7601 SP1 x86_64) (WARNING: The server did not provide any stacktrace information)
Command duration or timeout: 50 milliseconds
Build info: version: &#039;3.4.0&#039;, revision: &#039;unknown&#039;, time: &#039;unknown&#039;
System info: host: &#039;W7VDIHPQC16WPL&#039;, ip: &#039;10.224.150.151&#039;, os.name: &#039;Windows 7&#039;, os.arch: &#039;amd64&#039;, os.version: &#039;6.1&#039;, java.version: &#039;1.8.0_191&#039;
Driver info: org.openqa.selenium.remote.RemoteWebDriver
Capabilities [{mobileEmulationEnabled=false, hasTouchScreen=false, platform=XP, acceptSslCerts=false, goog:chromeOptions={debuggerAddress=localhost:54837}, acceptInsecureCerts=false, webStorageEnabled=true, browserName=chrome, takesScreenshot=true, javascriptEnabled=true, setWindowRect=true, unexpectedAlertBehaviour=, applicationCacheEnabled=false, rotatable=false, networkConnectionEnabled=false, chrome={chromedriverVersion=2.41.578737 (49da6702b16031c40d63e5618de03a32ff6c197e), userDataDir=C:\Users\dj073227\AppData\Local\Temp\scoped_dir7500_14930}, takesHeapSnapshot=true, pageLoadStrategy=normal, databaseEnabled=false, handlesAlerts=true, version=74.0.3729.131, browserConnectionEnabled=false, nativeEvents=true, webdriver.remote.sessionid=1b465ad48a9045dfb35cbe62d8fd3d7d, locationContextEnabled=true, cssSelectorsEnabled=true}]
Session ID: 1b465ad48a9045dfb35cbe62d8fd3d7d">
      <![CDATA[org.openqa.selenium.WebDriverException: unknown error: Element <a id="widget_minishopcart" href="https://stg.hdsupplysolutions.com/AjaxOrderItemDisplayView?shipmentType=single&amp;catalogId=10054&amp;langId=-1&amp;storeId=10051" role="button" aria-label="Current Order">...</a> is not clickable at point (1170, 19). Other element would receive the click: <div tabindex="-1" role="dialog" class="ui-dialog ui-corner-all ui-widget ui-widget-content ui-front ui-draggable ui-resizable" aria-describedby="progress_bar_dialog" aria-labelledby="ui-id-1" style="position: fixed; top: -186.109px; left: -843.344px; height: auto; width: auto;">...</div>
  (Session info: chrome=74.0.3729.131)
  (Driver info: chromedriver=2.41.578737 (49da6702b16031c40d63e5618de03a32ff6c197e),platform=Windows NT 6.1.7601 SP1 x86_64) (WARNING: The server did not provide any stacktrace information)
Command duration or timeout: 50 milliseconds
Build info: version: '3.4.0', revision: 'unknown', time: 'unknown'
System info: host: 'W7VDIHPQC16WPL', ip: '10.224.150.151', os.name: 'Windows 7', os.arch: 'amd64', os.version: '6.1', java.version: '1.8.0_191'
Driver info: org.openqa.selenium.remote.RemoteWebDriver
Capabilities [{mobileEmulationEnabled=false, hasTouchScreen=false, platform=XP, acceptSslCerts=false, goog:chromeOptions={debuggerAddress=localhost:54837}, acceptInsecureCerts=false, webStorageEnabled=true, browserName=chrome, takesScreenshot=true, javascriptEnabled=true, setWindowRect=true, unexpectedAlertBehaviour=, applicationCacheEnabled=false, rotatable=false, networkConnectionEnabled=false, chrome={chromedriverVersion=2.41.578737 (49da6702b16031c40d63e5618de03a32ff6c197e), userDataDir=C:\Users\dj073227\AppData\Local\Temp\scoped_dir7500_14930}, takesHeapSnapshot=true, pageLoadStrategy=normal, databaseEnabled=false, handlesAlerts=true, version=74.0.3729.131, browserConnectionEnabled=false, nativeEvents=true, webdriver.remote.sessionid=1b465ad48a9045dfb35cbe62d8fd3d7d, locationContextEnabled=true, cssSelectorsEnabled=true}]
Session ID: 1b465ad48a9045dfb35cbe62d8fd3d7d
	at sun.reflect.NativeConstructorAccessorImpl.newInstance0(Native Method)
	at sun.reflect.NativeConstructorAccessorImpl.newInstance(Unknown Source)
	at sun.reflect.DelegatingConstructorAccessorImpl.newInstance(Unknown Source)
	at java.lang.reflect.Constructor.newInstance(Unknown Source)
	at org.openqa.selenium.remote.ErrorHandler.createThrowable(ErrorHandler.java:215)
	at org.openqa.selenium.remote.ErrorHandler.throwIfResponseFailed(ErrorHandler.java:167)
	at org.openqa.selenium.remote.RemoteWebDriver.execute(RemoteWebDriver.java:671)
	at org.openqa.selenium.remote.RemoteWebElement.execute(RemoteWebElement.java:272)
	at org.openqa.selenium.remote.RemoteWebElement.click(RemoteWebElement.java:82)
	at sun.reflect.GeneratedMethodAccessor10.invoke(Unknown Source)
	at sun.reflect.DelegatingMethodAccessorImpl.invoke(Unknown Source)
	at java.lang.reflect.Method.invoke(Unknown Source)
	at org.openqa.selenium.support.pagefactory.internal.LocatingElementHandler.invoke(LocatingElementHandler.java:51)
	at com.sun.proxy.$Proxy12.click(Unknown Source)
	at com.selenium.ebiz.pageobject.HomePage.clickOnShoppingCartIcon(HomePage.java:2137)
	at com.selenium.ebiz.shoppingCart_UI.VerifyRemovalOfShippingAddressQTYBackOrderOptionsAndDelivaryDateInShoppingCartLink.shoppingcartUI_VerifyRemovalOfShippingAddressQTYBackOrderOptionsAndDelivaryDateInShoppingCartLink(VerifyRemovalOfShippingAddressQTYBackOrderOptionsAndDelivaryDateInShoppingCartLink.java:34)
	at sun.reflect.NativeMethodAccessorImpl.invoke0(Native Method)
	at sun.reflect.NativeMethodAccessorImpl.invoke(Unknown Source)
	at sun.reflect.DelegatingMethodAccessorImpl.invoke(Unknown Source)
	at java.lang.reflect.Method.invoke(Unknown Source)
	at org.testng.internal.MethodInvocationHelper.invokeMethod(MethodInvocationHelper.java:108)
	at org.testng.internal.Invoker.invokeMethod(Invoker.java:661)
	at org.testng.internal.Invoker.invokeTestMethod(Invoker.java:869)
	at org.testng.internal.TestMethodWithDataProviderMethodWorker.call(TestMethodWithDataProviderMethodWorker.java:75)
	at org.testng.internal.TestMethodWithDataProviderMethodWorker.call(TestMethodWithDataProviderMethodWorker.java:14)
	at java.util.concurrent.FutureTask.run(Unknown Source)
	at java.util.concurrent.Executors$RunnableAdapter.call(Unknown Source)
	at java.util.concurrent.FutureTask.run(Unknown Source)
	at java.util.concurrent.ThreadPoolExecutor.runWorker(Unknown Source)
	at java.util.concurrent.ThreadPoolExecutor$Worker.run(Unknown Source)
	at java.lang.Thread.run(Unknown Source)
]]>
    </error>
  </testcase> <!-- shoppingcartUI_VerifyRemovalOfShippingAddressQTYBackOrderOptionsAndDelivaryDateInShoppingCartLink -->
  <testcase name="shoppingcartUI_VerifyRemovalOfShippingAddressQTYBackOrderOptionsAndDelivaryDateInShoppingCartLink" time="30.578" classname="com.selenium.ebiz.shoppingCart_UI.VerifyRemovalOfShippingAddressQTYBackOrderOptionsAndDelivaryDateInShoppingCartLink"/>
  <testcase name="shoppingcartUI_VerifyRemovalOfShippingAddressQTYBackOrderOptionsAndDelivaryDateInShoppingCartLink" time="30.849" classname="com.selenium.ebiz.shoppingCart_UI.VerifyRemovalOfShippingAddressQTYBackOrderOptionsAndDelivaryDateInShoppingCartLink"/>
  <testcase name="shoppingcartUI_VerifyRemovalOfShippingAddressQTYBackOrderOptionsAndDelivaryDateInShoppingCartLink" time="26.491" classname="com.selenium.ebiz.shoppingCart_UI.VerifyRemovalOfShippingAddressQTYBackOrderOptionsAndDelivaryDateInShoppingCartLink"/>
  <testcase name="shoppingcartUI_VerifyRemovalOfShippingAddressQTYBackOrderOptionsAndDelivaryDateInShoppingCartLink" time="24.834" classname="com.selenium.ebiz.shoppingCart_UI.VerifyRemovalOfShippingAddressQTYBackOrderOptionsAndDelivaryDateInShoppingCartLink"/>
  <testcase name="shoppingcartUI_VerifyRemovalOfShippingAddressQTYBackOrderOptionsAndDelivaryDateInShoppingCartLink" time="25.054" classname="com.selenium.ebiz.shoppingCart_UI.VerifyRemovalOfShippingAddressQTYBackOrderOptionsAndDelivaryDateInShoppingCartLink"/>
  <testcase name="shoppingcartUI_VerifyRemovalOfShippingAddressQTYBackOrderOptionsAndDelivaryDateInShoppingCartLink" time="26.329" classname="com.selenium.ebiz.shoppingCart_UI.VerifyRemovalOfShippingAddressQTYBackOrderOptionsAndDelivaryDateInShoppingCartLink"/>
  <testcase name="shoppingcartUI_VerifyRemovalOfShippingAddressQTYBackOrderOptionsAndDelivaryDateInShoppingCartLink" time="25.061" classname="com.selenium.ebiz.shoppingCart_UI.VerifyRemovalOfShippingAddressQTYBackOrderOptionsAndDelivaryDateInShoppingCartLink"/>
</testsuite> <!-- com.selenium.ebiz.shoppingCart_UI.VerifyRemovalOfShippingAddressQTYBackOrderOptionsAndDelivaryDateInShoppingCartLink -->
