<?xml version="1.0" encoding="UTF-8"?>
<!-- Generated by org.testng.reporters.JUnitReportReporter -->
<testsuite skipped="0" hostname="W7VDIHPQC16WPL" name="com.selenium.ebiz.account_management.login.LoginFromBrowsePage_NOTWORKING" tests="1" failures="0" timestamp="08 Mar 2019 12:12:57 GMT" time="0.378" errors="1">
  <testcase name="VerifyLoginFromBrowsePageTest" time="0.378" classname="com.selenium.ebiz.account_management.login.LoginFromBrowsePage_NOTWORKING">
    <error type="org.openqa.selenium.WebDriverException" message="unknown error: Element &lt;a data-analytics=&quot;{&amp;quot;event&amp;quot;:&amp;quot;finding method&amp;quot;,&amp;quot;data&amp;quot;:{&amp;quot;methodName&amp;quot;:&amp;quot;products&amp;quot;,&amp;quot;methodDetails&amp;quot;:&amp;quot;products:Appliances&amp;quot;}}&quot; id=&quot;SBN_Appliances_1_13054_17013&quot; href=&quot;https://qa2.hdsupplysolutions.com/c/appliances-00-15&quot;&gt;...&lt;/a&gt; is not clickable at point (168, 20). Other element would receive the click: &lt;a data-analytics=&quot;{&amp;quot;event&amp;quot;:&amp;quot;finding method&amp;quot;,&amp;quot;data&amp;quot;:{&amp;quot;methodName&amp;quot;:&amp;quot;nav&amp;quot;,&amp;quot;methodDetails&amp;quot;:&amp;quot;top:Bed, Bath &amp;amp; Table Linens&amp;quot;}}&quot; data-hds-tag=&quot;flyout-nav--shop-by__category__link&quot; href=&quot;https://qa2.hdsupplysolutions.com/webapp/wcs/stores/servlet/CategoryDisplay?storeId=10051&amp;amp;catalogId=10054&amp;amp;categoryId=26333&quot; class=&quot;jq-flyout-nav--drilldown&quot; data-cat-id=&quot;26333&quot;&gt;...&lt;/a&gt;
  (Session info: chrome=72.0.3626.121)
  (Driver info: chromedriver=2.41.578737 (49da6702b16031c40d63e5618de03a32ff6c197e),platform=Windows NT 6.1.7601 SP1 x86_64) (WARNING: The server did not provide any stacktrace information)
Command duration or timeout: 57 milliseconds
Build info: version: &#039;3.4.0&#039;, revision: &#039;unknown&#039;, time: &#039;unknown&#039;
System info: host: &#039;W7VDIHPQC16WPL&#039;, ip: &#039;10.224.150.153&#039;, os.name: &#039;Windows 7&#039;, os.arch: &#039;amd64&#039;, os.version: &#039;6.1&#039;, java.version: &#039;1.8.0_191&#039;
Driver info: org.openqa.selenium.chrome.ChromeDriver
Capabilities [{mobileEmulationEnabled=false, hasTouchScreen=false, platform=XP, acceptSslCerts=false, goog:chromeOptions={debuggerAddress=localhost:52859}, acceptInsecureCerts=false, webStorageEnabled=true, browserName=chrome, takesScreenshot=true, javascriptEnabled=true, setWindowRect=true, unexpectedAlertBehaviour=, applicationCacheEnabled=false, rotatable=false, networkConnectionEnabled=false, chrome={chromedriverVersion=2.41.578737 (49da6702b16031c40d63e5618de03a32ff6c197e), userDataDir=C:\Users\dj073227\AppData\Local\Temp\scoped_dir7960_8674}, takesHeapSnapshot=true, pageLoadStrategy=normal, databaseEnabled=false, handlesAlerts=true, version=72.0.3626.121, browserConnectionEnabled=false, nativeEvents=true, locationContextEnabled=true, cssSelectorsEnabled=true}]
Session ID: 871dd2cf98e42b8fb47aceb4581ef553">
      <![CDATA[org.openqa.selenium.WebDriverException: unknown error: Element <a data-analytics="{&quot;event&quot;:&quot;finding method&quot;,&quot;data&quot;:{&quot;methodName&quot;:&quot;products&quot;,&quot;methodDetails&quot;:&quot;products:Appliances&quot;}}" id="SBN_Appliances_1_13054_17013" href="https://qa2.hdsupplysolutions.com/c/appliances-00-15">...</a> is not clickable at point (168, 20). Other element would receive the click: <a data-analytics="{&quot;event&quot;:&quot;finding method&quot;,&quot;data&quot;:{&quot;methodName&quot;:&quot;nav&quot;,&quot;methodDetails&quot;:&quot;top:Bed, Bath &amp; Table Linens&quot;}}" data-hds-tag="flyout-nav--shop-by__category__link" href="https://qa2.hdsupplysolutions.com/webapp/wcs/stores/servlet/CategoryDisplay?storeId=10051&amp;catalogId=10054&amp;categoryId=26333" class="jq-flyout-nav--drilldown" data-cat-id="26333">...</a>
  (Session info: chrome=72.0.3626.121)
  (Driver info: chromedriver=2.41.578737 (49da6702b16031c40d63e5618de03a32ff6c197e),platform=Windows NT 6.1.7601 SP1 x86_64) (WARNING: The server did not provide any stacktrace information)
Command duration or timeout: 57 milliseconds
Build info: version: '3.4.0', revision: 'unknown', time: 'unknown'
System info: host: 'W7VDIHPQC16WPL', ip: '10.224.150.153', os.name: 'Windows 7', os.arch: 'amd64', os.version: '6.1', java.version: '1.8.0_191'
Driver info: org.openqa.selenium.chrome.ChromeDriver
Capabilities [{mobileEmulationEnabled=false, hasTouchScreen=false, platform=XP, acceptSslCerts=false, goog:chromeOptions={debuggerAddress=localhost:52859}, acceptInsecureCerts=false, webStorageEnabled=true, browserName=chrome, takesScreenshot=true, javascriptEnabled=true, setWindowRect=true, unexpectedAlertBehaviour=, applicationCacheEnabled=false, rotatable=false, networkConnectionEnabled=false, chrome={chromedriverVersion=2.41.578737 (49da6702b16031c40d63e5618de03a32ff6c197e), userDataDir=C:\Users\dj073227\AppData\Local\Temp\scoped_dir7960_8674}, takesHeapSnapshot=true, pageLoadStrategy=normal, databaseEnabled=false, handlesAlerts=true, version=72.0.3626.121, browserConnectionEnabled=false, nativeEvents=true, locationContextEnabled=true, cssSelectorsEnabled=true}]
Session ID: 871dd2cf98e42b8fb47aceb4581ef553
	at sun.reflect.NativeConstructorAccessorImpl.newInstance0(Native Method)
	at sun.reflect.NativeConstructorAccessorImpl.newInstance(Unknown Source)
	at sun.reflect.DelegatingConstructorAccessorImpl.newInstance(Unknown Source)
	at java.lang.reflect.Constructor.newInstance(Unknown Source)
	at org.openqa.selenium.remote.ErrorHandler.createThrowable(ErrorHandler.java:215)
	at org.openqa.selenium.remote.ErrorHandler.throwIfResponseFailed(ErrorHandler.java:167)
	at org.openqa.selenium.remote.RemoteWebDriver.execute(RemoteWebDriver.java:671)
	at org.openqa.selenium.remote.RemoteWebElement.execute(RemoteWebElement.java:272)
	at org.openqa.selenium.remote.RemoteWebElement.click(RemoteWebElement.java:82)
	at sun.reflect.NativeMethodAccessorImpl.invoke0(Native Method)
	at sun.reflect.NativeMethodAccessorImpl.invoke(Unknown Source)
	at sun.reflect.DelegatingMethodAccessorImpl.invoke(Unknown Source)
	at java.lang.reflect.Method.invoke(Unknown Source)
	at org.openqa.selenium.support.pagefactory.internal.LocatingElementHandler.invoke(LocatingElementHandler.java:51)
	at com.sun.proxy.$Proxy13.click(Unknown Source)
	at com.selenium.ebiz.pageobject.HomePage.clickCategoryAppliancesLinkText(HomePage.java:1852)
	at com.selenium.ebiz.account_management.login.LoginFromBrowsePage_NOTWORKING.VerifyLoginFromBrowsePageTest(LoginFromBrowsePage_NOTWORKING.java:24)
	at sun.reflect.NativeMethodAccessorImpl.invoke0(Native Method)
	at sun.reflect.NativeMethodAccessorImpl.invoke(Unknown Source)
	at sun.reflect.DelegatingMethodAccessorImpl.invoke(Unknown Source)
	at java.lang.reflect.Method.invoke(Unknown Source)
	at org.testng.internal.MethodInvocationHelper.invokeMethod(MethodInvocationHelper.java:108)
	at org.testng.internal.Invoker.invokeMethod(Invoker.java:661)
	at org.testng.internal.Invoker.invokeTestMethod(Invoker.java:869)
	at org.testng.internal.Invoker.invokeTestMethods(Invoker.java:1193)
	at org.testng.internal.TestMethodWorker.invokeTestMethods(TestMethodWorker.java:126)
	at org.testng.internal.TestMethodWorker.run(TestMethodWorker.java:109)
	at org.testng.TestRunner.privateRun(TestRunner.java:744)
	at org.testng.TestRunner.run(TestRunner.java:602)
	at org.testng.SuiteRunner.runTest(SuiteRunner.java:380)
	at org.testng.SuiteRunner.runSequentially(SuiteRunner.java:375)
	at org.testng.SuiteRunner.privateRun(SuiteRunner.java:340)
	at org.testng.SuiteRunner.run(SuiteRunner.java:289)
	at org.testng.SuiteRunnerWorker.runSuite(SuiteRunnerWorker.java:52)
	at org.testng.SuiteRunnerWorker.run(SuiteRunnerWorker.java:86)
	at org.testng.TestNG.runSuitesSequentially(TestNG.java:1301)
	at org.testng.TestNG.runSuitesLocally(TestNG.java:1226)
	at org.testng.TestNG.runSuites(TestNG.java:1144)
	at org.testng.TestNG.run(TestNG.java:1115)
	at org.testng.remote.AbstractRemoteTestNG.run(AbstractRemoteTestNG.java:114)
	at org.testng.remote.RemoteTestNG.initAndRun(RemoteTestNG.java:251)
	at org.testng.remote.RemoteTestNG.main(RemoteTestNG.java:77)
]]>
    </error>
  </testcase> <!-- VerifyLoginFromBrowsePageTest -->
</testsuite> <!-- com.selenium.ebiz.account_management.login.LoginFromBrowsePage_NOTWORKING -->
