<?xml version="1.0" encoding="UTF-8"?>
<!-- Generated by org.testng.reporters.JUnitReportReporter -->
<testsuite skipped="1" hostname="W7VDIHPQC16WPL" name="com.selenium.ebiz.add_to_list.addToList_nonParallelTests.VerifyAddAllToSavedListFromShoppingCartPage" tests="12" failures="0" timestamp="03 Apr 2019 08:29:51 GMT" time="231.895" errors="1">
  <testcase name="test_CreateNewListAndVerifyListWasCreated" time="7.658" classname="com.selenium.ebiz.add_to_list.addToList_nonParallelTests.VerifyAddAllToSavedListFromShoppingCartPage"/>
  <testcase name="test_AddProductsIntoQuickOrderPad" time="7.730" classname="com.selenium.ebiz.add_to_list.addToList_nonParallelTests.VerifyAddAllToSavedListFromShoppingCartPage"/>
  <testcase name="test_GetProductNumbersIntoQuickOrderForm" time="2.567" classname="com.selenium.ebiz.add_to_list.addToList_nonParallelTests.VerifyAddAllToSavedListFromShoppingCartPage"/>
  <testcase name="test_VerifyAddedPartsInSavedList" time="7.567" classname="com.selenium.ebiz.add_to_list.addToList_nonParallelTests.VerifyAddAllToSavedListFromShoppingCartPage"/>
  <testcase name="test_Login" time="7.969" classname="com.selenium.ebiz.add_to_list.addToList_nonParallelTests.VerifyAddAllToSavedListFromShoppingCartPage"/>
  <testcase name="test_NavigateIntoExistingListList" time="164.082" classname="com.selenium.ebiz.add_to_list.addToList_nonParallelTests.VerifyAddAllToSavedListFromShoppingCartPage">
    <error type="org.openqa.selenium.TimeoutException" message="Expected condition failed: waiting for visibility of Proxy element for: DefaultElementLocator &#039;By.xpath: //a[contains(text(),&#039;RECENTLY UPDATED&#039;)]&#039; (tried for 150 second(s) with 500 MILLISECONDS interval)">
      <![CDATA[org.openqa.selenium.TimeoutException: Expected condition failed: waiting for visibility of Proxy element for: DefaultElementLocator 'By.xpath: //a[contains(text(),'RECENTLY UPDATED')]' (tried for 150 second(s) with 500 MILLISECONDS interval)
	at org.openqa.selenium.support.ui.WebDriverWait.timeoutException(WebDriverWait.java:80)
	at org.openqa.selenium.support.ui.FluentWait.until(FluentWait.java:232)
	at com.selenium.ebiz.tools.WaitTool.waitForElement(WaitTool.java:73)
	at com.selenium.ebiz.pageobject.SavedListsPage.clickOnRecentlyUpdatedLink(SavedListsPage.java:788)
	at com.selenium.ebiz.add_to_list.addToList_nonParallelTests.VerifyAddAllToSavedListFromShoppingCartPage.test_NavigateIntoExistingListList(VerifyAddAllToSavedListFromShoppingCartPage.java:166)
	at sun.reflect.NativeMethodAccessorImpl.invoke0(Native Method)
	at sun.reflect.NativeMethodAccessorImpl.invoke(Unknown Source)
	at sun.reflect.DelegatingMethodAccessorImpl.invoke(Unknown Source)
	at java.lang.reflect.Method.invoke(Unknown Source)
	at org.testng.internal.MethodInvocationHelper.invokeMethod(MethodInvocationHelper.java:108)
	at org.testng.internal.Invoker.invokeMethod(Invoker.java:661)
	at org.testng.internal.Invoker.invokeTestMethod(Invoker.java:869)
	at org.testng.internal.Invoker.invokeTestMethods(Invoker.java:1193)
	at org.testng.internal.TestMethodWorker.invokeTestMethods(TestMethodWorker.java:126)
	at org.testng.internal.TestMethodWorker.run(TestMethodWorker.java:109)
	at org.testng.TestRunner.privateRun(TestRunner.java:744)
	at org.testng.TestRunner.run(TestRunner.java:602)
	at org.testng.SuiteRunner.runTest(SuiteRunner.java:380)
	at org.testng.SuiteRunner.runSequentially(SuiteRunner.java:375)
	at org.testng.SuiteRunner.privateRun(SuiteRunner.java:340)
	at org.testng.SuiteRunner.run(SuiteRunner.java:289)
	at org.testng.SuiteRunnerWorker.runSuite(SuiteRunnerWorker.java:52)
	at org.testng.SuiteRunnerWorker.run(SuiteRunnerWorker.java:86)
	at org.testng.TestNG.runSuitesSequentially(TestNG.java:1301)
	at org.testng.TestNG.runSuitesLocally(TestNG.java:1226)
	at org.testng.TestNG.runSuites(TestNG.java:1144)
	at org.testng.TestNG.run(TestNG.java:1115)
	at org.testng.remote.AbstractRemoteTestNG.run(AbstractRemoteTestNG.java:114)
	at org.testng.remote.RemoteTestNG.initAndRun(RemoteTestNG.java:251)
	at org.testng.remote.RemoteTestNG.main(RemoteTestNG.java:77)
Caused by: org.openqa.selenium.NoSuchElementException: no such element: Unable to locate element: {"method":"xpath","selector":"//a[contains(text(),'RECENTLY UPDATED')]"}
  (Session info: chrome=73.0.3683.86)
  (Driver info: chromedriver=2.41.578737 (49da6702b16031c40d63e5618de03a32ff6c197e),platform=Windows NT 6.1.7601 SP1 x86_64) (WARNING: The server did not provide any stacktrace information)
Command duration or timeout: 10 milliseconds
For documentation on this error, please visit: http://seleniumhq.org/exceptions/no_such_element.html
Build info: version: '3.4.0', revision: 'unknown', time: 'unknown'
System info: host: 'W7VDIHPQC16WPL', ip: '10.224.150.152', os.name: 'Windows 7', os.arch: 'amd64', os.version: '6.1', java.version: '1.8.0_191'
Driver info: org.openqa.selenium.chrome.ChromeDriver
Capabilities [{mobileEmulationEnabled=false, hasTouchScreen=false, platform=XP, acceptSslCerts=false, goog:chromeOptions={debuggerAddress=localhost:49943}, acceptInsecureCerts=false, webStorageEnabled=true, browserName=chrome, takesScreenshot=true, javascriptEnabled=true, setWindowRect=true, unexpectedAlertBehaviour=, applicationCacheEnabled=false, rotatable=false, networkConnectionEnabled=false, chrome={chromedriverVersion=2.41.578737 (49da6702b16031c40d63e5618de03a32ff6c197e), userDataDir=C:\Users\dj073227\AppData\Local\Temp\scoped_dir8900_29938}, takesHeapSnapshot=true, pageLoadStrategy=normal, databaseEnabled=false, handlesAlerts=true, version=73.0.3683.86, browserConnectionEnabled=false, nativeEvents=true, locationContextEnabled=true, cssSelectorsEnabled=true}]
Session ID: eabf1ea19d56e5efa88b4196f761f5b7
*** Element info: {Using=xpath, value=//a[contains(text(),'RECENTLY UPDATED')]}
	at sun.reflect.GeneratedConstructorAccessor40.newInstance(Unknown Source)
	at sun.reflect.DelegatingConstructorAccessorImpl.newInstance(Unknown Source)
	at java.lang.reflect.Constructor.newInstance(Unknown Source)
	at org.openqa.selenium.remote.ErrorHandler.createThrowable(ErrorHandler.java:215)
	at org.openqa.selenium.remote.ErrorHandler.throwIfResponseFailed(ErrorHandler.java:167)
	at org.openqa.selenium.remote.RemoteWebDriver.execute(RemoteWebDriver.java:671)
	at org.openqa.selenium.remote.RemoteWebDriver.findElement(RemoteWebDriver.java:410)
	at org.openqa.selenium.remote.RemoteWebDriver.findElementByXPath(RemoteWebDriver.java:509)
	at org.openqa.selenium.By$ByXPath.findElement(By.java:361)
	at org.openqa.selenium.remote.RemoteWebDriver.findElement(RemoteWebDriver.java:402)
	at org.openqa.selenium.support.pagefactory.DefaultElementLocator.findElement(DefaultElementLocator.java:69)
	at org.openqa.selenium.support.pagefactory.internal.LocatingElementHandler.invoke(LocatingElementHandler.java:38)
	at com.sun.proxy.$Proxy13.isDisplayed(Unknown Source)
	at org.openqa.selenium.support.ui.ExpectedConditions.elementIfVisible(ExpectedConditions.java:302)
	at org.openqa.selenium.support.ui.ExpectedConditions.access$100(ExpectedConditions.java:44)
	at org.openqa.selenium.support.ui.ExpectedConditions$10.apply(ExpectedConditions.java:288)
	at org.openqa.selenium.support.ui.ExpectedConditions$10.apply(ExpectedConditions.java:285)
	at org.openqa.selenium.support.ui.FluentWait.until(FluentWait.java:209)
	... 28 more
]]>
    </error>
  </testcase> <!-- test_NavigateIntoExistingListList -->
  <testcase name="test_VerifyPartsWereAddedIntoSC" time="0.054" classname="com.selenium.ebiz.add_to_list.addToList_nonParallelTests.VerifyAddAllToSavedListFromShoppingCartPage"/>
  <testcase name="test_VerifyPricesOfTheAddedPartsInSavedList" time="23.691" classname="com.selenium.ebiz.add_to_list.addToList_nonParallelTests.VerifyAddAllToSavedListFromShoppingCartPage"/>
  <testcase name="test_VerifyPartsAreAddedToTheExistingList" time="0.000" classname="com.selenium.ebiz.add_to_list.addToList_nonParallelTests.VerifyAddAllToSavedListFromShoppingCartPage">
    <skipped/>
  </testcase> <!-- test_VerifyPartsAreAddedToTheExistingList -->
  <testcase name="test_ClearShoppingCart" time="3.968" classname="com.selenium.ebiz.add_to_list.addToList_nonParallelTests.VerifyAddAllToSavedListFromShoppingCartPage"/>
  <testcase name="test_AddProducts" time="4.337" classname="com.selenium.ebiz.add_to_list.addToList_nonParallelTests.VerifyAddAllToSavedListFromShoppingCartPage"/>
  <testcase name="test_VerifyQuickOrderPadIsDisplayed" time="2.272" classname="com.selenium.ebiz.add_to_list.addToList_nonParallelTests.VerifyAddAllToSavedListFromShoppingCartPage"/>
</testsuite> <!-- com.selenium.ebiz.add_to_list.addToList_nonParallelTests.VerifyAddAllToSavedListFromShoppingCartPage -->
