<?xml version="1.0" encoding="UTF-8"?>
<!-- Generated by org.testng.reporters.JUnitReportReporter -->
<testsuite skipped="0" hostname="W7VDIHPQC16WPL" name="com.selenium.ebiz.smoketest.SmokeTest_2_End_To_End_Scenario2_BaseClassV8" tests="15" failures="0" timestamp="13 Dec 2018 08:25:57 GMT" time="46.489" errors="1">
  <testcase name="testLogin" time="5.121" classname="com.selenium.ebiz.smoketest.SmokeTest_2_End_To_End_Scenario2_BaseClassV8"/>
  <testcase name="testClearCart" time="6.456" classname="com.selenium.ebiz.smoketest.SmokeTest_2_End_To_End_Scenario2_BaseClassV8"/>
  <testcase name="searchByProductDescription" time="4.569" classname="com.selenium.ebiz.smoketest.SmokeTest_2_End_To_End_Scenario2_BaseClassV8"/>
  <testcase name="AddProductToCartFromPLP" time="5.211" classname="com.selenium.ebiz.smoketest.SmokeTest_2_End_To_End_Scenario2_BaseClassV8"/>
  <testcase name="AddProductToNewSaveList" time="0.939" classname="com.selenium.ebiz.smoketest.SmokeTest_2_End_To_End_Scenario2_BaseClassV8"/>
  <testcase name="ValidateAddreessOnShoppingCart" time="5.071" classname="com.selenium.ebiz.smoketest.SmokeTest_2_End_To_End_Scenario2_BaseClassV8"/>
  <testcase name="QuickOrderPeachTreeProductFromShoppingCart" time="3.213" classname="com.selenium.ebiz.smoketest.SmokeTest_2_End_To_End_Scenario2_BaseClassV8"/>
  <testcase name="verifyPeachTreeProductOnShoppingCartBeforeCustomization" time="0.088" classname="com.selenium.ebiz.smoketest.SmokeTest_2_End_To_End_Scenario2_BaseClassV8"/>
  <testcase name="validatePTConfiguratorTextWindow" time="0.753" classname="com.selenium.ebiz.smoketest.SmokeTest_2_End_To_End_Scenario2_BaseClassV8"/>
  <testcase name="customizePeachTreeProductAndAddToCart" time="6.258" classname="com.selenium.ebiz.smoketest.SmokeTest_2_End_To_End_Scenario2_BaseClassV8"/>
  <testcase name="verifyPeachTreeProductOnShoppingCartAfterCustomization" time="0.075" classname="com.selenium.ebiz.smoketest.SmokeTest_2_End_To_End_Scenario2_BaseClassV8"/>
  <testcase name="NavigateToAddPaymentAndCheckoutPage" time="0.139" classname="com.selenium.ebiz.smoketest.SmokeTest_2_End_To_End_Scenario2_BaseClassV8"/>
  <testcase name="validateCartSummary" time="0.120" classname="com.selenium.ebiz.smoketest.SmokeTest_2_End_To_End_Scenario2_BaseClassV8">
    <error type="org.openqa.selenium.NoSuchElementException" message="no such element: Unable to locate element: {&quot;method&quot;:&quot;xpath&quot;,&quot;selector&quot;:&quot;//span[contains(text(),&#039;TAX&#039;)]/../span[2]&quot;}
  (Session info: chrome=70.0.3538.110)
  (Driver info: chromedriver=2.41.578737 (49da6702b16031c40d63e5618de03a32ff6c197e),platform=Windows NT 6.1.7601 SP1 x86_64) (WARNING: The server did not provide any stacktrace information)
Command duration or timeout: 17 milliseconds
For documentation on this error, please visit: http://seleniumhq.org/exceptions/no_such_element.html
Build info: version: &#039;3.4.0&#039;, revision: &#039;unknown&#039;, time: &#039;unknown&#039;
System info: host: &#039;W7VDIHPQC16WPL&#039;, ip: &#039;10.224.150.138&#039;, os.name: &#039;Windows 7&#039;, os.arch: &#039;amd64&#039;, os.version: &#039;6.1&#039;, java.version: &#039;1.8.0_191&#039;
Driver info: org.openqa.selenium.chrome.ChromeDriver
Capabilities [{mobileEmulationEnabled=false, hasTouchScreen=false, platform=XP, acceptSslCerts=false, goog:chromeOptions={debuggerAddress=localhost:63587}, acceptInsecureCerts=false, webStorageEnabled=true, browserName=chrome, takesScreenshot=true, javascriptEnabled=true, setWindowRect=true, unexpectedAlertBehaviour=, applicationCacheEnabled=false, rotatable=false, networkConnectionEnabled=false, chrome={chromedriverVersion=2.41.578737 (49da6702b16031c40d63e5618de03a32ff6c197e), userDataDir=C:\Users\dj073227\AppData\Local\Temp\scoped_dir7748_15984}, takesHeapSnapshot=true, pageLoadStrategy=normal, databaseEnabled=false, handlesAlerts=true, version=70.0.3538.110, browserConnectionEnabled=false, nativeEvents=true, locationContextEnabled=true, cssSelectorsEnabled=true}]
Session ID: 70fa51e363a1f3016fc0502342e1ddea
*** Element info: {Using=xpath, value=//span[contains(text(),&#039;TAX&#039;)]/../span[2]}">
      <![CDATA[org.openqa.selenium.NoSuchElementException: no such element: Unable to locate element: {"method":"xpath","selector":"//span[contains(text(),'TAX')]/../span[2]"}
  (Session info: chrome=70.0.3538.110)
  (Driver info: chromedriver=2.41.578737 (49da6702b16031c40d63e5618de03a32ff6c197e),platform=Windows NT 6.1.7601 SP1 x86_64) (WARNING: The server did not provide any stacktrace information)
Command duration or timeout: 17 milliseconds
For documentation on this error, please visit: http://seleniumhq.org/exceptions/no_such_element.html
Build info: version: '3.4.0', revision: 'unknown', time: 'unknown'
System info: host: 'W7VDIHPQC16WPL', ip: '10.224.150.138', os.name: 'Windows 7', os.arch: 'amd64', os.version: '6.1', java.version: '1.8.0_191'
Driver info: org.openqa.selenium.chrome.ChromeDriver
Capabilities [{mobileEmulationEnabled=false, hasTouchScreen=false, platform=XP, acceptSslCerts=false, goog:chromeOptions={debuggerAddress=localhost:63587}, acceptInsecureCerts=false, webStorageEnabled=true, browserName=chrome, takesScreenshot=true, javascriptEnabled=true, setWindowRect=true, unexpectedAlertBehaviour=, applicationCacheEnabled=false, rotatable=false, networkConnectionEnabled=false, chrome={chromedriverVersion=2.41.578737 (49da6702b16031c40d63e5618de03a32ff6c197e), userDataDir=C:\Users\dj073227\AppData\Local\Temp\scoped_dir7748_15984}, takesHeapSnapshot=true, pageLoadStrategy=normal, databaseEnabled=false, handlesAlerts=true, version=70.0.3538.110, browserConnectionEnabled=false, nativeEvents=true, locationContextEnabled=true, cssSelectorsEnabled=true}]
Session ID: 70fa51e363a1f3016fc0502342e1ddea
*** Element info: {Using=xpath, value=//span[contains(text(),'TAX')]/../span[2]}
	at sun.reflect.NativeConstructorAccessorImpl.newInstance0(Native Method)
	at sun.reflect.NativeConstructorAccessorImpl.newInstance(Unknown Source)
	at sun.reflect.DelegatingConstructorAccessorImpl.newInstance(Unknown Source)
	at java.lang.reflect.Constructor.newInstance(Unknown Source)
	at org.openqa.selenium.remote.ErrorHandler.createThrowable(ErrorHandler.java:215)
	at org.openqa.selenium.remote.ErrorHandler.throwIfResponseFailed(ErrorHandler.java:167)
	at org.openqa.selenium.remote.RemoteWebDriver.execute(RemoteWebDriver.java:671)
	at org.openqa.selenium.remote.RemoteWebDriver.findElement(RemoteWebDriver.java:410)
	at org.openqa.selenium.remote.RemoteWebDriver.findElementByXPath(RemoteWebDriver.java:509)
	at org.openqa.selenium.By$ByXPath.findElement(By.java:361)
	at org.openqa.selenium.remote.RemoteWebDriver.findElement(RemoteWebDriver.java:402)
	at org.openqa.selenium.support.pagefactory.DefaultElementLocator.findElement(DefaultElementLocator.java:69)
	at org.openqa.selenium.support.pagefactory.internal.LocatingElementHandler.invoke(LocatingElementHandler.java:38)
	at com.sun.proxy.$Proxy13.getText(Unknown Source)
	at com.selenium.ebiz.pageobject.PaymentAndCheckOutPage.displayedTaxValue(PaymentAndCheckOutPage.java:445)
	at com.selenium.ebiz.smoketest.SmokeTest_2_End_To_End_Scenario2_BaseClassV8.validateCartSummary(SmokeTest_2_End_To_End_Scenario2_BaseClassV8.java:150)
	at sun.reflect.NativeMethodAccessorImpl.invoke0(Native Method)
	at sun.reflect.NativeMethodAccessorImpl.invoke(Unknown Source)
	at sun.reflect.DelegatingMethodAccessorImpl.invoke(Unknown Source)
	at java.lang.reflect.Method.invoke(Unknown Source)
	at org.testng.internal.MethodInvocationHelper.invokeMethod(MethodInvocationHelper.java:108)
	at org.testng.internal.Invoker.invokeMethod(Invoker.java:661)
	at org.testng.internal.Invoker.invokeTestMethod(Invoker.java:869)
	at org.testng.internal.Invoker.invokeTestMethods(Invoker.java:1193)
	at org.testng.internal.TestMethodWorker.invokeTestMethods(TestMethodWorker.java:126)
	at org.testng.internal.TestMethodWorker.run(TestMethodWorker.java:109)
	at org.testng.TestRunner.privateRun(TestRunner.java:744)
	at org.testng.TestRunner.run(TestRunner.java:602)
	at org.testng.SuiteRunner.runTest(SuiteRunner.java:380)
	at org.testng.SuiteRunner.runSequentially(SuiteRunner.java:375)
	at org.testng.SuiteRunner.privateRun(SuiteRunner.java:340)
	at org.testng.SuiteRunner.run(SuiteRunner.java:289)
	at org.testng.SuiteRunnerWorker.runSuite(SuiteRunnerWorker.java:52)
	at org.testng.SuiteRunnerWorker.run(SuiteRunnerWorker.java:86)
	at org.testng.TestNG.runSuitesSequentially(TestNG.java:1301)
	at org.testng.TestNG.runSuitesLocally(TestNG.java:1226)
	at org.testng.TestNG.runSuites(TestNG.java:1144)
	at org.testng.TestNG.run(TestNG.java:1115)
	at org.testng.remote.AbstractRemoteTestNG.run(AbstractRemoteTestNG.java:114)
	at org.testng.remote.RemoteTestNG.initAndRun(RemoteTestNG.java:251)
	at org.testng.remote.RemoteTestNG.main(RemoteTestNG.java:77)
]]>
    </error>
  </testcase> <!-- validateCartSummary -->
  <testcase name="placeWebOrder" time="8.379" classname="com.selenium.ebiz.smoketest.SmokeTest_2_End_To_End_Scenario2_BaseClassV8"/>
  <testcase name="captureWebOrderNumber" time="0.097" classname="com.selenium.ebiz.smoketest.SmokeTest_2_End_To_End_Scenario2_BaseClassV8"/>
</testsuite> <!-- com.selenium.ebiz.smoketest.SmokeTest_2_End_To_End_Scenario2_BaseClassV8 -->
