<?xml version="1.0" encoding="UTF-8"?>
<!-- Generated by org.testng.reporters.JUnitReportReporter -->
<testsuite skipped="0" hostname="W7VDIHPQC16WPL" name="com.selenium.ebiz.order_history.orderHistory_grid.VerifyFieldsOnTheOrderHistorySummaryPage_Grid" tests="5" failures="0" timestamp="11 Oct 2019 08:57:17 GMT" time="120.215" errors="1">
  <testcase name="orderHistory_VerifyPaginationOnTheOrderHistorySummaryPage" time="25.600" classname="com.selenium.ebiz.order_history.orderHistory_grid.VerifyFieldsOnTheOrderHistorySummaryPage_Grid"/>
  <testcase name="orderHistory_VerifyColumnHeadingsOnTheOrderHistorySummaryPage" time="24.182" classname="com.selenium.ebiz.order_history.orderHistory_grid.VerifyFieldsOnTheOrderHistorySummaryPage_Grid"/>
  <testcase name="orderHistory_VerifySearchOnTheOrderHistorySummaryPage" time="26.270" classname="com.selenium.ebiz.order_history.orderHistory_grid.VerifyFieldsOnTheOrderHistorySummaryPage_Grid">
    <error type="java.lang.IndexOutOfBoundsException" message="Index: 0, Size: 0">
      <![CDATA[java.lang.IndexOutOfBoundsException: Index: 0, Size: 0
	at java.util.ArrayList.rangeCheck(Unknown Source)
	at java.util.ArrayList.get(Unknown Source)
	at sun.reflect.GeneratedMethodAccessor11.invoke(Unknown Source)
	at sun.reflect.DelegatingMethodAccessorImpl.invoke(Unknown Source)
	at java.lang.reflect.Method.invoke(Unknown Source)
	at org.openqa.selenium.support.pagefactory.internal.LocatingElementListHandler.invoke(LocatingElementListHandler.java:39)
	at com.sun.proxy.$Proxy13.get(Unknown Source)
	at com.selenium.ebiz.pageobject.OrdersPage.getNoOfOrdersAfterSearch(OrdersPage.java:207)
	at com.selenium.ebiz.order_history.orderHistory_grid.VerifyFieldsOnTheOrderHistorySummaryPage_Grid.orderHistory_VerifySearchOnTheOrderHistorySummaryPage(VerifyFieldsOnTheOrderHistorySummaryPage_Grid.java:66)
	at sun.reflect.NativeMethodAccessorImpl.invoke0(Native Method)
	at sun.reflect.NativeMethodAccessorImpl.invoke(Unknown Source)
	at sun.reflect.DelegatingMethodAccessorImpl.invoke(Unknown Source)
	at java.lang.reflect.Method.invoke(Unknown Source)
	at org.testng.internal.MethodInvocationHelper.invokeMethod(MethodInvocationHelper.java:108)
	at org.testng.internal.Invoker.invokeMethod(Invoker.java:661)
	at org.testng.internal.Invoker.invokeTestMethod(Invoker.java:869)
	at org.testng.internal.TestMethodWithDataProviderMethodWorker.call(TestMethodWithDataProviderMethodWorker.java:75)
	at org.testng.internal.TestMethodWithDataProviderMethodWorker.call(TestMethodWithDataProviderMethodWorker.java:14)
	at java.util.concurrent.FutureTask.run(Unknown Source)
	at java.util.concurrent.Executors$RunnableAdapter.call(Unknown Source)
	at java.util.concurrent.FutureTask.run(Unknown Source)
	at java.util.concurrent.ThreadPoolExecutor.runWorker(Unknown Source)
	at java.util.concurrent.ThreadPoolExecutor$Worker.run(Unknown Source)
	at java.lang.Thread.run(Unknown Source)
]]>
    </error>
  </testcase> <!-- orderHistory_VerifySearchOnTheOrderHistorySummaryPage -->
  <testcase name="orderHistory_VerifyDropdownOnTheOrderHistorySummaryPage" time="22.455" classname="com.selenium.ebiz.order_history.orderHistory_grid.VerifyFieldsOnTheOrderHistorySummaryPage_Grid"/>
  <testcase name="orderHistory_VerifyTabHeadersOnTheOrderHistorySummaryPage" time="21.708" classname="com.selenium.ebiz.order_history.orderHistory_grid.VerifyFieldsOnTheOrderHistorySummaryPage_Grid"/>
</testsuite> <!-- com.selenium.ebiz.order_history.orderHistory_grid.VerifyFieldsOnTheOrderHistorySummaryPage_Grid -->
