<?xml version="1.0" encoding="UTF-8"?>
<!-- Generated by org.testng.reporters.JUnitReportReporter -->
<testsuite skipped="0" hostname="W7VDIHPQC16WPL" name="com.selenium.ebiz.quotes.VerifyingEmailOnQuoteLandingPage" tests="1" failures="0" timestamp="12 Jul 2019 10:02:16 GMT" time="248.204" errors="1">
  <testcase name="quotes_VerifyingEmailOnQuoteLandingPage" time="248.204" classname="com.selenium.ebiz.quotes.VerifyingEmailOnQuoteLandingPage">
    <error type="org.openqa.selenium.TimeoutException" message="Expected condition failed: waiting for alert to be present (tried for 150 second(s) with 500 MILLISECONDS interval)
Build info: version: &#039;3.4.0&#039;, revision: &#039;unknown&#039;, time: &#039;unknown&#039;
System info: host: &#039;W7VDIHPQC16WPL&#039;, ip: &#039;10.224.150.140&#039;, os.name: &#039;Windows 7&#039;, os.arch: &#039;amd64&#039;, os.version: &#039;6.1&#039;, java.version: &#039;1.8.0_191&#039;
Driver info: org.openqa.selenium.remote.RemoteWebDriver
Capabilities [{mobileEmulationEnabled=false, hasTouchScreen=false, platform=XP, acceptSslCerts=false, goog:chromeOptions={debuggerAddress=localhost:62139}, acceptInsecureCerts=false, webStorageEnabled=true, browserName=chrome, takesScreenshot=true, javascriptEnabled=true, setWindowRect=true, unexpectedAlertBehaviour=, applicationCacheEnabled=false, rotatable=false, networkConnectionEnabled=false, chrome={chromedriverVersion=2.41.578737 (49da6702b16031c40d63e5618de03a32ff6c197e), userDataDir=C:\Users\dj073227\AppData\Local\Temp\scoped_dir5028_6040}, takesHeapSnapshot=true, pageLoadStrategy=normal, databaseEnabled=false, handlesAlerts=true, version=75.0.3770.100, browserConnectionEnabled=false, nativeEvents=true, webdriver.remote.sessionid=4d68f1bab0482f6bdc471bf975338bcf, locationContextEnabled=true, cssSelectorsEnabled=true}]
Session ID: 4d68f1bab0482f6bdc471bf975338bcf">
      <![CDATA[org.openqa.selenium.TimeoutException: Expected condition failed: waiting for alert to be present (tried for 150 second(s) with 500 MILLISECONDS interval)
Build info: version: '3.4.0', revision: 'unknown', time: 'unknown'
System info: host: 'W7VDIHPQC16WPL', ip: '10.224.150.140', os.name: 'Windows 7', os.arch: 'amd64', os.version: '6.1', java.version: '1.8.0_191'
Driver info: org.openqa.selenium.remote.RemoteWebDriver
Capabilities [{mobileEmulationEnabled=false, hasTouchScreen=false, platform=XP, acceptSslCerts=false, goog:chromeOptions={debuggerAddress=localhost:62139}, acceptInsecureCerts=false, webStorageEnabled=true, browserName=chrome, takesScreenshot=true, javascriptEnabled=true, setWindowRect=true, unexpectedAlertBehaviour=, applicationCacheEnabled=false, rotatable=false, networkConnectionEnabled=false, chrome={chromedriverVersion=2.41.578737 (49da6702b16031c40d63e5618de03a32ff6c197e), userDataDir=C:\Users\dj073227\AppData\Local\Temp\scoped_dir5028_6040}, takesHeapSnapshot=true, pageLoadStrategy=normal, databaseEnabled=false, handlesAlerts=true, version=75.0.3770.100, browserConnectionEnabled=false, nativeEvents=true, webdriver.remote.sessionid=4d68f1bab0482f6bdc471bf975338bcf, locationContextEnabled=true, cssSelectorsEnabled=true}]
Session ID: 4d68f1bab0482f6bdc471bf975338bcf
	at org.openqa.selenium.support.ui.WebDriverWait.timeoutException(WebDriverWait.java:80)
	at org.openqa.selenium.support.ui.FluentWait.until(FluentWait.java:232)
	at com.selenium.ebiz.tools.WaitTool.waitForAlert(WaitTool.java:79)
	at com.selenium.ebiz.tools.CommonFunctions.acceptPopupMessageBox(CommonFunctions.java:90)
	at com.selenium.ebiz.pageobject.EMailPage.fillOutEmailFields(EMailPage.java:44)
	at com.selenium.ebiz.quotes.VerifyingEmailOnQuoteLandingPage.quotes_VerifyingEmailOnQuoteLandingPage(VerifyingEmailOnQuoteLandingPage.java:37)
	at sun.reflect.NativeMethodAccessorImpl.invoke0(Native Method)
	at sun.reflect.NativeMethodAccessorImpl.invoke(Unknown Source)
	at sun.reflect.DelegatingMethodAccessorImpl.invoke(Unknown Source)
	at java.lang.reflect.Method.invoke(Unknown Source)
	at org.testng.internal.MethodInvocationHelper.invokeMethod(MethodInvocationHelper.java:108)
	at org.testng.internal.Invoker.invokeMethod(Invoker.java:661)
	at org.testng.internal.Invoker.invokeTestMethod(Invoker.java:869)
	at org.testng.internal.TestMethodWithDataProviderMethodWorker.call(TestMethodWithDataProviderMethodWorker.java:75)
	at org.testng.internal.TestMethodWithDataProviderMethodWorker.call(TestMethodWithDataProviderMethodWorker.java:14)
	at java.util.concurrent.FutureTask.run(Unknown Source)
	at java.util.concurrent.Executors$RunnableAdapter.call(Unknown Source)
	at java.util.concurrent.FutureTask.run(Unknown Source)
	at java.util.concurrent.ThreadPoolExecutor.runWorker(Unknown Source)
	at java.util.concurrent.ThreadPoolExecutor$Worker.run(Unknown Source)
	at java.lang.Thread.run(Unknown Source)
]]>
    </error>
  </testcase> <!-- quotes_VerifyingEmailOnQuoteLandingPage -->
</testsuite> <!-- com.selenium.ebiz.quotes.VerifyingEmailOnQuoteLandingPage -->
