<?xml version="1.0" encoding="UTF-8"?>
<!-- Generated by org.testng.reporters.JUnitReportReporter -->
<testsuite skipped="0" hostname="W7VDIHPQC16WPL" name="com.selenium.ebiz.prerequisites_tests.OrderCreationTest" tests="100" failures="0" timestamp="13 Jun 2019 12:18:47 GMT" time="5671.290" errors="5">
  <testcase name="createOrdersWithChargeMyAccountOption" time="57.094" classname="com.selenium.ebiz.prerequisites_tests.OrderCreationTest"/>
  <testcase name="createOrdersWithChargeMyAccountOption" time="59.344" classname="com.selenium.ebiz.prerequisites_tests.OrderCreationTest">
    <error type="java.lang.NumberFormatException" message="For input string: &quot;1,507.84&quot;">
      <![CDATA[java.lang.NumberFormatException: For input string: "1,507.84"
	at sun.misc.FloatingDecimal.readJavaFormatString(Unknown Source)
	at sun.misc.FloatingDecimal.parseFloat(Unknown Source)
	at java.lang.Float.parseFloat(Unknown Source)
	at com.selenium.ebiz.pageobject.PaymentAndCheckOutPage.getTotalValue(PaymentAndCheckOutPage.java:550)
	at com.selenium.ebiz.pageobject.PaymentAndCheckOutPage.clickOnSubmitSecureOrder(PaymentAndCheckOutPage.java:499)
	at com.selenium.ebiz.prerequisites_tests.OrderCreationTest.createOrdersWithChargeMyAccountOption(OrderCreationTest.java:38)
	at sun.reflect.NativeMethodAccessorImpl.invoke0(Native Method)
	at sun.reflect.NativeMethodAccessorImpl.invoke(Unknown Source)
	at sun.reflect.DelegatingMethodAccessorImpl.invoke(Unknown Source)
	at java.lang.reflect.Method.invoke(Unknown Source)
	at org.testng.internal.MethodInvocationHelper.invokeMethod(MethodInvocationHelper.java:108)
	at org.testng.internal.Invoker.invokeMethod(Invoker.java:661)
	at org.testng.internal.Invoker.invokeTestMethod(Invoker.java:869)
	at org.testng.internal.TestMethodWithDataProviderMethodWorker.call(TestMethodWithDataProviderMethodWorker.java:75)
	at org.testng.internal.TestMethodWithDataProviderMethodWorker.call(TestMethodWithDataProviderMethodWorker.java:14)
	at java.util.concurrent.FutureTask.run(Unknown Source)
	at java.util.concurrent.Executors$RunnableAdapter.call(Unknown Source)
	at java.util.concurrent.FutureTask.run(Unknown Source)
	at java.util.concurrent.ThreadPoolExecutor.runWorker(Unknown Source)
	at java.util.concurrent.ThreadPoolExecutor$Worker.run(Unknown Source)
	at java.lang.Thread.run(Unknown Source)
]]>
    </error>
  </testcase> <!-- createOrdersWithChargeMyAccountOption -->
  <testcase name="createOrdersWithChargeMyAccountOption" time="85.910" classname="com.selenium.ebiz.prerequisites_tests.OrderCreationTest"/>
  <testcase name="createOrdersWithChargeMyAccountOption" time="75.542" classname="com.selenium.ebiz.prerequisites_tests.OrderCreationTest"/>
  <testcase name="createOrdersWithChargeMyAccountOption" time="31.930" classname="com.selenium.ebiz.prerequisites_tests.OrderCreationTest"/>
  <testcase name="createOrdersWithChargeMyAccountOption" time="95.923" classname="com.selenium.ebiz.prerequisites_tests.OrderCreationTest"/>
  <testcase name="createOrdersWithChargeMyAccountOption" time="52.707" classname="com.selenium.ebiz.prerequisites_tests.OrderCreationTest"/>
  <testcase name="createOrdersWithChargeMyAccountOption" time="57.339" classname="com.selenium.ebiz.prerequisites_tests.OrderCreationTest"/>
  <testcase name="createOrdersWithChargeMyAccountOption" time="64.748" classname="com.selenium.ebiz.prerequisites_tests.OrderCreationTest"/>
  <testcase name="createOrdersWithChargeMyAccountOption" time="32.084" classname="com.selenium.ebiz.prerequisites_tests.OrderCreationTest"/>
  <testcase name="createOrdersWithChargeMyAccountOption" time="51.874" classname="com.selenium.ebiz.prerequisites_tests.OrderCreationTest"/>
  <testcase name="createOrdersWithChargeMyAccountOption" time="32.682" classname="com.selenium.ebiz.prerequisites_tests.OrderCreationTest"/>
  <testcase name="createOrdersWithChargeMyAccountOption" time="32.887" classname="com.selenium.ebiz.prerequisites_tests.OrderCreationTest"/>
  <testcase name="createOrdersWithChargeMyAccountOption" time="77.351" classname="com.selenium.ebiz.prerequisites_tests.OrderCreationTest"/>
  <testcase name="createOrdersWithChargeMyAccountOption" time="31.680" classname="com.selenium.ebiz.prerequisites_tests.OrderCreationTest"/>
  <testcase name="createOrdersWithChargeMyAccountOption" time="75.513" classname="com.selenium.ebiz.prerequisites_tests.OrderCreationTest"/>
  <testcase name="createOrdersWithChargeMyAccountOption" time="85.722" classname="com.selenium.ebiz.prerequisites_tests.OrderCreationTest"/>
  <testcase name="createOrdersWithChargeMyAccountOption" time="65.161" classname="com.selenium.ebiz.prerequisites_tests.OrderCreationTest"/>
  <testcase name="createOrdersWithChargeMyAccountOption" time="66.063" classname="com.selenium.ebiz.prerequisites_tests.OrderCreationTest"/>
  <testcase name="createOrdersWithChargeMyAccountOption" time="74.111" classname="com.selenium.ebiz.prerequisites_tests.OrderCreationTest"/>
  <testcase name="createOrdersWithChargeMyAccountOption" time="75.545" classname="com.selenium.ebiz.prerequisites_tests.OrderCreationTest"/>
  <testcase name="createOrdersWithChargeMyAccountOption" time="33.237" classname="com.selenium.ebiz.prerequisites_tests.OrderCreationTest"/>
  <testcase name="createOrdersWithChargeMyAccountOption" time="33.111" classname="com.selenium.ebiz.prerequisites_tests.OrderCreationTest"/>
  <testcase name="createOrdersWithChargeMyAccountOption" time="69.963" classname="com.selenium.ebiz.prerequisites_tests.OrderCreationTest"/>
  <testcase name="createOrdersWithChargeMyAccountOption" time="28.284" classname="com.selenium.ebiz.prerequisites_tests.OrderCreationTest">
    <error type="java.util.EmptyStackException">
      <![CDATA[java.util.EmptyStackException
	at java.util.Stack.peek(Unknown Source)
	at java.util.Stack.pop(Unknown Source)
	at com.selenium.ebiz.prerequisites_tests.OrderCreationTest.createOrdersWithChargeMyAccountOption(OrderCreationTest.java:24)
	at sun.reflect.GeneratedMethodAccessor17.invoke(Unknown Source)
	at sun.reflect.DelegatingMethodAccessorImpl.invoke(Unknown Source)
	at java.lang.reflect.Method.invoke(Unknown Source)
	at org.testng.internal.MethodInvocationHelper.invokeMethod(MethodInvocationHelper.java:108)
	at org.testng.internal.Invoker.invokeMethod(Invoker.java:661)
	at org.testng.internal.Invoker.invokeTestMethod(Invoker.java:869)
	at org.testng.internal.TestMethodWithDataProviderMethodWorker.call(TestMethodWithDataProviderMethodWorker.java:75)
	at org.testng.internal.TestMethodWithDataProviderMethodWorker.call(TestMethodWithDataProviderMethodWorker.java:14)
	at java.util.concurrent.FutureTask.run(Unknown Source)
	at java.util.concurrent.Executors$RunnableAdapter.call(Unknown Source)
	at java.util.concurrent.FutureTask.run(Unknown Source)
	at java.util.concurrent.ThreadPoolExecutor.runWorker(Unknown Source)
	at java.util.concurrent.ThreadPoolExecutor$Worker.run(Unknown Source)
	at java.lang.Thread.run(Unknown Source)
]]>
    </error>
  </testcase> <!-- createOrdersWithChargeMyAccountOption -->
  <testcase name="createOrdersWithChargeMyAccountOption" time="36.111" classname="com.selenium.ebiz.prerequisites_tests.OrderCreationTest"/>
  <testcase name="createOrdersWithChargeMyAccountOption" time="33.049" classname="com.selenium.ebiz.prerequisites_tests.OrderCreationTest"/>
  <testcase name="createOrdersWithChargeMyAccountOption" time="35.414" classname="com.selenium.ebiz.prerequisites_tests.OrderCreationTest"/>
  <testcase name="createOrdersWithChargeMyAccountOption" time="52.418" classname="com.selenium.ebiz.prerequisites_tests.OrderCreationTest"/>
  <testcase name="createOrdersWithChargeMyAccountOption" time="33.915" classname="com.selenium.ebiz.prerequisites_tests.OrderCreationTest"/>
  <testcase name="createOrdersWithChargeMyAccountOption" time="94.887" classname="com.selenium.ebiz.prerequisites_tests.OrderCreationTest"/>
  <testcase name="createOrdersWithChargeMyAccountOption" time="34.766" classname="com.selenium.ebiz.prerequisites_tests.OrderCreationTest"/>
  <testcase name="createOrdersWithChargeMyAccountOption" time="33.824" classname="com.selenium.ebiz.prerequisites_tests.OrderCreationTest"/>
  <testcase name="createOrdersWithChargeMyAccountOption" time="49.058" classname="com.selenium.ebiz.prerequisites_tests.OrderCreationTest"/>
  <testcase name="createOrdersWithChargeMyAccountOption" time="28.095" classname="com.selenium.ebiz.prerequisites_tests.OrderCreationTest">
    <error type="java.util.EmptyStackException">
      <![CDATA[java.util.EmptyStackException
	at java.util.Stack.peek(Unknown Source)
	at java.util.Stack.pop(Unknown Source)
	at com.selenium.ebiz.prerequisites_tests.OrderCreationTest.createOrdersWithChargeMyAccountOption(OrderCreationTest.java:24)
	at sun.reflect.GeneratedMethodAccessor17.invoke(Unknown Source)
	at sun.reflect.DelegatingMethodAccessorImpl.invoke(Unknown Source)
	at java.lang.reflect.Method.invoke(Unknown Source)
	at org.testng.internal.MethodInvocationHelper.invokeMethod(MethodInvocationHelper.java:108)
	at org.testng.internal.Invoker.invokeMethod(Invoker.java:661)
	at org.testng.internal.Invoker.invokeTestMethod(Invoker.java:869)
	at org.testng.internal.TestMethodWithDataProviderMethodWorker.call(TestMethodWithDataProviderMethodWorker.java:75)
	at org.testng.internal.TestMethodWithDataProviderMethodWorker.call(TestMethodWithDataProviderMethodWorker.java:14)
	at java.util.concurrent.FutureTask.run(Unknown Source)
	at java.util.concurrent.Executors$RunnableAdapter.call(Unknown Source)
	at java.util.concurrent.FutureTask.run(Unknown Source)
	at java.util.concurrent.ThreadPoolExecutor.runWorker(Unknown Source)
	at java.util.concurrent.ThreadPoolExecutor$Worker.run(Unknown Source)
	at java.lang.Thread.run(Unknown Source)
]]>
    </error>
  </testcase> <!-- createOrdersWithChargeMyAccountOption -->
  <testcase name="createOrdersWithChargeMyAccountOption" time="75.415" classname="com.selenium.ebiz.prerequisites_tests.OrderCreationTest"/>
  <testcase name="createOrdersWithChargeMyAccountOption" time="34.402" classname="com.selenium.ebiz.prerequisites_tests.OrderCreationTest"/>
  <testcase name="createOrdersWithChargeMyAccountOption" time="53.105" classname="com.selenium.ebiz.prerequisites_tests.OrderCreationTest"/>
  <testcase name="createOrdersWithChargeMyAccountOption" time="50.450" classname="com.selenium.ebiz.prerequisites_tests.OrderCreationTest"/>
  <testcase name="createOrdersWithChargeMyAccountOption" time="70.420" classname="com.selenium.ebiz.prerequisites_tests.OrderCreationTest"/>
  <testcase name="createOrdersWithChargeMyAccountOption" time="75.054" classname="com.selenium.ebiz.prerequisites_tests.OrderCreationTest"/>
  <testcase name="createOrdersWithChargeMyAccountOption" time="52.706" classname="com.selenium.ebiz.prerequisites_tests.OrderCreationTest"/>
  <testcase name="createOrdersWithChargeMyAccountOption" time="54.365" classname="com.selenium.ebiz.prerequisites_tests.OrderCreationTest"/>
  <testcase name="createOrdersWithChargeMyAccountOption" time="46.794" classname="com.selenium.ebiz.prerequisites_tests.OrderCreationTest"/>
  <testcase name="createOrdersWithChargeMyAccountOption" time="32.386" classname="com.selenium.ebiz.prerequisites_tests.OrderCreationTest"/>
  <testcase name="createOrdersWithChargeMyAccountOption" time="38.281" classname="com.selenium.ebiz.prerequisites_tests.OrderCreationTest"/>
  <testcase name="createOrdersWithChargeMyAccountOption" time="53.292" classname="com.selenium.ebiz.prerequisites_tests.OrderCreationTest"/>
  <testcase name="createOrdersWithChargeMyAccountOption" time="34.317" classname="com.selenium.ebiz.prerequisites_tests.OrderCreationTest"/>
  <testcase name="createOrdersWithChargeMyAccountOption" time="67.181" classname="com.selenium.ebiz.prerequisites_tests.OrderCreationTest"/>
  <testcase name="createOrdersWithChargeMyAccountOption" time="72.679" classname="com.selenium.ebiz.prerequisites_tests.OrderCreationTest"/>
  <testcase name="createOrdersWithChargeMyAccountOption" time="109.596" classname="com.selenium.ebiz.prerequisites_tests.OrderCreationTest"/>
  <testcase name="createOrdersWithChargeMyAccountOption" time="73.304" classname="com.selenium.ebiz.prerequisites_tests.OrderCreationTest"/>
  <testcase name="createOrdersWithChargeMyAccountOption" time="53.148" classname="com.selenium.ebiz.prerequisites_tests.OrderCreationTest"/>
  <testcase name="createOrdersWithChargeMyAccountOption" time="28.282" classname="com.selenium.ebiz.prerequisites_tests.OrderCreationTest">
    <error type="java.util.EmptyStackException">
      <![CDATA[java.util.EmptyStackException
	at java.util.Stack.peek(Unknown Source)
	at java.util.Stack.pop(Unknown Source)
	at com.selenium.ebiz.prerequisites_tests.OrderCreationTest.createOrdersWithChargeMyAccountOption(OrderCreationTest.java:24)
	at sun.reflect.GeneratedMethodAccessor17.invoke(Unknown Source)
	at sun.reflect.DelegatingMethodAccessorImpl.invoke(Unknown Source)
	at java.lang.reflect.Method.invoke(Unknown Source)
	at org.testng.internal.MethodInvocationHelper.invokeMethod(MethodInvocationHelper.java:108)
	at org.testng.internal.Invoker.invokeMethod(Invoker.java:661)
	at org.testng.internal.Invoker.invokeTestMethod(Invoker.java:869)
	at org.testng.internal.TestMethodWithDataProviderMethodWorker.call(TestMethodWithDataProviderMethodWorker.java:75)
	at org.testng.internal.TestMethodWithDataProviderMethodWorker.call(TestMethodWithDataProviderMethodWorker.java:14)
	at java.util.concurrent.FutureTask.run(Unknown Source)
	at java.util.concurrent.Executors$RunnableAdapter.call(Unknown Source)
	at java.util.concurrent.FutureTask.run(Unknown Source)
	at java.util.concurrent.ThreadPoolExecutor.runWorker(Unknown Source)
	at java.util.concurrent.ThreadPoolExecutor$Worker.run(Unknown Source)
	at java.lang.Thread.run(Unknown Source)
]]>
    </error>
  </testcase> <!-- createOrdersWithChargeMyAccountOption -->
  <testcase name="createOrdersWithChargeMyAccountOption" time="75.126" classname="com.selenium.ebiz.prerequisites_tests.OrderCreationTest"/>
  <testcase name="createOrdersWithChargeMyAccountOption" time="70.707" classname="com.selenium.ebiz.prerequisites_tests.OrderCreationTest"/>
  <testcase name="createOrdersWithChargeMyAccountOption" time="71.024" classname="com.selenium.ebiz.prerequisites_tests.OrderCreationTest"/>
  <testcase name="createOrdersWithChargeMyAccountOption" time="66.895" classname="com.selenium.ebiz.prerequisites_tests.OrderCreationTest"/>
  <testcase name="createOrdersWithChargeMyAccountOption" time="89.095" classname="com.selenium.ebiz.prerequisites_tests.OrderCreationTest"/>
  <testcase name="createOrdersWithChargeMyAccountOption" time="32.770" classname="com.selenium.ebiz.prerequisites_tests.OrderCreationTest"/>
  <testcase name="createOrdersWithChargeMyAccountOption" time="74.893" classname="com.selenium.ebiz.prerequisites_tests.OrderCreationTest"/>
  <testcase name="createOrdersWithChargeMyAccountOption" time="52.869" classname="com.selenium.ebiz.prerequisites_tests.OrderCreationTest"/>
  <testcase name="createOrdersWithChargeMyAccountOption" time="31.192" classname="com.selenium.ebiz.prerequisites_tests.OrderCreationTest"/>
  <testcase name="createOrdersWithChargeMyAccountOption" time="71.270" classname="com.selenium.ebiz.prerequisites_tests.OrderCreationTest"/>
  <testcase name="createOrdersWithChargeMyAccountOption" time="50.233" classname="com.selenium.ebiz.prerequisites_tests.OrderCreationTest"/>
  <testcase name="createOrdersWithChargeMyAccountOption" time="67.450" classname="com.selenium.ebiz.prerequisites_tests.OrderCreationTest"/>
  <testcase name="createOrdersWithChargeMyAccountOption" time="93.178" classname="com.selenium.ebiz.prerequisites_tests.OrderCreationTest"/>
  <testcase name="createOrdersWithChargeMyAccountOption" time="48.420" classname="com.selenium.ebiz.prerequisites_tests.OrderCreationTest"/>
  <testcase name="createOrdersWithChargeMyAccountOption" time="47.984" classname="com.selenium.ebiz.prerequisites_tests.OrderCreationTest"/>
  <testcase name="createOrdersWithChargeMyAccountOption" time="74.804" classname="com.selenium.ebiz.prerequisites_tests.OrderCreationTest"/>
  <testcase name="createOrdersWithChargeMyAccountOption" time="70.315" classname="com.selenium.ebiz.prerequisites_tests.OrderCreationTest"/>
  <testcase name="createOrdersWithChargeMyAccountOption" time="30.996" classname="com.selenium.ebiz.prerequisites_tests.OrderCreationTest"/>
  <testcase name="createOrdersWithChargeMyAccountOption" time="50.951" classname="com.selenium.ebiz.prerequisites_tests.OrderCreationTest"/>
  <testcase name="createOrdersWithChargeMyAccountOption" time="33.066" classname="com.selenium.ebiz.prerequisites_tests.OrderCreationTest"/>
  <testcase name="createOrdersWithChargeMyAccountOption" time="56.733" classname="com.selenium.ebiz.prerequisites_tests.OrderCreationTest"/>
  <testcase name="createOrdersWithChargeMyAccountOption" time="55.136" classname="com.selenium.ebiz.prerequisites_tests.OrderCreationTest"/>
  <testcase name="createOrdersWithChargeMyAccountOption" time="91.441" classname="com.selenium.ebiz.prerequisites_tests.OrderCreationTest"/>
  <testcase name="createOrdersWithChargeMyAccountOption" time="49.089" classname="com.selenium.ebiz.prerequisites_tests.OrderCreationTest"/>
  <testcase name="createOrdersWithChargeMyAccountOption" time="68.049" classname="com.selenium.ebiz.prerequisites_tests.OrderCreationTest"/>
  <testcase name="createOrdersWithChargeMyAccountOption" time="75.958" classname="com.selenium.ebiz.prerequisites_tests.OrderCreationTest"/>
  <testcase name="createOrdersWithChargeMyAccountOption" time="72.473" classname="com.selenium.ebiz.prerequisites_tests.OrderCreationTest"/>
  <testcase name="createOrdersWithChargeMyAccountOption" time="73.573" classname="com.selenium.ebiz.prerequisites_tests.OrderCreationTest"/>
  <testcase name="createOrdersWithChargeMyAccountOption" time="34.586" classname="com.selenium.ebiz.prerequisites_tests.OrderCreationTest"/>
  <testcase name="createOrdersWithChargeMyAccountOption" time="28.767" classname="com.selenium.ebiz.prerequisites_tests.OrderCreationTest">
    <error type="java.util.EmptyStackException">
      <![CDATA[java.util.EmptyStackException
	at java.util.Stack.peek(Unknown Source)
	at java.util.Stack.pop(Unknown Source)
	at com.selenium.ebiz.prerequisites_tests.OrderCreationTest.createOrdersWithChargeMyAccountOption(OrderCreationTest.java:24)
	at sun.reflect.GeneratedMethodAccessor17.invoke(Unknown Source)
	at sun.reflect.DelegatingMethodAccessorImpl.invoke(Unknown Source)
	at java.lang.reflect.Method.invoke(Unknown Source)
	at org.testng.internal.MethodInvocationHelper.invokeMethod(MethodInvocationHelper.java:108)
	at org.testng.internal.Invoker.invokeMethod(Invoker.java:661)
	at org.testng.internal.Invoker.invokeTestMethod(Invoker.java:869)
	at org.testng.internal.TestMethodWithDataProviderMethodWorker.call(TestMethodWithDataProviderMethodWorker.java:75)
	at org.testng.internal.TestMethodWithDataProviderMethodWorker.call(TestMethodWithDataProviderMethodWorker.java:14)
	at java.util.concurrent.FutureTask.run(Unknown Source)
	at java.util.concurrent.Executors$RunnableAdapter.call(Unknown Source)
	at java.util.concurrent.FutureTask.run(Unknown Source)
	at java.util.concurrent.ThreadPoolExecutor.runWorker(Unknown Source)
	at java.util.concurrent.ThreadPoolExecutor$Worker.run(Unknown Source)
	at java.lang.Thread.run(Unknown Source)
]]>
    </error>
  </testcase> <!-- createOrdersWithChargeMyAccountOption -->
  <testcase name="createOrdersWithChargeMyAccountOption" time="31.963" classname="com.selenium.ebiz.prerequisites_tests.OrderCreationTest"/>
  <testcase name="createOrdersWithChargeMyAccountOption" time="57.443" classname="com.selenium.ebiz.prerequisites_tests.OrderCreationTest"/>
  <testcase name="createOrdersWithChargeMyAccountOption" time="46.857" classname="com.selenium.ebiz.prerequisites_tests.OrderCreationTest"/>
  <testcase name="createOrdersWithChargeMyAccountOption" time="31.441" classname="com.selenium.ebiz.prerequisites_tests.OrderCreationTest"/>
  <testcase name="createOrdersWithChargeMyAccountOption" time="52.324" classname="com.selenium.ebiz.prerequisites_tests.OrderCreationTest"/>
  <testcase name="createOrdersWithChargeMyAccountOption" time="94.478" classname="com.selenium.ebiz.prerequisites_tests.OrderCreationTest"/>
  <testcase name="createOrdersWithChargeMyAccountOption" time="41.617" classname="com.selenium.ebiz.prerequisites_tests.OrderCreationTest"/>
  <testcase name="createOrdersWithChargeMyAccountOption" time="68.312" classname="com.selenium.ebiz.prerequisites_tests.OrderCreationTest"/>
  <testcase name="createOrdersWithChargeMyAccountOption" time="74.985" classname="com.selenium.ebiz.prerequisites_tests.OrderCreationTest"/>
  <testcase name="createOrdersWithChargeMyAccountOption" time="48.297" classname="com.selenium.ebiz.prerequisites_tests.OrderCreationTest"/>
  <testcase name="createOrdersWithChargeMyAccountOption" time="31.235" classname="com.selenium.ebiz.prerequisites_tests.OrderCreationTest"/>
  <testcase name="createOrdersWithChargeMyAccountOption" time="54.634" classname="com.selenium.ebiz.prerequisites_tests.OrderCreationTest"/>
  <testcase name="createOrdersWithChargeMyAccountOption" time="65.832" classname="com.selenium.ebiz.prerequisites_tests.OrderCreationTest"/>
  <testcase name="createOrdersWithChargeMyAccountOption" time="67.826" classname="com.selenium.ebiz.prerequisites_tests.OrderCreationTest"/>
  <testcase name="createOrdersWithChargeMyAccountOption" time="66.938" classname="com.selenium.ebiz.prerequisites_tests.OrderCreationTest"/>
  <testcase name="createOrdersWithChargeMyAccountOption" time="75.546" classname="com.selenium.ebiz.prerequisites_tests.OrderCreationTest"/>
</testsuite> <!-- com.selenium.ebiz.prerequisites_tests.OrderCreationTest -->
