{"uuid":"336eea9d-fcae-44e8-8684-1b3aba78bcc2","historyId":"ebc245e72d15392a03abc4052e2c48db","fullName":"com.selenium.ebiz.quickCheckout.VerifyIPCCanBeCustomizedOnQCO.quickCheckout_VerifyIPCCanBeCustomizedOnQCO","labels":[{"name":"package","value":"com.selenium.ebiz.quickCheckout.VerifyIPCCanBeCustomizedOnQCO"},{"name":"testClass","value":"com.selenium.ebiz.quickCheckout.VerifyIPCCanBeCustomizedOnQCO"},{"name":"testMethod","value":"quickCheckout_VerifyIPCCanBeCustomizedOnQCO"},{"name":"parentSuite","value":"Default suite"},{"name":"suite","value":"Default test"},{"name":"subSuite","value":"com.selenium.ebiz.quickCheckout.VerifyIPCCanBeCustomizedOnQCO"},{"name":"host","value":"W7VDIHPQC16WPL"},{"name":"thread","value":"11024@W7VDIHPQC16WPL.PoolService-0(11)"}],"links":[],"name":"quickCheckout_VerifyIPCCanBeCustomizedOnQCO","status":"broken","statusDetails":{"known":false,"muted":false,"flaky":false,"message":"Expected condition failed: waiting for visibility of Proxy element for: DefaultElementLocator 'By.xpath: //*[@class='modal__inner']' (tried for 150 second(s) with 500 MILLISECONDS interval)","trace":"org.openqa.selenium.TimeoutException: Expected condition failed: waiting for visibility of Proxy element for: DefaultElementLocator 'By.xpath: //*[@class='modal__inner']' (tried for 150 second(s) with 500 MILLISECONDS interval)\r\n\tat org.openqa.selenium.support.ui.WebDriverWait.timeoutException(WebDriverWait.java:80)\r\n\tat org.openqa.selenium.support.ui.FluentWait.until(FluentWait.java:232)\r\n\tat com.selenium.ebiz.tools.WaitTool.waitForElement(WaitTool.java:73)\r\n\tat com.selenium.ebiz.pageobject.CustomizeConfiguratorModal.customizeProduct(CustomizeConfiguratorModal.java:311)\r\n\tat com.selenium.ebiz.quickCheckout.VerifyIPCCanBeCustomizedOnQCO.quickCheckout_VerifyIPCCanBeCustomizedOnQCO(VerifyIPCCanBeCustomizedOnQCO.java:32)\r\n\tat sun.reflect.NativeMethodAccessorImpl.invoke0(Native Method)\r\n\tat sun.reflect.NativeMethodAccessorImpl.invoke(Unknown Source)\r\n\tat sun.reflect.DelegatingMethodAccessorImpl.invoke(Unknown Source)\r\n\tat java.lang.reflect.Method.invoke(Unknown Source)\r\n\tat org.testng.internal.MethodInvocationHelper.invokeMethod(MethodInvocationHelper.java:108)\r\n\tat org.testng.internal.Invoker.invokeMethod(Invoker.java:661)\r\n\tat org.testng.internal.Invoker.invokeTestMethod(Invoker.java:869)\r\n\tat org.testng.internal.TestMethodWithDataProviderMethodWorker.call(TestMethodWithDataProviderMethodWorker.java:75)\r\n\tat org.testng.internal.TestMethodWithDataProviderMethodWorker.call(TestMethodWithDataProviderMethodWorker.java:14)\r\n\tat java.util.concurrent.FutureTask.run(Unknown Source)\r\n\tat java.util.concurrent.Executors$RunnableAdapter.call(Unknown Source)\r\n\tat java.util.concurrent.FutureTask.run(Unknown Source)\r\n\tat java.util.concurrent.ThreadPoolExecutor.runWorker(Unknown Source)\r\n\tat java.util.concurrent.ThreadPoolExecutor$Worker.run(Unknown Source)\r\n\tat java.lang.Thread.run(Unknown Source)\r\nCaused by: org.openqa.selenium.NoSuchElementException: no such element: Unable to locate element: {\"method\":\"xpath\",\"selector\":\"//*[@class='modal__inner']\"}\n  (Session info: chrome=75.0.3770.142)\n  (Driver info: chromedriver=2.41.578737 (49da6702b16031c40d63e5618de03a32ff6c197e),platform=Windows NT 6.1.7601 SP1 x86_64) (WARNING: The server did not provide any stacktrace information)\nCommand duration or timeout: 32 milliseconds\nFor documentation on this error, please visit: http://seleniumhq.org/exceptions/no_such_element.html\nBuild info: version: '3.4.0', revision: 'unknown', time: 'unknown'\nSystem info: host: 'W7VDIHPQC16WPL', ip: '10.224.150.140', os.name: 'Windows 7', os.arch: 'amd64', os.version: '6.1', java.version: '1.8.0_191'\nDriver info: org.openqa.selenium.remote.RemoteWebDriver\nCapabilities [{mobileEmulationEnabled=false, hasTouchScreen=false, platform=XP, acceptSslCerts=false, goog:chromeOptions={debuggerAddress=localhost:56572}, acceptInsecureCerts=false, webStorageEnabled=true, browserName=chrome, takesScreenshot=true, javascriptEnabled=true, setWindowRect=true, unexpectedAlertBehaviour=, applicationCacheEnabled=false, rotatable=false, networkConnectionEnabled=false, chrome={chromedriverVersion=2.41.578737 (49da6702b16031c40d63e5618de03a32ff6c197e), userDataDir=C:\\Users\\dj073227\\AppData\\Local\\Temp\\scoped_dir10204_7612}, takesHeapSnapshot=true, pageLoadStrategy=normal, databaseEnabled=false, handlesAlerts=true, version=75.0.3770.142, browserConnectionEnabled=false, nativeEvents=true, webdriver.remote.sessionid=370f2d829f42749abdf115d4b5516e00, locationContextEnabled=true, cssSelectorsEnabled=true}]\nSession ID: 370f2d829f42749abdf115d4b5516e00\n*** Element info: {Using=xpath, value=//*[@class='modal__inner']}\r\n\tat sun.reflect.GeneratedConstructorAccessor36.newInstance(Unknown Source)\r\n\tat sun.reflect.DelegatingConstructorAccessorImpl.newInstance(Unknown Source)\r\n\tat java.lang.reflect.Constructor.newInstance(Unknown Source)\r\n\tat org.openqa.selenium.remote.ErrorHandler.createThrowable(ErrorHandler.java:215)\r\n\tat org.openqa.selenium.remote.ErrorHandler.throwIfResponseFailed(ErrorHandler.java:167)\r\n\tat org.openqa.selenium.remote.RemoteWebDriver.execute(RemoteWebDriver.java:671)\r\n\tat org.openqa.selenium.remote.RemoteWebDriver.findElement(RemoteWebDriver.java:410)\r\n\tat org.openqa.selenium.remote.RemoteWebDriver.findElementByXPath(RemoteWebDriver.java:509)\r\n\tat org.openqa.selenium.By$ByXPath.findElement(By.java:361)\r\n\tat org.openqa.selenium.remote.RemoteWebDriver.findElement(RemoteWebDriver.java:402)\r\n\tat org.openqa.selenium.support.pagefactory.DefaultElementLocator.findElement(DefaultElementLocator.java:69)\r\n\tat org.openqa.selenium.support.pagefactory.internal.LocatingElementHandler.invoke(LocatingElementHandler.java:38)\r\n\tat com.sun.proxy.$Proxy12.isDisplayed(Unknown Source)\r\n\tat org.openqa.selenium.support.ui.ExpectedConditions.elementIfVisible(ExpectedConditions.java:302)\r\n\tat org.openqa.selenium.support.ui.ExpectedConditions.access$100(ExpectedConditions.java:44)\r\n\tat org.openqa.selenium.support.ui.ExpectedConditions$10.apply(ExpectedConditions.java:288)\r\n\tat org.openqa.selenium.support.ui.ExpectedConditions$10.apply(ExpectedConditions.java:285)\r\n\tat org.openqa.selenium.support.ui.FluentWait.until(FluentWait.java:209)\r\n\t... 18 more\r\n"},"stage":"finished","start":1563533561388,"stop":1563533742953,"parameters":[{"name":"arg0","value":"chrome"},{"name":"arg1","value":"74.0"},{"name":"arg2","value":"Windows 10"},{"name":"arg3","value":"public void com.selenium.ebiz.quickCheckout.VerifyIPCCanBeCustomizedOnQCO.quickCheckout_VerifyIPCCanBeCustomizedOnQCO(java.lang.String,java.lang.String,java.lang.String,java.lang.reflect.Method) throws java.lang.Exception"}]}