{"uuid":"fe5a50e8-eaf8-4bcb-85f8-0564520b3e4c","historyId":"aecfcb010692ef0451d3dd00006f8842","fullName":"com.selenium.ebiz.search.VerifyLookAheadSearchForACategoryRegularAndBooleanVariables.search_VerifyLookAheadSearchForACategoryRegularAndBooleanVariablesGuestUser","labels":[{"name":"package","value":"com.selenium.ebiz.search.VerifyLookAheadSearchForACategoryRegularAndBooleanVariables"},{"name":"testClass","value":"com.selenium.ebiz.search.VerifyLookAheadSearchForACategoryRegularAndBooleanVariables"},{"name":"testMethod","value":"search_VerifyLookAheadSearchForACategoryRegularAndBooleanVariablesGuestUser"},{"name":"parentSuite","value":"Default suite"},{"name":"suite","value":"Default test"},{"name":"subSuite","value":"com.selenium.ebiz.search.VerifyLookAheadSearchForACategoryRegularAndBooleanVariables"},{"name":"host","value":"W7VDIHPQC16WPL"},{"name":"thread","value":"7648@W7VDIHPQC16WPL.PoolService-0(11)"}],"links":[],"name":"search_VerifyLookAheadSearchForACategoryRegularAndBooleanVariablesGuestUser","status":"broken","statusDetails":{"known":false,"muted":false,"flaky":false,"message":"Expected condition failed: waiting for visibility of Proxy element for: DefaultElementLocator 'By.xpath: //section[@class=\"search-bar-auto-suggest-results\"]' (tried for 150 second(s) with 500 MILLISECONDS interval)","trace":"org.openqa.selenium.TimeoutException: Expected condition failed: waiting for visibility of Proxy element for: DefaultElementLocator 'By.xpath: //section[@class=\"search-bar-auto-suggest-results\"]' (tried for 150 second(s) with 500 MILLISECONDS interval)\r\n\tat org.openqa.selenium.support.ui.WebDriverWait.timeoutException(WebDriverWait.java:80)\r\n\tat org.openqa.selenium.support.ui.FluentWait.until(FluentWait.java:232)\r\n\tat com.selenium.ebiz.tools.WaitTool.waitForElement(WaitTool.java:73)\r\n\tat com.selenium.ebiz.pageobject.HomePage.isAutoCompleteSectionDisplayed(HomePage.java:2633)\r\n\tat com.selenium.ebiz.search.VerifyLookAheadSearchForACategoryRegularAndBooleanVariables.search_VerifyLookAheadSearchForACategoryRegularAndBooleanVariablesGuestUser(VerifyLookAheadSearchForACategoryRegularAndBooleanVariables.java:27)\r\n\tat sun.reflect.NativeMethodAccessorImpl.invoke0(Native Method)\r\n\tat sun.reflect.NativeMethodAccessorImpl.invoke(Unknown Source)\r\n\tat sun.reflect.DelegatingMethodAccessorImpl.invoke(Unknown Source)\r\n\tat java.lang.reflect.Method.invoke(Unknown Source)\r\n\tat org.testng.internal.MethodInvocationHelper.invokeMethod(MethodInvocationHelper.java:108)\r\n\tat org.testng.internal.Invoker.invokeMethod(Invoker.java:661)\r\n\tat org.testng.internal.Invoker.invokeTestMethod(Invoker.java:869)\r\n\tat org.testng.internal.TestMethodWithDataProviderMethodWorker.call(TestMethodWithDataProviderMethodWorker.java:75)\r\n\tat org.testng.internal.TestMethodWithDataProviderMethodWorker.call(TestMethodWithDataProviderMethodWorker.java:14)\r\n\tat java.util.concurrent.FutureTask.run(Unknown Source)\r\n\tat java.util.concurrent.Executors$RunnableAdapter.call(Unknown Source)\r\n\tat java.util.concurrent.FutureTask.run(Unknown Source)\r\n\tat java.util.concurrent.ThreadPoolExecutor.runWorker(Unknown Source)\r\n\tat java.util.concurrent.ThreadPoolExecutor$Worker.run(Unknown Source)\r\n\tat java.lang.Thread.run(Unknown Source)\r\nCaused by: org.openqa.selenium.NoSuchElementException: no such element: Unable to locate element: {\"method\":\"xpath\",\"selector\":\"//section[@class=\"search-bar-auto-suggest-results\"]\"}\n  (Session info: chrome=74.0.3729.169)\n  (Driver info: chromedriver=2.41.578737 (49da6702b16031c40d63e5618de03a32ff6c197e),platform=Windows NT 6.1.7601 SP1 x86_64) (WARNING: The server did not provide any stacktrace information)\nCommand duration or timeout: 15 milliseconds\nFor documentation on this error, please visit: http://seleniumhq.org/exceptions/no_such_element.html\nBuild info: version: '3.4.0', revision: 'unknown', time: 'unknown'\nSystem info: host: 'W7VDIHPQC16WPL', ip: '10.224.150.140', os.name: 'Windows 7', os.arch: 'amd64', os.version: '6.1', java.version: '1.8.0_191'\nDriver info: org.openqa.selenium.remote.RemoteWebDriver\nCapabilities [{mobileEmulationEnabled=false, hasTouchScreen=false, platform=XP, acceptSslCerts=false, goog:chromeOptions={debuggerAddress=localhost:49795}, acceptInsecureCerts=false, webStorageEnabled=true, browserName=chrome, takesScreenshot=true, javascriptEnabled=true, setWindowRect=true, unexpectedAlertBehaviour=, applicationCacheEnabled=false, rotatable=false, networkConnectionEnabled=false, chrome={chromedriverVersion=2.41.578737 (49da6702b16031c40d63e5618de03a32ff6c197e), userDataDir=C:\\Users\\dj073227\\AppData\\Local\\Temp\\scoped_dir9788_31502}, takesHeapSnapshot=true, pageLoadStrategy=normal, databaseEnabled=false, handlesAlerts=true, version=74.0.3729.169, browserConnectionEnabled=false, nativeEvents=true, webdriver.remote.sessionid=41e0fe5d68fd424c3fc51d0350ef9812, locationContextEnabled=true, cssSelectorsEnabled=true}]\nSession ID: 41e0fe5d68fd424c3fc51d0350ef9812\n*** Element info: {Using=xpath, value=//section[@class=\"search-bar-auto-suggest-results\"]}\r\n\tat sun.reflect.GeneratedConstructorAccessor36.newInstance(Unknown Source)\r\n\tat sun.reflect.DelegatingConstructorAccessorImpl.newInstance(Unknown Source)\r\n\tat java.lang.reflect.Constructor.newInstance(Unknown Source)\r\n\tat org.openqa.selenium.remote.ErrorHandler.createThrowable(ErrorHandler.java:215)\r\n\tat org.openqa.selenium.remote.ErrorHandler.throwIfResponseFailed(ErrorHandler.java:167)\r\n\tat org.openqa.selenium.remote.RemoteWebDriver.execute(RemoteWebDriver.java:671)\r\n\tat org.openqa.selenium.remote.RemoteWebDriver.findElement(RemoteWebDriver.java:410)\r\n\tat org.openqa.selenium.remote.RemoteWebDriver.findElementByXPath(RemoteWebDriver.java:509)\r\n\tat org.openqa.selenium.By$ByXPath.findElement(By.java:361)\r\n\tat org.openqa.selenium.remote.RemoteWebDriver.findElement(RemoteWebDriver.java:402)\r\n\tat org.openqa.selenium.support.pagefactory.DefaultElementLocator.findElement(DefaultElementLocator.java:69)\r\n\tat org.openqa.selenium.support.pagefactory.internal.LocatingElementHandler.invoke(LocatingElementHandler.java:38)\r\n\tat com.sun.proxy.$Proxy12.isDisplayed(Unknown Source)\r\n\tat org.openqa.selenium.support.ui.ExpectedConditions.elementIfVisible(ExpectedConditions.java:302)\r\n\tat org.openqa.selenium.support.ui.ExpectedConditions.access$100(ExpectedConditions.java:44)\r\n\tat org.openqa.selenium.support.ui.ExpectedConditions$10.apply(ExpectedConditions.java:288)\r\n\tat org.openqa.selenium.support.ui.ExpectedConditions$10.apply(ExpectedConditions.java:285)\r\n\tat org.openqa.selenium.support.ui.FluentWait.until(FluentWait.java:209)\r\n\t... 18 more\r\n"},"stage":"finished","start":1558958838409,"stop":1558959020751,"parameters":[{"name":"arg0","value":"chrome"},{"name":"arg1","value":"67.0"},{"name":"arg2","value":"Windows 10"},{"name":"arg3","value":"public void com.selenium.ebiz.search.VerifyLookAheadSearchForACategoryRegularAndBooleanVariables.search_VerifyLookAheadSearchForACategoryRegularAndBooleanVariablesGuestUser(java.lang.String,java.lang.String,java.lang.String,java.lang.reflect.Method) throws java.lang.Exception"}]}