<?xml version="1.0" encoding="UTF-8"?>
<!-- Generated by org.testng.reporters.JUnitXMLReporter -->
<testsuite hostname="W7VDIHPQC16WPL" ignored="0" name="Test" tests="2" failures="1" timestamp="08 Apr 2019 09:40:57 GMT" time="60.484" errors="0">
  <testcase name="orderHistory_VerifyFieldsOnTheOrderHistorySummaryPage" time="59.333" classname="com.selenium.ebiz.order_history.grid_tests_orderHistory.VerifyFieldsOnTheOrderHistorySummaryPage_Grid">
    <skipped/>
  </testcase> <!-- orderHistory_VerifyFieldsOnTheOrderHistorySummaryPage -->
  <testcase name="orderHistory_VerifyFieldsOnTheOrderHistorySummaryPage" time="0.02" classname="com.selenium.ebiz.order_history.grid_tests_orderHistory.VerifyFieldsOnTheOrderHistorySummaryPage_Grid">
    <failure type="java.lang.IllegalArgumentException" message="wrong number of arguments">
      <![CDATA[java.lang.IllegalArgumentException: wrong number of arguments
	at java.util.concurrent.FutureTask.run(FutureTask.java:266)
	at java.util.concurrent.Executors$RunnableAdapter.call(Executors.java:511)
	at java.util.concurrent.FutureTask.run(FutureTask.java:266)
	at java.util.concurrent.ThreadPoolExecutor.runWorker(ThreadPoolExecutor.java:1149)
	at java.util.concurrent.ThreadPoolExecutor$Worker.run(ThreadPoolExecutor.java:624)
	at java.lang.Thread.run(Thread.java:748)
... Removed 9 stack frames]]>
    </failure>
  </testcase> <!-- orderHistory_VerifyFieldsOnTheOrderHistorySummaryPage -->
</testsuite> <!-- Test -->
