<?xml version="1.0" encoding="UTF-8"?>
<!-- Generated by org.testng.reporters.JUnitReportReporter -->
<testsuite skipped="1" hostname="W7VDIHPQC16WPL" name="com.selenium.ebiz.order_history.grid_tests_orderHistory.VerifyFieldsOnTheOrderHistorySummaryPage_Grid" tests="2" failures="0" timestamp="08 Apr 2019 09:40:58 GMT" time="60.173" errors="1">
  <testcase name="orderHistory_VerifyFieldsOnTheOrderHistorySummaryPage" time="59.335" classname="com.selenium.ebiz.order_history.grid_tests_orderHistory.VerifyFieldsOnTheOrderHistorySummaryPage_Grid">
    <skipped/>
  </testcase> <!-- orderHistory_VerifyFieldsOnTheOrderHistorySummaryPage -->
  <testcase name="orderHistory_VerifyFieldsOnTheOrderHistorySummaryPage" time="0.838" classname="com.selenium.ebiz.order_history.grid_tests_orderHistory.VerifyFieldsOnTheOrderHistorySummaryPage_Grid">
    <error type="java.lang.IllegalArgumentException" message="wrong number of arguments">
      <![CDATA[java.lang.IllegalArgumentException: wrong number of arguments
	at sun.reflect.NativeMethodAccessorImpl.invoke0(Native Method)
	at sun.reflect.NativeMethodAccessorImpl.invoke(NativeMethodAccessorImpl.java:62)
	at sun.reflect.DelegatingMethodAccessorImpl.invoke(DelegatingMethodAccessorImpl.java:43)
	at java.lang.reflect.Method.invoke(Method.java:498)
	at org.testng.internal.MethodInvocationHelper.invokeMethod(MethodInvocationHelper.java:108)
	at org.testng.internal.Invoker.invokeMethod(Invoker.java:661)
	at org.testng.internal.Invoker.retryFailed(Invoker.java:1014)
	at org.testng.internal.TestMethodWithDataProviderMethodWorker.call(TestMethodWithDataProviderMethodWorker.java:96)
	at org.testng.internal.TestMethodWithDataProviderMethodWorker.call(TestMethodWithDataProviderMethodWorker.java:14)
	at java.util.concurrent.FutureTask.run(FutureTask.java:266)
	at java.util.concurrent.Executors$RunnableAdapter.call(Executors.java:511)
	at java.util.concurrent.FutureTask.run(FutureTask.java:266)
	at java.util.concurrent.ThreadPoolExecutor.runWorker(ThreadPoolExecutor.java:1149)
	at java.util.concurrent.ThreadPoolExecutor$Worker.run(ThreadPoolExecutor.java:624)
	at java.lang.Thread.run(Thread.java:748)
]]>
    </error>
  </testcase> <!-- orderHistory_VerifyFieldsOnTheOrderHistorySummaryPage -->
</testsuite> <!-- com.selenium.ebiz.order_history.grid_tests_orderHistory.VerifyFieldsOnTheOrderHistorySummaryPage_Grid -->
