<?xml version="1.0" encoding="UTF-8"?>
<!-- Generated by org.testng.reporters.JUnitXMLReporter -->
<testsuite hostname="W7VDIHPQC16WPL" ignored="0" name="Default test" tests="17" failures="0" timestamp="23 Nov 2018 08:04:13 GMT" time="0.359" errors="0">
  <testcase name="@BeforeTest driverSetup" time="0.0" classname="com.selenium.ebiz.smoketest.SmokeTest_Mul_End_To_End_Parallel">
    <failure type="org.testng.TestNGException" message="
Parameter &amp;apos;browserType&amp;apos; is required by BeforeTest on method driverSetup but has not been marked @Optional or defined
in C:\Users\dj073227\AppData\Local\Temp\testng-eclipse-2137712810\testng-customsuite.xml">
      <![CDATA[org.testng.TestNGException: 
Parameter 'browserType' is required by BeforeTest on method driverSetup but has not been marked @Optional or defined
in C:\Users\dj073227\AppData\Local\Temp\testng-eclipse-2137712810\testng-customsuite.xml
	at org.testng.internal.Parameters.createParameters(Parameters.java:199)
	at org.testng.internal.Parameters.createParameters(Parameters.java:443)
	at org.testng.internal.Parameters.createConfigurationParameters(Parameters.java:118)
	at org.testng.internal.Invoker.invokeConfigurations(Invoker.java:206)
	at org.testng.internal.Invoker.invokeConfigurations(Invoker.java:146)
	at org.testng.TestRunner.beforeRun(TestRunner.java:626)
	at org.testng.TestRunner.run(TestRunner.java:594)
	at org.testng.SuiteRunner.runTest(SuiteRunner.java:380)
	at org.testng.SuiteRunner.runSequentially(SuiteRunner.java:375)
	at org.testng.SuiteRunner.privateRun(SuiteRunner.java:340)
	at org.testng.SuiteRunner.run(SuiteRunner.java:289)
	at org.testng.SuiteRunnerWorker.runSuite(SuiteRunnerWorker.java:52)
	at org.testng.SuiteRunnerWorker.run(SuiteRunnerWorker.java:86)
	at org.testng.TestNG.runSuitesSequentially(TestNG.java:1301)
	at org.testng.TestNG.runSuitesLocally(TestNG.java:1226)
	at org.testng.TestNG.runSuites(TestNG.java:1144)
	at org.testng.TestNG.run(TestNG.java:1115)
	at org.testng.remote.AbstractRemoteTestNG.run(AbstractRemoteTestNG.java:114)
	at org.testng.remote.RemoteTestNG.initAndRun(RemoteTestNG.java:251)
	at org.testng.remote.RemoteTestNG.main(RemoteTestNG.java:77)
]]>
    </failure>
  </testcase> <!-- @BeforeTest driverSetup -->
  <testcase name="@AfterClass teardown" time="0.0" classname="com.selenium.ebiz.smoketest.SmokeTest_Mul_End_To_End_Parallel">
    <skipped/>
  </testcase> <!-- @AfterClass teardown -->
  <testcase name="testLogin" time="0.0" classname="com.selenium.ebiz.smoketest.SmokeTest_Mul_End_To_End_Parallel">
    <skipped/>
  </testcase> <!-- testLogin -->
  <testcase name="testClearCart" time="0.0" classname="com.selenium.ebiz.smoketest.SmokeTest_Mul_End_To_End_Parallel">
    <skipped/>
  </testcase> <!-- testClearCart -->
  <testcase name="searchByProductNumber" time="0.0" classname="com.selenium.ebiz.smoketest.SmokeTest_Mul_End_To_End_Parallel">
    <skipped/>
  </testcase> <!-- searchByProductNumber -->
  <testcase name="AddProductFromPDP" time="0.0" classname="com.selenium.ebiz.smoketest.SmokeTest_Mul_End_To_End_Parallel">
    <skipped/>
  </testcase> <!-- AddProductFromPDP -->
  <testcase name="SearchByProductDesc" time="0.0" classname="com.selenium.ebiz.smoketest.SmokeTest_Mul_End_To_End_Parallel">
    <skipped/>
  </testcase> <!-- SearchByProductDesc -->
  <testcase name="AddProductFromPLP" time="0.0" classname="com.selenium.ebiz.smoketest.SmokeTest_Mul_End_To_End_Parallel">
    <skipped/>
  </testcase> <!-- AddProductFromPLP -->
  <testcase name="clickOnCheckOutModal" time="0.0" classname="com.selenium.ebiz.smoketest.SmokeTest_Mul_End_To_End_Parallel">
    <skipped/>
  </testcase> <!-- clickOnCheckOutModal -->
  <testcase name="QuickOrderFromShoppingCart" time="0.0" classname="com.selenium.ebiz.smoketest.SmokeTest_Mul_End_To_End_Parallel">
    <skipped/>
  </testcase> <!-- QuickOrderFromShoppingCart -->
  <testcase name="addToSavedListFromShoppingCart" time="0.0" classname="com.selenium.ebiz.smoketest.SmokeTest_Mul_End_To_End_Parallel">
    <skipped/>
  </testcase> <!-- addToSavedListFromShoppingCart -->
  <testcase name="createNewSavedList" time="0.0" classname="com.selenium.ebiz.smoketest.SmokeTest_Mul_End_To_End_Parallel">
    <skipped/>
  </testcase> <!-- createNewSavedList -->
  <testcase name="validatePrintBinLabels" time="0.0" classname="com.selenium.ebiz.smoketest.SmokeTest_Mul_End_To_End_Parallel">
    <skipped/>
  </testcase> <!-- validatePrintBinLabels -->
  <testcase name="clickShoppingCartIcon" time="0.0" classname="com.selenium.ebiz.smoketest.SmokeTest_Mul_End_To_End_Parallel">
    <skipped/>
  </testcase> <!-- clickShoppingCartIcon -->
  <testcase name="validatePNA" time="0.0" classname="com.selenium.ebiz.smoketest.SmokeTest_Mul_End_To_End_Parallel">
    <skipped/>
  </testcase> <!-- validatePNA -->
  <testcase name="addPaymentAndCheckoutPage" time="0.0" classname="com.selenium.ebiz.smoketest.SmokeTest_Mul_End_To_End_Parallel">
    <skipped/>
  </testcase> <!-- addPaymentAndCheckoutPage -->
  <testcase name="validatePNAResults" time="0.0" classname="com.selenium.ebiz.smoketest.SmokeTest_Mul_End_To_End_Parallel">
    <skipped/>
  </testcase> <!-- validatePNAResults -->
  <testcase name="placeWebOrder" time="0.0" classname="com.selenium.ebiz.smoketest.SmokeTest_Mul_End_To_End_Parallel">
    <skipped/>
  </testcase> <!-- placeWebOrder -->
  <testcase name="captureWebOrderNumber" time="0.0" classname="com.selenium.ebiz.smoketest.SmokeTest_Mul_End_To_End_Parallel">
    <skipped/>
  </testcase> <!-- captureWebOrderNumber -->
</testsuite> <!-- Default test -->
