<html>
<head>
<title>TestNG:  Add To List Regression Tests</title>
<link href="../testng.css" rel="stylesheet" type="text/css" />
<link href="../my-testng.css" rel="stylesheet" type="text/css" />

<style type="text/css">
.log { display: none;} 
.stack-trace { display: none;} 
</style>
<script type="text/javascript">
<!--
function flip(e) {
  current = e.style.display;
  if (current == 'block') {
    e.style.display = 'none';
    return 0;
  }
  else {
    e.style.display = 'block';
    return 1;
  }
}

function toggleBox(szDivId, elem, msg1, msg2)
{
  var res = -1;  if (document.getElementById) {
    res = flip(document.getElementById(szDivId));
  }
  else if (document.all) {
    // this is the way old msie versions work
    res = flip(document.all[szDivId]);
  }
  if(elem) {
    if(res == 0) elem.innerHTML = msg1; else elem.innerHTML = msg2;
  }

}

function toggleAllBoxes() {
  if (document.getElementsByTagName) {
    d = document.getElementsByTagName('div');
    for (i = 0; i < d.length; i++) {
      if (d[i].className == 'log') {
        flip(d[i]);
      }
    }
  }
}

// -->
</script>

</head>
<body>
<h2 align='center'>Add To List Regression Tests</h2><table border='1' align="center">
<tr>
<td>Tests passed/Failed/Skipped:</td><td>0/12/0</td>
</tr><tr>
<td>Started on:</td><td>Fri Mar 22 13:41:20 IST 2019</td>
</tr>
<tr><td>Total time:</td><td>205 seconds (205183 ms)</td>
</tr><tr>
<td>Included groups:</td><td></td>
</tr><tr>
<td>Excluded groups:</td><td></td>
</tr>
</table><p/>
<small><i>(Hover the method name to see the test class name)</i></small><p/>
<table width='100%' border='1' class='invocation-failed'>
<tr><td colspan='4' align='center'><b>FAILED TESTS</b></td></tr>
<tr><td><b>Test method</b></td>
<td width="30%"><b>Exception</b></td>
<td width="10%"><b>Time (seconds)</b></td>
<td><b>Instance</b></td>
</tr>
<tr>
<td title='com.selenium.ebiz.add_to_list.grid_add_to_list_tests.VerifyNewListCanBeCreatedThroughQuickOrder_Grid.addtolist_AddProductToNewListFromHomePageQuickOrder()'><b>addtolist_AddProductToNewListFromHomePageQuickOrder</b><br>Test class: com.selenium.ebiz.add_to_list.grid_add_to_list_tests.VerifyNewListCanBeCreatedThroughQuickOrder_Grid<br>Test method: Add Product To New List From HomePage QuickOrderPad<br>Parameters: chrome, 67.0, Windows 10, public void com.selenium.ebiz.add_to_list.grid_add_to_list_tests.VerifyNewListCanBeCreatedThroughQuickOrder_Grid.addtolist_AddProductToNewListFromHomePageQuickOrder(java.lang.String,java.lang.String,java.lang.String,java.lang.reflect.Method) throws java.lang.Exception</td>
<td><div><pre>org.openqa.selenium.WebDriverException: unknown error: Element &lt;a href=&quot;https://dev2.hdsupplysolutions.com/HdsSavedListsDisplayView?requisitionListStyle=strong&amp;amp;catalogId=10054&amp;amp;langId=-1&amp;amp;storeId=10051&quot;&gt;...&lt;/a&gt; is not clickable at point (931, 7). Other element would receive the click: &lt;div class=&quot;modal&quot;&gt;...&lt;/div&gt;
  (Session info: chrome=72.0.3626.121)
  (Driver info: chromedriver=2.41.578737 (49da6702b16031c40d63e5618de03a32ff6c197e),platform=Windows NT 6.1.7601 SP1 x86_64) (WARNING: The server did not provide any stacktrace information)
Command duration or timeout: 56 milliseconds
Build info: version: &apos;3.4.0&apos;, revision: &apos;unknown&apos;, time: &apos;unknown&apos;
System info: host: &apos;W7VDIHPQC16WPL&apos;, ip: &apos;10.224.150.153&apos;, os.name: &apos;Windows 7&apos;, os.arch: &apos;amd64&apos;, os.version: &apos;6.1&apos;, java.version: &apos;1.8.0_191&apos;
Driver info: org.openqa.selenium.remote.RemoteWebDriver
Capabilities [{mobileEmulationEnabled=false, hasTouchScreen=false, platform=XP, acceptSslCerts=false, goog:chromeOptions={debuggerAddress=localhost:52239}, acceptInsecureCerts=false, webStorageEnabled=true, browserName=chrome, takesScreenshot=true, javascriptEnabled=true, setWindowRect=true, unexpectedAlertBehaviour=, applicationCacheEnabled=false, rotatable=false, networkConnectionEnabled=false, chrome={chromedriverVersion=2.41.578737 (49da6702b16031c40d63e5618de03a32ff6c197e), userDataDir=C:\Users\dj073227\AppData\Local\Temp\scoped_dir7864_22017}, takesHeapSnapshot=true, pageLoadStrategy=normal, databaseEnabled=false, handlesAlerts=true, version=72.0.3626.121, browserConnectionEnabled=false, nativeEvents=true, webdriver.remote.sessionid=9a5e19a890260d55566d719657f1d165, locationContextEnabled=true, cssSelectorsEnabled=true}]
Session ID: 9a5e19a890260d55566d719657f1d165
	at sun.reflect.NativeConstructorAccessorImpl.newInstance0(Native Method)
	at sun.reflect.NativeConstructorAccessorImpl.newInstance(Unknown Source)
	at sun.reflect.DelegatingConstructorAccessorImpl.newInstance(Unknown Source)
	at java.lang.reflect.Constructor.newInstance(Unknown Source)
	at org.openqa.selenium.remote.ErrorHandler.createThrowable(ErrorHandler.java:215)
	at org.openqa.selenium.remote.ErrorHandler.throwIfResponseFailed(ErrorHandler.java:167)
	at org.openqa.selenium.remote.RemoteWebDriver.execute(RemoteWebDriver.java:671)
	at org.openqa.selenium.remote.RemoteWebElement.execute(RemoteWebElement.java:272)
	at org.openqa.selenium.remote.RemoteWebElement.click(RemoteWebElement.java:82)
	at sun.reflect.GeneratedMethodAccessor10.invoke(Unknown Source)
	at sun.reflect.DelegatingMethodAccessorImpl.invoke(Unknown Source)
	at java.lang.reflect.Method.invoke(Unknown Source)
	at org.openqa.selenium.support.pagefactory.internal.LocatingElementHandler.invoke(LocatingElementHandler.java:51)
	at com.sun.proxy.$Proxy12.click(Unknown Source)
	at com.selenium.ebiz.pageobject.HomePage.clickMyAccountSavedListsQuickLink(HomePage.java:1653)
	at com.selenium.ebiz.pageobject.SavedListsPage.navigateToSavedListPageAndClickOnRecentlyUpdatedList(SavedListsPage.java:861)
	at com.selenium.ebiz.add_to_list.grid_add_to_list_tests.VerifyNewListCanBeCreatedThroughQuickOrder_Grid.addtolist_AddProductToNewListFromHomePageQuickOrder(VerifyNewListCanBeCreatedThroughQuickOrder_Grid.java:43)
	at sun.reflect.NativeMethodAccessorImpl.invoke0(Native Method)
	at sun.reflect.NativeMethodAccessorImpl.invoke(Unknown Source)
	at sun.reflect.DelegatingMethodAccessorImpl.invoke(Unknown Source)
	at java.lang.reflect.Method.invoke(Unknown Source)
	at org.testng.internal.MethodInvocationHelper.invokeMethod(MethodInvocationHelper.java:108)
	at org.testng.internal.Invoker.invokeMethod(Invoker.java:661)
	at org.testng.internal.Invoker.invokeTestMethod(Invoker.java:869)
	at org.testng.internal.TestMethodWithDataProviderMethodWorker.call(TestMethodWithDataProviderMethodWorker.java:75)
	at org.testng.internal.TestMethodWithDataProviderMethodWorker.call(TestMethodWithDataProviderMethodWorker.java:14)
	at java.util.concurrent.FutureTask.run(Unknown Source)
	at java.util.concurrent.Executors$RunnableAdapter.call(Unknown Source)
	at java.util.concurrent.FutureTask.run(Unknown Source)
	at java.util.concurrent.ThreadPoolExecutor.runWorker(Unknown Source)
	at java.util.concurrent.ThreadPoolExecutor$Worker.run(Unknown Source)
	at java.lang.Thread.run(Unknown Source)
</pre></div><a href='#' onClick='toggleBox("stack-trace305354924", this, "Click to show all stack frames", "Click to hide stack frames")'>Click to show all stack frames</a>
<div class='stack-trace' id='stack-trace305354924'><pre>org.openqa.selenium.WebDriverException: unknown error: Element &lt;a href=&quot;https://dev2.hdsupplysolutions.com/HdsSavedListsDisplayView?requisitionListStyle=strong&amp;amp;catalogId=10054&amp;amp;langId=-1&amp;amp;storeId=10051&quot;&gt;...&lt;/a&gt; is not clickable at point (931, 7). Other element would receive the click: &lt;div class=&quot;modal&quot;&gt;...&lt;/div&gt;
  (Session info: chrome=72.0.3626.121)
  (Driver info: chromedriver=2.41.578737 (49da6702b16031c40d63e5618de03a32ff6c197e),platform=Windows NT 6.1.7601 SP1 x86_64) (WARNING: The server did not provide any stacktrace information)
Command duration or timeout: 56 milliseconds
Build info: version: &apos;3.4.0&apos;, revision: &apos;unknown&apos;, time: &apos;unknown&apos;
System info: host: &apos;W7VDIHPQC16WPL&apos;, ip: &apos;10.224.150.153&apos;, os.name: &apos;Windows 7&apos;, os.arch: &apos;amd64&apos;, os.version: &apos;6.1&apos;, java.version: &apos;1.8.0_191&apos;
Driver info: org.openqa.selenium.remote.RemoteWebDriver
Capabilities [{mobileEmulationEnabled=false, hasTouchScreen=false, platform=XP, acceptSslCerts=false, goog:chromeOptions={debuggerAddress=localhost:52239}, acceptInsecureCerts=false, webStorageEnabled=true, browserName=chrome, takesScreenshot=true, javascriptEnabled=true, setWindowRect=true, unexpectedAlertBehaviour=, applicationCacheEnabled=false, rotatable=false, networkConnectionEnabled=false, chrome={chromedriverVersion=2.41.578737 (49da6702b16031c40d63e5618de03a32ff6c197e), userDataDir=C:\Users\dj073227\AppData\Local\Temp\scoped_dir7864_22017}, takesHeapSnapshot=true, pageLoadStrategy=normal, databaseEnabled=false, handlesAlerts=true, version=72.0.3626.121, browserConnectionEnabled=false, nativeEvents=true, webdriver.remote.sessionid=9a5e19a890260d55566d719657f1d165, locationContextEnabled=true, cssSelectorsEnabled=true}]
Session ID: 9a5e19a890260d55566d719657f1d165
	at sun.reflect.NativeConstructorAccessorImpl.newInstance0(Native Method)
	at sun.reflect.NativeConstructorAccessorImpl.newInstance(Unknown Source)
	at sun.reflect.DelegatingConstructorAccessorImpl.newInstance(Unknown Source)
	at java.lang.reflect.Constructor.newInstance(Unknown Source)
	at org.openqa.selenium.remote.ErrorHandler.createThrowable(ErrorHandler.java:215)
	at org.openqa.selenium.remote.ErrorHandler.throwIfResponseFailed(ErrorHandler.java:167)
	at org.openqa.selenium.remote.RemoteWebDriver.execute(RemoteWebDriver.java:671)
	at org.openqa.selenium.remote.RemoteWebElement.execute(RemoteWebElement.java:272)
	at org.openqa.selenium.remote.RemoteWebElement.click(RemoteWebElement.java:82)
	at sun.reflect.GeneratedMethodAccessor10.invoke(Unknown Source)
	at sun.reflect.DelegatingMethodAccessorImpl.invoke(Unknown Source)
	at java.lang.reflect.Method.invoke(Unknown Source)
	at org.openqa.selenium.support.pagefactory.internal.LocatingElementHandler.invoke(LocatingElementHandler.java:51)
	at com.sun.proxy.$Proxy12.click(Unknown Source)
	at com.selenium.ebiz.pageobject.HomePage.clickMyAccountSavedListsQuickLink(HomePage.java:1653)
	at com.selenium.ebiz.pageobject.SavedListsPage.navigateToSavedListPageAndClickOnRecentlyUpdatedList(SavedListsPage.java:861)
	at com.selenium.ebiz.add_to_list.grid_add_to_list_tests.VerifyNewListCanBeCreatedThroughQuickOrder_Grid.addtolist_AddProductToNewListFromHomePageQuickOrder(VerifyNewListCanBeCreatedThroughQuickOrder_Grid.java:43)
	at sun.reflect.NativeMethodAccessorImpl.invoke0(Native Method)
	at sun.reflect.NativeMethodAccessorImpl.invoke(Unknown Source)
	at sun.reflect.DelegatingMethodAccessorImpl.invoke(Unknown Source)
	at java.lang.reflect.Method.invoke(Unknown Source)
	at org.testng.internal.MethodInvocationHelper.invokeMethod(MethodInvocationHelper.java:108)
	at org.testng.internal.Invoker.invokeMethod(Invoker.java:661)
	at org.testng.internal.Invoker.invokeTestMethod(Invoker.java:869)
	at org.testng.internal.TestMethodWithDataProviderMethodWorker.call(TestMethodWithDataProviderMethodWorker.java:75)
	at org.testng.internal.TestMethodWithDataProviderMethodWorker.call(TestMethodWithDataProviderMethodWorker.java:14)
	at java.util.concurrent.FutureTask.run(Unknown Source)
	at java.util.concurrent.Executors$RunnableAdapter.call(Unknown Source)
	at java.util.concurrent.FutureTask.run(Unknown Source)
	at java.util.concurrent.ThreadPoolExecutor.runWorker(Unknown Source)
	at java.util.concurrent.ThreadPoolExecutor$Worker.run(Unknown Source)
	at java.lang.Thread.run(Unknown Source)
</pre></div></td>
<td>125</td>
<td>com.selenium.ebiz.add_to_list.grid_add_to_list_tests.VerifyNewListCanBeCreatedThroughQuickOrder_Grid@76318a7d</td></tr>
<tr>
<td title='com.selenium.ebiz.add_to_list.grid_add_to_list_tests.VerifyAddAllToSavedListFromShoppingCartPage_Grid.addtolist_AddProductsFromQuickOrderPad_AddToList_VerifyPartNumbers()'><b>addtolist_AddProductsFromQuickOrderPad_AddToList_VerifyPartNumbers</b><br>Test class: com.selenium.ebiz.add_to_list.grid_add_to_list_tests.VerifyAddAllToSavedListFromShoppingCartPage_Grid<br>Test method: Add Products Into Existing List and Verify The Parts are matched<br>Parameters: chrome, 67.0, Windows 10, public void com.selenium.ebiz.add_to_list.grid_add_to_list_tests.VerifyAddAllToSavedListFromShoppingCartPage_Grid.addtolist_AddProductsFromQuickOrderPad_AddToList_VerifyPartNumbers(java.lang.String,java.lang.String,java.lang.String,java.lang.reflect.Method) throws java.lang.Exception</td>
<td><div><pre>org.openqa.selenium.TimeoutException: Expected condition failed: waiting for visibility of Proxy element for: DefaultElementLocator &apos;By.xpath: //a[contains(text(),&apos;RECENTLY UPDATED&apos;)]&apos; (tried for 150 second(s) with 500 MILLISECONDS interval)
	at org.openqa.selenium.support.ui.WebDriverWait.timeoutException(WebDriverWait.java:80)
	at org.openqa.selenium.support.ui.FluentWait.until(FluentWait.java:232)
	at com.selenium.ebiz.tools.WaitTool.waitForElement(WaitTool.java:73)
	at com.selenium.ebiz.pageobject.SavedListsPage.clickOnRecentlyUpdatedLink(SavedListsPage.java:780)
	at com.selenium.ebiz.pageobject.SavedListsPage.navigateToSavedListPageAndClickOnRecentlyUpdatedList(SavedListsPage.java:862)
	at com.selenium.ebiz.add_to_list.grid_add_to_list_tests.VerifyAddAllToSavedListFromShoppingCartPage_Grid.addtolist_AddProductsFromQuickOrderPad_AddToList_VerifyPartNumbers(VerifyAddAllToSavedListFromShoppingCartPage_Grid.java:112)
	at sun.reflect.NativeMethodAccessorImpl.invoke0(Native Method)
	at sun.reflect.NativeMethodAccessorImpl.invoke(Unknown Source)
	at sun.reflect.DelegatingMethodAccessorImpl.invoke(Unknown Source)
	at java.lang.reflect.Method.invoke(Unknown Source)
	at org.testng.internal.MethodInvocationHelper.invokeMethod(MethodInvocationHelper.java:108)
	at org.testng.internal.Invoker.invokeMethod(Invoker.java:661)
	at org.testng.internal.Invoker.invokeTestMethod(Invoker.java:869)
	at org.testng.internal.TestMethodWithDataProviderMethodWorker.call(TestMethodWithDataProviderMethodWorker.java:75)
	at org.testng.internal.TestMethodWithDataProviderMethodWorker.call(TestMethodWithDataProviderMethodWorker.java:14)
	at java.util.concurrent.FutureTask.run(Unknown Source)
	at java.util.concurrent.Executors$RunnableAdapter.call(Unknown Source)
	at java.util.concurrent.FutureTask.run(Unknown Source)
	at java.util.concurrent.ThreadPoolExecutor.runWorker(Unknown Source)
	at java.util.concurrent.ThreadPoolExecutor$Worker.run(Unknown Source)
	at java.lang.Thread.run(Unknown Source)
Caused by: org.openqa.selenium.NoSuchElementException: no such element: Unable to locate element: {&quot;method&quot;:&quot;xpath&quot;,&quot;selector&quot;:&quot;//a[contains(text(),&apos;RECENTLY UPDATED&apos;)]&quot;}
  (Session info: chrome=72.0.3626.121)
  (Driver info: chromedriver=2.41.578737 (49da6702b16031c40d63e5618de03a32ff6c197e),platform=Windows NT 6.1.7601 SP1 x86_64) (WARNING: The server did not provide any stacktrace information)
Command duration or timeout: 15 milliseconds
For documentation on this error, please visit: http://seleniumhq.org/exceptions/no_such_element.html
Build info: version: &apos;3.4.0&apos;, revision: &apos;unknown&apos;, time: &apos;unknown&apos;
System info: host: &apos;W7VDIHPQC16WPL&apos;, ip: &apos;10.224.150.153&apos;, os.name: &apos;Windows 7&apos;, os.arch: &apos;amd64&apos;, os.version: &apos;6.1&apos;, java.version: &apos;1.8.0_191&apos;
Driver info: org.openqa.selenium.remote.RemoteWebDriver
Capabilities [{mobileEmulationEnabled=false, hasTouchScreen=false, platform=XP, acceptSslCerts=false, goog:chromeOptions={debuggerAddress=localhost:51893}, acceptInsecureCerts=false, webStorageEnabled=true, browserName=chrome, takesScreenshot=true, javascriptEnabled=true, setWindowRect=true, unexpectedAlertBehaviour=, applicationCacheEnabled=false, rotatable=false, networkConnectionEnabled=false, chrome={chromedriverVersion=2.41.578737 (49da6702b16031c40d63e5618de03a32ff6c197e), userDataDir=C:\Users\dj073227\AppData\Local\Temp\scoped_dir7468_11994}, takesHeapSnapshot=true, pageLoadStrategy=normal, databaseEnabled=false, handlesAlerts=true, version=72.0.3626.121, browserConnectionEnabled=false, nativeEvents=true, webdriver.remote.sessionid=d95799c830aa17e013319cac4b81fc12, locationContextEnabled=true, cssSelectorsEnabled=true}]
Session ID: d95799c830aa17e013319cac4b81fc12
*** Element info: {Using=xpath, value=//a[contains(text(),&apos;RECENTLY UPDATED&apos;)]}
	at sun.reflect.GeneratedConstructorAccessor40.newInstance(Unknown Source)
	at sun.reflect.DelegatingConstructorAccessorImpl.newInstance(Unknown Source)
	at java.lang.reflect.Constructor.newInstance(Unknown Source)
	at org.openqa.selenium.remote.ErrorHandler.createThrowable(ErrorHandler.java:215)
	at org.openqa.selenium.remote.ErrorHandler.throwIfResponseFailed(ErrorHandler.java:167)
	at org.openqa.selenium.remote.RemoteWebDriver.execute(RemoteWebDriver.java:671)
	at org.openqa.selenium.remote.RemoteWebDriver.findElement(RemoteWebDriver.java:410)
	at org.openqa.selenium.remote.RemoteWebDriver.findElementByXPath(RemoteWebDriver.java:509)
	at org.openqa.selenium.By$ByXPath.findElement(By.java:361)
	at org.openqa.selenium.remote.RemoteWebDriver.findElement(RemoteWebDriver.java:402)
	at org.openqa.selenium.support.pagefactory.DefaultElementLocator.findElement(DefaultElementLocator.java:69)
	at org.openqa.selenium.support.pagefactory.internal.LocatingElementHandler.invoke(LocatingElementHandler.java:38)
	at com.sun.proxy.$Proxy12.isDisplayed(Unknown Source)
	at org.openqa.selenium.support.ui.ExpectedConditions.elementIfVisible(ExpectedConditions.java:302)
	at org.openqa.selenium.support.ui.ExpectedConditions.access$100(ExpectedConditions.java:44)
	at org.openqa.selenium.support.ui.ExpectedConditions$10.apply(ExpectedConditions.java:288)
	at org.openqa.selenium.support.ui.ExpectedConditions$10.apply(ExpectedConditions.java:285)
	at org.openqa.selenium.support.ui.FluentWait.until(FluentWait.java:209)
	... 19 more
</pre></div><a href='#' onClick='toggleBox("stack-trace202730975", this, "Click to show all stack frames", "Click to hide stack frames")'>Click to show all stack frames</a>
<div class='stack-trace' id='stack-trace202730975'><pre>org.openqa.selenium.TimeoutException: Expected condition failed: waiting for visibility of Proxy element for: DefaultElementLocator &apos;By.xpath: //a[contains(text(),&apos;RECENTLY UPDATED&apos;)]&apos; (tried for 150 second(s) with 500 MILLISECONDS interval)
	at org.openqa.selenium.support.ui.WebDriverWait.timeoutException(WebDriverWait.java:80)
	at org.openqa.selenium.support.ui.FluentWait.until(FluentWait.java:232)
	at com.selenium.ebiz.tools.WaitTool.waitForElement(WaitTool.java:73)
	at com.selenium.ebiz.pageobject.SavedListsPage.clickOnRecentlyUpdatedLink(SavedListsPage.java:780)
	at com.selenium.ebiz.pageobject.SavedListsPage.navigateToSavedListPageAndClickOnRecentlyUpdatedList(SavedListsPage.java:862)
	at com.selenium.ebiz.add_to_list.grid_add_to_list_tests.VerifyAddAllToSavedListFromShoppingCartPage_Grid.addtolist_AddProductsFromQuickOrderPad_AddToList_VerifyPartNumbers(VerifyAddAllToSavedListFromShoppingCartPage_Grid.java:112)
	at sun.reflect.NativeMethodAccessorImpl.invoke0(Native Method)
	at sun.reflect.NativeMethodAccessorImpl.invoke(Unknown Source)
	at sun.reflect.DelegatingMethodAccessorImpl.invoke(Unknown Source)
	at java.lang.reflect.Method.invoke(Unknown Source)
	at org.testng.internal.MethodInvocationHelper.invokeMethod(MethodInvocationHelper.java:108)
	at org.testng.internal.Invoker.invokeMethod(Invoker.java:661)
	at org.testng.internal.Invoker.invokeTestMethod(Invoker.java:869)
	at org.testng.internal.TestMethodWithDataProviderMethodWorker.call(TestMethodWithDataProviderMethodWorker.java:75)
	at org.testng.internal.TestMethodWithDataProviderMethodWorker.call(TestMethodWithDataProviderMethodWorker.java:14)
	at java.util.concurrent.FutureTask.run(Unknown Source)
	at java.util.concurrent.Executors$RunnableAdapter.call(Unknown Source)
	at java.util.concurrent.FutureTask.run(Unknown Source)
	at java.util.concurrent.ThreadPoolExecutor.runWorker(Unknown Source)
	at java.util.concurrent.ThreadPoolExecutor$Worker.run(Unknown Source)
	at java.lang.Thread.run(Unknown Source)
Caused by: org.openqa.selenium.NoSuchElementException: no such element: Unable to locate element: {&quot;method&quot;:&quot;xpath&quot;,&quot;selector&quot;:&quot;//a[contains(text(),&apos;RECENTLY UPDATED&apos;)]&quot;}
  (Session info: chrome=72.0.3626.121)
  (Driver info: chromedriver=2.41.578737 (49da6702b16031c40d63e5618de03a32ff6c197e),platform=Windows NT 6.1.7601 SP1 x86_64) (WARNING: The server did not provide any stacktrace information)
Command duration or timeout: 15 milliseconds
For documentation on this error, please visit: http://seleniumhq.org/exceptions/no_such_element.html
Build info: version: &apos;3.4.0&apos;, revision: &apos;unknown&apos;, time: &apos;unknown&apos;
System info: host: &apos;W7VDIHPQC16WPL&apos;, ip: &apos;10.224.150.153&apos;, os.name: &apos;Windows 7&apos;, os.arch: &apos;amd64&apos;, os.version: &apos;6.1&apos;, java.version: &apos;1.8.0_191&apos;
Driver info: org.openqa.selenium.remote.RemoteWebDriver
Capabilities [{mobileEmulationEnabled=false, hasTouchScreen=false, platform=XP, acceptSslCerts=false, goog:chromeOptions={debuggerAddress=localhost:51893}, acceptInsecureCerts=false, webStorageEnabled=true, browserName=chrome, takesScreenshot=true, javascriptEnabled=true, setWindowRect=true, unexpectedAlertBehaviour=, applicationCacheEnabled=false, rotatable=false, networkConnectionEnabled=false, chrome={chromedriverVersion=2.41.578737 (49da6702b16031c40d63e5618de03a32ff6c197e), userDataDir=C:\Users\dj073227\AppData\Local\Temp\scoped_dir7468_11994}, takesHeapSnapshot=true, pageLoadStrategy=normal, databaseEnabled=false, handlesAlerts=true, version=72.0.3626.121, browserConnectionEnabled=false, nativeEvents=true, webdriver.remote.sessionid=d95799c830aa17e013319cac4b81fc12, locationContextEnabled=true, cssSelectorsEnabled=true}]
Session ID: d95799c830aa17e013319cac4b81fc12
*** Element info: {Using=xpath, value=//a[contains(text(),&apos;RECENTLY UPDATED&apos;)]}
	at sun.reflect.GeneratedConstructorAccessor40.newInstance(Unknown Source)
	at sun.reflect.DelegatingConstructorAccessorImpl.newInstance(Unknown Source)
	at java.lang.reflect.Constructor.newInstance(Unknown Source)
	at org.openqa.selenium.remote.ErrorHandler.createThrowable(ErrorHandler.java:215)
	at org.openqa.selenium.remote.ErrorHandler.throwIfResponseFailed(ErrorHandler.java:167)
	at org.openqa.selenium.remote.RemoteWebDriver.execute(RemoteWebDriver.java:671)
	at org.openqa.selenium.remote.RemoteWebDriver.findElement(RemoteWebDriver.java:410)
	at org.openqa.selenium.remote.RemoteWebDriver.findElementByXPath(RemoteWebDriver.java:509)
	at org.openqa.selenium.By$ByXPath.findElement(By.java:361)
	at org.openqa.selenium.remote.RemoteWebDriver.findElement(RemoteWebDriver.java:402)
	at org.openqa.selenium.support.pagefactory.DefaultElementLocator.findElement(DefaultElementLocator.java:69)
	at org.openqa.selenium.support.pagefactory.internal.LocatingElementHandler.invoke(LocatingElementHandler.java:38)
	at com.sun.proxy.$Proxy12.isDisplayed(Unknown Source)
	at org.openqa.selenium.support.ui.ExpectedConditions.elementIfVisible(ExpectedConditions.java:302)
	at org.openqa.selenium.support.ui.ExpectedConditions.access$100(ExpectedConditions.java:44)
	at org.openqa.selenium.support.ui.ExpectedConditions$10.apply(ExpectedConditions.java:288)
	at org.openqa.selenium.support.ui.ExpectedConditions$10.apply(ExpectedConditions.java:285)
	at org.openqa.selenium.support.ui.FluentWait.until(FluentWait.java:209)
	... 19 more
</pre></div></td>
<td>204</td>
<td>com.selenium.ebiz.add_to_list.grid_add_to_list_tests.VerifyAddAllToSavedListFromShoppingCartPage_Grid@2f66e802</td></tr>
<tr>
<td title='com.selenium.ebiz.add_to_list.grid_add_to_list_tests.VerifyNewListCanBeCreatedThroughQuickOrder_Grid.addtolist_AddSecondPartInHomePageOrderPadAndAddToExistingList()'><b>addtolist_AddSecondPartInHomePageOrderPadAndAddToExistingList</b><br>Test class: com.selenium.ebiz.add_to_list.grid_add_to_list_tests.VerifyNewListCanBeCreatedThroughQuickOrder_Grid<br>Test method: AddSecondPartInHomePageOrderPadAndAddToExistingList<br>Parameters: chrome, 67.0, Windows 10, public void com.selenium.ebiz.add_to_list.grid_add_to_list_tests.VerifyNewListCanBeCreatedThroughQuickOrder_Grid.addtolist_AddSecondPartInHomePageOrderPadAndAddToExistingList(java.lang.String,java.lang.String,java.lang.String,java.lang.reflect.Method) throws java.lang.Exception</td>
<td><div><pre>java.util.EmptyStackException
	at java.util.Stack.peek(Unknown Source)
	at java.util.Stack.pop(Unknown Source)
	at com.selenium.ebiz.pageobject.commonLogin.LoginToHDS(commonLogin.java:49)
	at com.selenium.ebiz.add_to_list.grid_add_to_list_tests.VerifyNewListCanBeCreatedThroughQuickOrder_Grid.addtolist_AddSecondPartInHomePageOrderPadAndAddToExistingList(VerifyNewListCanBeCreatedThroughQuickOrder_Grid.java:58)
	at sun.reflect.NativeMethodAccessorImpl.invoke0(Native Method)
	at sun.reflect.NativeMethodAccessorImpl.invoke(Unknown Source)
	at sun.reflect.DelegatingMethodAccessorImpl.invoke(Unknown Source)
	at java.lang.reflect.Method.invoke(Unknown Source)
	at org.testng.internal.MethodInvocationHelper.invokeMethod(MethodInvocationHelper.java:108)
	at org.testng.internal.Invoker.invokeMethod(Invoker.java:661)
	at org.testng.internal.Invoker.invokeTestMethod(Invoker.java:869)
	at org.testng.internal.TestMethodWithDataProviderMethodWorker.call(TestMethodWithDataProviderMethodWorker.java:75)
	at org.testng.internal.TestMethodWithDataProviderMethodWorker.call(TestMethodWithDataProviderMethodWorker.java:14)
	at java.util.concurrent.FutureTask.run(Unknown Source)
	at java.util.concurrent.Executors$RunnableAdapter.call(Unknown Source)
	at java.util.concurrent.FutureTask.run(Unknown Source)
	at java.util.concurrent.ThreadPoolExecutor.runWorker(Unknown Source)
	at java.util.concurrent.ThreadPoolExecutor$Worker.run(Unknown Source)
	at java.lang.Thread.run(Unknown Source)
</pre></div><a href='#' onClick='toggleBox("stack-trace922319381", this, "Click to show all stack frames", "Click to hide stack frames")'>Click to show all stack frames</a>
<div class='stack-trace' id='stack-trace922319381'><pre>java.util.EmptyStackException
	at java.util.Stack.peek(Unknown Source)
	at java.util.Stack.pop(Unknown Source)
	at com.selenium.ebiz.pageobject.commonLogin.LoginToHDS(commonLogin.java:49)
	at com.selenium.ebiz.add_to_list.grid_add_to_list_tests.VerifyNewListCanBeCreatedThroughQuickOrder_Grid.addtolist_AddSecondPartInHomePageOrderPadAndAddToExistingList(VerifyNewListCanBeCreatedThroughQuickOrder_Grid.java:58)
	at sun.reflect.NativeMethodAccessorImpl.invoke0(Native Method)
	at sun.reflect.NativeMethodAccessorImpl.invoke(Unknown Source)
	at sun.reflect.DelegatingMethodAccessorImpl.invoke(Unknown Source)
	at java.lang.reflect.Method.invoke(Unknown Source)
	at org.testng.internal.MethodInvocationHelper.invokeMethod(MethodInvocationHelper.java:108)
	at org.testng.internal.Invoker.invokeMethod(Invoker.java:661)
	at org.testng.internal.Invoker.invokeTestMethod(Invoker.java:869)
	at org.testng.internal.TestMethodWithDataProviderMethodWorker.call(TestMethodWithDataProviderMethodWorker.java:75)
	at org.testng.internal.TestMethodWithDataProviderMethodWorker.call(TestMethodWithDataProviderMethodWorker.java:14)
	at java.util.concurrent.FutureTask.run(Unknown Source)
	at java.util.concurrent.Executors$RunnableAdapter.call(Unknown Source)
	at java.util.concurrent.FutureTask.run(Unknown Source)
	at java.util.concurrent.ThreadPoolExecutor.runWorker(Unknown Source)
	at java.util.concurrent.ThreadPoolExecutor$Worker.run(Unknown Source)
	at java.lang.Thread.run(Unknown Source)
</pre></div></td>
<td>160</td>
<td>com.selenium.ebiz.add_to_list.grid_add_to_list_tests.VerifyNewListCanBeCreatedThroughQuickOrder_Grid@76318a7d</td></tr>
<tr>
<td title='com.selenium.ebiz.add_to_list.grid_add_to_list_tests.VerifySearchResultsForKeywordSearch_AddToSavedList_Grid.addtolist_AddToNewListFromSearchWithValidKeyword()'><b>addtolist_AddToNewListFromSearchWithValidKeyword</b><br>Test class: com.selenium.ebiz.add_to_list.grid_add_to_list_tests.VerifySearchResultsForKeywordSearch_AddToSavedList_Grid<br>Parameters: chrome, 67.0, Windows 10, public void com.selenium.ebiz.add_to_list.grid_add_to_list_tests.VerifySearchResultsForKeywordSearch_AddToSavedList_Grid.addtolist_AddToNewListFromSearchWithValidKeyword(java.lang.String,java.lang.String,java.lang.String,java.lang.reflect.Method) throws java.lang.Exception</td>
<td><div><pre>org.openqa.selenium.WebDriverException: unknown error: Element &lt;a href=&quot;https://dev2.hdsupplysolutions.com/HdsSavedListsDisplayView?requisitionListStyle=strong&amp;amp;catalogId=10054&amp;amp;langId=-1&amp;amp;storeId=10051&quot;&gt;...&lt;/a&gt; is not clickable at point (931, 7). Other element would receive the click: &lt;div class=&quot;modal&quot;&gt;...&lt;/div&gt;
  (Session info: chrome=72.0.3626.121)
  (Driver info: chromedriver=2.41.578737 (49da6702b16031c40d63e5618de03a32ff6c197e),platform=Windows NT 6.1.7601 SP1 x86_64) (WARNING: The server did not provide any stacktrace information)
Command duration or timeout: 51 milliseconds
Build info: version: &apos;3.4.0&apos;, revision: &apos;unknown&apos;, time: &apos;unknown&apos;
System info: host: &apos;W7VDIHPQC16WPL&apos;, ip: &apos;10.224.150.153&apos;, os.name: &apos;Windows 7&apos;, os.arch: &apos;amd64&apos;, os.version: &apos;6.1&apos;, java.version: &apos;1.8.0_191&apos;
Driver info: org.openqa.selenium.remote.RemoteWebDriver
Capabilities [{mobileEmulationEnabled=false, hasTouchScreen=false, platform=XP, acceptSslCerts=false, goog:chromeOptions={debuggerAddress=localhost:52030}, acceptInsecureCerts=false, webStorageEnabled=true, browserName=chrome, takesScreenshot=true, javascriptEnabled=true, setWindowRect=true, unexpectedAlertBehaviour=, applicationCacheEnabled=false, rotatable=false, networkConnectionEnabled=false, chrome={chromedriverVersion=2.41.578737 (49da6702b16031c40d63e5618de03a32ff6c197e), userDataDir=C:\Users\dj073227\AppData\Local\Temp\scoped_dir10308_19863}, takesHeapSnapshot=true, pageLoadStrategy=normal, databaseEnabled=false, handlesAlerts=true, version=72.0.3626.121, browserConnectionEnabled=false, nativeEvents=true, webdriver.remote.sessionid=fd4a870a9afba6ca3fd87e7423c1019f, locationContextEnabled=true, cssSelectorsEnabled=true}]
Session ID: fd4a870a9afba6ca3fd87e7423c1019f
	at sun.reflect.NativeConstructorAccessorImpl.newInstance0(Native Method)
	at sun.reflect.NativeConstructorAccessorImpl.newInstance(Unknown Source)
	at sun.reflect.DelegatingConstructorAccessorImpl.newInstance(Unknown Source)
	at java.lang.reflect.Constructor.newInstance(Unknown Source)
	at org.openqa.selenium.remote.ErrorHandler.createThrowable(ErrorHandler.java:215)
	at org.openqa.selenium.remote.ErrorHandler.throwIfResponseFailed(ErrorHandler.java:167)
	at org.openqa.selenium.remote.RemoteWebDriver.execute(RemoteWebDriver.java:671)
	at org.openqa.selenium.remote.RemoteWebElement.execute(RemoteWebElement.java:272)
	at org.openqa.selenium.remote.RemoteWebElement.click(RemoteWebElement.java:82)
	at sun.reflect.GeneratedMethodAccessor10.invoke(Unknown Source)
	at sun.reflect.DelegatingMethodAccessorImpl.invoke(Unknown Source)
	at java.lang.reflect.Method.invoke(Unknown Source)
	at org.openqa.selenium.support.pagefactory.internal.LocatingElementHandler.invoke(LocatingElementHandler.java:51)
	at com.sun.proxy.$Proxy12.click(Unknown Source)
	at com.selenium.ebiz.pageobject.HomePage.clickMyAccountSavedListsQuickLink(HomePage.java:1653)
	at com.selenium.ebiz.add_to_list.grid_add_to_list_tests.VerifySearchResultsForKeywordSearch_AddToSavedList_Grid.addtolist_AddToNewListFromSearchWithValidKeyword(VerifySearchResultsForKeywordSearch_AddToSavedList_Grid.java:46)
	at sun.reflect.NativeMethodAccessorImpl.invoke0(Native Method)
	at sun.reflect.NativeMethodAccessorImpl.invoke(Unknown Source)
	at sun.reflect.DelegatingMethodAccessorImpl.invoke(Unknown Source)
	at java.lang.reflect.Method.invoke(Unknown Source)
	at org.testng.internal.MethodInvocationHelper.invokeMethod(MethodInvocationHelper.java:108)
	at org.testng.internal.Invoker.invokeMethod(Invoker.java:661)
	at org.testng.internal.Invoker.invokeTestMethod(Invoker.java:869)
	at org.testng.internal.TestMethodWithDataProviderMethodWorker.call(TestMethodWithDataProviderMethodWorker.java:75)
	at org.testng.internal.TestMethodWithDataProviderMethodWorker.call(TestMethodWithDataProviderMethodWorker.java:14)
	at java.util.concurrent.FutureTask.run(Unknown Source)
	at java.util.concurrent.Executors$RunnableAdapter.call(Unknown Source)
	at java.util.concurrent.FutureTask.run(Unknown Source)
	at java.util.concurrent.ThreadPoolExecutor.runWorker(Unknown Source)
	at java.util.concurrent.ThreadPoolExecutor$Worker.run(Unknown Source)
	at java.lang.Thread.run(Unknown Source)
</pre></div><a href='#' onClick='toggleBox("stack-trace70398166", this, "Click to show all stack frames", "Click to hide stack frames")'>Click to show all stack frames</a>
<div class='stack-trace' id='stack-trace70398166'><pre>org.openqa.selenium.WebDriverException: unknown error: Element &lt;a href=&quot;https://dev2.hdsupplysolutions.com/HdsSavedListsDisplayView?requisitionListStyle=strong&amp;amp;catalogId=10054&amp;amp;langId=-1&amp;amp;storeId=10051&quot;&gt;...&lt;/a&gt; is not clickable at point (931, 7). Other element would receive the click: &lt;div class=&quot;modal&quot;&gt;...&lt;/div&gt;
  (Session info: chrome=72.0.3626.121)
  (Driver info: chromedriver=2.41.578737 (49da6702b16031c40d63e5618de03a32ff6c197e),platform=Windows NT 6.1.7601 SP1 x86_64) (WARNING: The server did not provide any stacktrace information)
Command duration or timeout: 51 milliseconds
Build info: version: &apos;3.4.0&apos;, revision: &apos;unknown&apos;, time: &apos;unknown&apos;
System info: host: &apos;W7VDIHPQC16WPL&apos;, ip: &apos;10.224.150.153&apos;, os.name: &apos;Windows 7&apos;, os.arch: &apos;amd64&apos;, os.version: &apos;6.1&apos;, java.version: &apos;1.8.0_191&apos;
Driver info: org.openqa.selenium.remote.RemoteWebDriver
Capabilities [{mobileEmulationEnabled=false, hasTouchScreen=false, platform=XP, acceptSslCerts=false, goog:chromeOptions={debuggerAddress=localhost:52030}, acceptInsecureCerts=false, webStorageEnabled=true, browserName=chrome, takesScreenshot=true, javascriptEnabled=true, setWindowRect=true, unexpectedAlertBehaviour=, applicationCacheEnabled=false, rotatable=false, networkConnectionEnabled=false, chrome={chromedriverVersion=2.41.578737 (49da6702b16031c40d63e5618de03a32ff6c197e), userDataDir=C:\Users\dj073227\AppData\Local\Temp\scoped_dir10308_19863}, takesHeapSnapshot=true, pageLoadStrategy=normal, databaseEnabled=false, handlesAlerts=true, version=72.0.3626.121, browserConnectionEnabled=false, nativeEvents=true, webdriver.remote.sessionid=fd4a870a9afba6ca3fd87e7423c1019f, locationContextEnabled=true, cssSelectorsEnabled=true}]
Session ID: fd4a870a9afba6ca3fd87e7423c1019f
	at sun.reflect.NativeConstructorAccessorImpl.newInstance0(Native Method)
	at sun.reflect.NativeConstructorAccessorImpl.newInstance(Unknown Source)
	at sun.reflect.DelegatingConstructorAccessorImpl.newInstance(Unknown Source)
	at java.lang.reflect.Constructor.newInstance(Unknown Source)
	at org.openqa.selenium.remote.ErrorHandler.createThrowable(ErrorHandler.java:215)
	at org.openqa.selenium.remote.ErrorHandler.throwIfResponseFailed(ErrorHandler.java:167)
	at org.openqa.selenium.remote.RemoteWebDriver.execute(RemoteWebDriver.java:671)
	at org.openqa.selenium.remote.RemoteWebElement.execute(RemoteWebElement.java:272)
	at org.openqa.selenium.remote.RemoteWebElement.click(RemoteWebElement.java:82)
	at sun.reflect.GeneratedMethodAccessor10.invoke(Unknown Source)
	at sun.reflect.DelegatingMethodAccessorImpl.invoke(Unknown Source)
	at java.lang.reflect.Method.invoke(Unknown Source)
	at org.openqa.selenium.support.pagefactory.internal.LocatingElementHandler.invoke(LocatingElementHandler.java:51)
	at com.sun.proxy.$Proxy12.click(Unknown Source)
	at com.selenium.ebiz.pageobject.HomePage.clickMyAccountSavedListsQuickLink(HomePage.java:1653)
	at com.selenium.ebiz.add_to_list.grid_add_to_list_tests.VerifySearchResultsForKeywordSearch_AddToSavedList_Grid.addtolist_AddToNewListFromSearchWithValidKeyword(VerifySearchResultsForKeywordSearch_AddToSavedList_Grid.java:46)
	at sun.reflect.NativeMethodAccessorImpl.invoke0(Native Method)
	at sun.reflect.NativeMethodAccessorImpl.invoke(Unknown Source)
	at sun.reflect.DelegatingMethodAccessorImpl.invoke(Unknown Source)
	at java.lang.reflect.Method.invoke(Unknown Source)
	at org.testng.internal.MethodInvocationHelper.invokeMethod(MethodInvocationHelper.java:108)
	at org.testng.internal.Invoker.invokeMethod(Invoker.java:661)
	at org.testng.internal.Invoker.invokeTestMethod(Invoker.java:869)
	at org.testng.internal.TestMethodWithDataProviderMethodWorker.call(TestMethodWithDataProviderMethodWorker.java:75)
	at org.testng.internal.TestMethodWithDataProviderMethodWorker.call(TestMethodWithDataProviderMethodWorker.java:14)
	at java.util.concurrent.FutureTask.run(Unknown Source)
	at java.util.concurrent.Executors$RunnableAdapter.call(Unknown Source)
	at java.util.concurrent.FutureTask.run(Unknown Source)
	at java.util.concurrent.ThreadPoolExecutor.runWorker(Unknown Source)
	at java.util.concurrent.ThreadPoolExecutor$Worker.run(Unknown Source)
	at java.lang.Thread.run(Unknown Source)
</pre></div></td>
<td>71</td>
<td>com.selenium.ebiz.add_to_list.grid_add_to_list_tests.VerifySearchResultsForKeywordSearch_AddToSavedList_Grid@3277e499</td></tr>
<tr>
<td title='com.selenium.ebiz.add_to_list.grid_add_to_list_tests.VerifyAddAllToSavedListFromShoppingCartPage_Grid.addtolist_CreateNewListAndVerifyListWasCreatedWithAddedParts()'><b>addtolist_CreateNewListAndVerifyListWasCreatedWithAddedParts</b><br>Test class: com.selenium.ebiz.add_to_list.grid_add_to_list_tests.VerifyAddAllToSavedListFromShoppingCartPage_Grid<br>Test method: Verify the part numbers on the New saved list matches the part numbers on the shopping cart page<br>Parameters: chrome, 67.0, Windows 10, public void com.selenium.ebiz.add_to_list.grid_add_to_list_tests.VerifyAddAllToSavedListFromShoppingCartPage_Grid.addtolist_CreateNewListAndVerifyListWasCreatedWithAddedParts(java.lang.String,java.lang.String,java.lang.String,java.lang.reflect.Method) throws java.lang.Exception</td>
<td><div><pre>java.util.EmptyStackException
	at java.util.Stack.peek(Unknown Source)
	at java.util.Stack.pop(Unknown Source)
	at com.selenium.ebiz.pageobject.commonLogin.LoginToHDS(commonLogin.java:49)
	at com.selenium.ebiz.add_to_list.grid_add_to_list_tests.VerifyAddAllToSavedListFromShoppingCartPage_Grid.addtolist_CreateNewListAndVerifyListWasCreatedWithAddedParts(VerifyAddAllToSavedListFromShoppingCartPage_Grid.java:36)
	at sun.reflect.NativeMethodAccessorImpl.invoke0(Native Method)
	at sun.reflect.NativeMethodAccessorImpl.invoke(Unknown Source)
	at sun.reflect.DelegatingMethodAccessorImpl.invoke(Unknown Source)
	at java.lang.reflect.Method.invoke(Unknown Source)
	at org.testng.internal.MethodInvocationHelper.invokeMethod(MethodInvocationHelper.java:108)
	at org.testng.internal.Invoker.invokeMethod(Invoker.java:661)
	at org.testng.internal.Invoker.invokeTestMethod(Invoker.java:869)
	at org.testng.internal.TestMethodWithDataProviderMethodWorker.call(TestMethodWithDataProviderMethodWorker.java:75)
	at org.testng.internal.TestMethodWithDataProviderMethodWorker.call(TestMethodWithDataProviderMethodWorker.java:14)
	at java.util.concurrent.FutureTask.run(Unknown Source)
	at java.util.concurrent.Executors$RunnableAdapter.call(Unknown Source)
	at java.util.concurrent.FutureTask.run(Unknown Source)
	at java.util.concurrent.ThreadPoolExecutor.runWorker(Unknown Source)
	at java.util.concurrent.ThreadPoolExecutor$Worker.run(Unknown Source)
	at java.lang.Thread.run(Unknown Source)
</pre></div><a href='#' onClick='toggleBox("stack-trace1964604201", this, "Click to show all stack frames", "Click to hide stack frames")'>Click to show all stack frames</a>
<div class='stack-trace' id='stack-trace1964604201'><pre>java.util.EmptyStackException
	at java.util.Stack.peek(Unknown Source)
	at java.util.Stack.pop(Unknown Source)
	at com.selenium.ebiz.pageobject.commonLogin.LoginToHDS(commonLogin.java:49)
	at com.selenium.ebiz.add_to_list.grid_add_to_list_tests.VerifyAddAllToSavedListFromShoppingCartPage_Grid.addtolist_CreateNewListAndVerifyListWasCreatedWithAddedParts(VerifyAddAllToSavedListFromShoppingCartPage_Grid.java:36)
	at sun.reflect.NativeMethodAccessorImpl.invoke0(Native Method)
	at sun.reflect.NativeMethodAccessorImpl.invoke(Unknown Source)
	at sun.reflect.DelegatingMethodAccessorImpl.invoke(Unknown Source)
	at java.lang.reflect.Method.invoke(Unknown Source)
	at org.testng.internal.MethodInvocationHelper.invokeMethod(MethodInvocationHelper.java:108)
	at org.testng.internal.Invoker.invokeMethod(Invoker.java:661)
	at org.testng.internal.Invoker.invokeTestMethod(Invoker.java:869)
	at org.testng.internal.TestMethodWithDataProviderMethodWorker.call(TestMethodWithDataProviderMethodWorker.java:75)
	at org.testng.internal.TestMethodWithDataProviderMethodWorker.call(TestMethodWithDataProviderMethodWorker.java:14)
	at java.util.concurrent.FutureTask.run(Unknown Source)
	at java.util.concurrent.Executors$RunnableAdapter.call(Unknown Source)
	at java.util.concurrent.FutureTask.run(Unknown Source)
	at java.util.concurrent.ThreadPoolExecutor.runWorker(Unknown Source)
	at java.util.concurrent.ThreadPoolExecutor$Worker.run(Unknown Source)
	at java.lang.Thread.run(Unknown Source)
</pre></div></td>
<td>166</td>
<td>com.selenium.ebiz.add_to_list.grid_add_to_list_tests.VerifyAddAllToSavedListFromShoppingCartPage_Grid@2f66e802</td></tr>
<tr>
<td title='com.selenium.ebiz.add_to_list.grid_add_to_list_tests.VerifyAddAllToSavedListFromShoppingCartPage_Grid.addtolist_CreateNewListAndVerifyListWasCreatedWithAddedPrices()'><b>addtolist_CreateNewListAndVerifyListWasCreatedWithAddedPrices</b><br>Test class: com.selenium.ebiz.add_to_list.grid_add_to_list_tests.VerifyAddAllToSavedListFromShoppingCartPage_Grid<br>Test method: Verify the prices on the New saved list matches the prices on the shopping cart page<br>Parameters: chrome, 67.0, Windows 10, public void com.selenium.ebiz.add_to_list.grid_add_to_list_tests.VerifyAddAllToSavedListFromShoppingCartPage_Grid.addtolist_CreateNewListAndVerifyListWasCreatedWithAddedPrices(java.lang.String,java.lang.String,java.lang.String,java.lang.reflect.Method) throws java.lang.Exception</td>
<td><div><pre>java.util.EmptyStackException
	at java.util.Stack.peek(Unknown Source)
	at java.util.Stack.pop(Unknown Source)
	at com.selenium.ebiz.pageobject.commonLogin.LoginToHDS(commonLogin.java:49)
	at com.selenium.ebiz.add_to_list.grid_add_to_list_tests.VerifyAddAllToSavedListFromShoppingCartPage_Grid.addtolist_CreateNewListAndVerifyListWasCreatedWithAddedPrices(VerifyAddAllToSavedListFromShoppingCartPage_Grid.java:60)
	at sun.reflect.NativeMethodAccessorImpl.invoke0(Native Method)
	at sun.reflect.NativeMethodAccessorImpl.invoke(Unknown Source)
	at sun.reflect.DelegatingMethodAccessorImpl.invoke(Unknown Source)
	at java.lang.reflect.Method.invoke(Unknown Source)
	at org.testng.internal.MethodInvocationHelper.invokeMethod(MethodInvocationHelper.java:108)
	at org.testng.internal.Invoker.invokeMethod(Invoker.java:661)
	at org.testng.internal.Invoker.invokeTestMethod(Invoker.java:869)
	at org.testng.internal.TestMethodWithDataProviderMethodWorker.call(TestMethodWithDataProviderMethodWorker.java:75)
	at org.testng.internal.TestMethodWithDataProviderMethodWorker.call(TestMethodWithDataProviderMethodWorker.java:14)
	at java.util.concurrent.FutureTask.run(Unknown Source)
	at java.util.concurrent.Executors$RunnableAdapter.call(Unknown Source)
	at java.util.concurrent.FutureTask.run(Unknown Source)
	at java.util.concurrent.ThreadPoolExecutor.runWorker(Unknown Source)
	at java.util.concurrent.ThreadPoolExecutor$Worker.run(Unknown Source)
	at java.lang.Thread.run(Unknown Source)
</pre></div><a href='#' onClick='toggleBox("stack-trace1112562714", this, "Click to show all stack frames", "Click to hide stack frames")'>Click to show all stack frames</a>
<div class='stack-trace' id='stack-trace1112562714'><pre>java.util.EmptyStackException
	at java.util.Stack.peek(Unknown Source)
	at java.util.Stack.pop(Unknown Source)
	at com.selenium.ebiz.pageobject.commonLogin.LoginToHDS(commonLogin.java:49)
	at com.selenium.ebiz.add_to_list.grid_add_to_list_tests.VerifyAddAllToSavedListFromShoppingCartPage_Grid.addtolist_CreateNewListAndVerifyListWasCreatedWithAddedPrices(VerifyAddAllToSavedListFromShoppingCartPage_Grid.java:60)
	at sun.reflect.NativeMethodAccessorImpl.invoke0(Native Method)
	at sun.reflect.NativeMethodAccessorImpl.invoke(Unknown Source)
	at sun.reflect.DelegatingMethodAccessorImpl.invoke(Unknown Source)
	at java.lang.reflect.Method.invoke(Unknown Source)
	at org.testng.internal.MethodInvocationHelper.invokeMethod(MethodInvocationHelper.java:108)
	at org.testng.internal.Invoker.invokeMethod(Invoker.java:661)
	at org.testng.internal.Invoker.invokeTestMethod(Invoker.java:869)
	at org.testng.internal.TestMethodWithDataProviderMethodWorker.call(TestMethodWithDataProviderMethodWorker.java:75)
	at org.testng.internal.TestMethodWithDataProviderMethodWorker.call(TestMethodWithDataProviderMethodWorker.java:14)
	at java.util.concurrent.FutureTask.run(Unknown Source)
	at java.util.concurrent.Executors$RunnableAdapter.call(Unknown Source)
	at java.util.concurrent.FutureTask.run(Unknown Source)
	at java.util.concurrent.ThreadPoolExecutor.runWorker(Unknown Source)
	at java.util.concurrent.ThreadPoolExecutor$Worker.run(Unknown Source)
	at java.lang.Thread.run(Unknown Source)
</pre></div></td>
<td>140</td>
<td>com.selenium.ebiz.add_to_list.grid_add_to_list_tests.VerifyAddAllToSavedListFromShoppingCartPage_Grid@2f66e802</td></tr>
<tr>
<td title='com.selenium.ebiz.add_to_list.grid_add_to_list_tests.VerifyAddItemsToSavedListFromPLPGridAndListView_Grid.addtolist_addFirstProductFromPLPGridViewToNewList()'><b>addtolist_addFirstProductFromPLPGridViewToNewList</b><br>Test class: com.selenium.ebiz.add_to_list.grid_add_to_list_tests.VerifyAddItemsToSavedListFromPLPGridAndListView_Grid<br>Test method: Search First Product By keyword And Add To New List from PLP Grid View<br>Parameters: chrome, 67.0, Windows 10, public void com.selenium.ebiz.add_to_list.grid_add_to_list_tests.VerifyAddItemsToSavedListFromPLPGridAndListView_Grid.addtolist_addFirstProductFromPLPGridViewToNewList(java.lang.String,java.lang.String,java.lang.String,java.lang.reflect.Method) throws java.lang.Exception</td>
<td><div><pre>java.util.EmptyStackException
	at java.util.Stack.peek(Unknown Source)
	at java.util.Stack.pop(Unknown Source)
	at com.selenium.ebiz.pageobject.commonLogin.LoginToHDS(commonLogin.java:49)
	at com.selenium.ebiz.add_to_list.grid_add_to_list_tests.VerifyAddItemsToSavedListFromPLPGridAndListView_Grid.addtolist_addFirstProductFromPLPGridViewToNewList(VerifyAddItemsToSavedListFromPLPGridAndListView_Grid.java:37)
	at sun.reflect.NativeMethodAccessorImpl.invoke0(Native Method)
	at sun.reflect.NativeMethodAccessorImpl.invoke(Unknown Source)
	at sun.reflect.DelegatingMethodAccessorImpl.invoke(Unknown Source)
	at java.lang.reflect.Method.invoke(Unknown Source)
	at org.testng.internal.MethodInvocationHelper.invokeMethod(MethodInvocationHelper.java:108)
	at org.testng.internal.Invoker.invokeMethod(Invoker.java:661)
	at org.testng.internal.Invoker.invokeTestMethod(Invoker.java:869)
	at org.testng.internal.TestMethodWithDataProviderMethodWorker.call(TestMethodWithDataProviderMethodWorker.java:75)
	at org.testng.internal.TestMethodWithDataProviderMethodWorker.call(TestMethodWithDataProviderMethodWorker.java:14)
	at java.util.concurrent.FutureTask.run(Unknown Source)
	at java.util.concurrent.Executors$RunnableAdapter.call(Unknown Source)
	at java.util.concurrent.FutureTask.run(Unknown Source)
	at java.util.concurrent.ThreadPoolExecutor.runWorker(Unknown Source)
	at java.util.concurrent.ThreadPoolExecutor$Worker.run(Unknown Source)
	at java.lang.Thread.run(Unknown Source)
</pre></div><a href='#' onClick='toggleBox("stack-trace1295616018", this, "Click to show all stack frames", "Click to hide stack frames")'>Click to show all stack frames</a>
<div class='stack-trace' id='stack-trace1295616018'><pre>java.util.EmptyStackException
	at java.util.Stack.peek(Unknown Source)
	at java.util.Stack.pop(Unknown Source)
	at com.selenium.ebiz.pageobject.commonLogin.LoginToHDS(commonLogin.java:49)
	at com.selenium.ebiz.add_to_list.grid_add_to_list_tests.VerifyAddItemsToSavedListFromPLPGridAndListView_Grid.addtolist_addFirstProductFromPLPGridViewToNewList(VerifyAddItemsToSavedListFromPLPGridAndListView_Grid.java:37)
	at sun.reflect.NativeMethodAccessorImpl.invoke0(Native Method)
	at sun.reflect.NativeMethodAccessorImpl.invoke(Unknown Source)
	at sun.reflect.DelegatingMethodAccessorImpl.invoke(Unknown Source)
	at java.lang.reflect.Method.invoke(Unknown Source)
	at org.testng.internal.MethodInvocationHelper.invokeMethod(MethodInvocationHelper.java:108)
	at org.testng.internal.Invoker.invokeMethod(Invoker.java:661)
	at org.testng.internal.Invoker.invokeTestMethod(Invoker.java:869)
	at org.testng.internal.TestMethodWithDataProviderMethodWorker.call(TestMethodWithDataProviderMethodWorker.java:75)
	at org.testng.internal.TestMethodWithDataProviderMethodWorker.call(TestMethodWithDataProviderMethodWorker.java:14)
	at java.util.concurrent.FutureTask.run(Unknown Source)
	at java.util.concurrent.Executors$RunnableAdapter.call(Unknown Source)
	at java.util.concurrent.FutureTask.run(Unknown Source)
	at java.util.concurrent.ThreadPoolExecutor.runWorker(Unknown Source)
	at java.util.concurrent.ThreadPoolExecutor$Worker.run(Unknown Source)
	at java.lang.Thread.run(Unknown Source)
</pre></div></td>
<td>153</td>
<td>com.selenium.ebiz.add_to_list.grid_add_to_list_tests.VerifyAddItemsToSavedListFromPLPGridAndListView_Grid@56b78e55</td></tr>
<tr>
<td title='com.selenium.ebiz.add_to_list.grid_add_to_list_tests.VerifyAddItemsToSavedListFromPLPGridAndListView_Grid.addtolist_searchSecondProductByKeywordAndAddToExistingListFromPLPGridView()'><b>addtolist_searchSecondProductByKeywordAndAddToExistingListFromPLPGridView</b><br>Test class: com.selenium.ebiz.add_to_list.grid_add_to_list_tests.VerifyAddItemsToSavedListFromPLPGridAndListView_Grid<br>Test method: Search Second Product By keyword And Add To ExistingList from PLP Grid View<br>Parameters: chrome, 67.0, Windows 10, public void com.selenium.ebiz.add_to_list.grid_add_to_list_tests.VerifyAddItemsToSavedListFromPLPGridAndListView_Grid.addtolist_searchSecondProductByKeywordAndAddToExistingListFromPLPGridView(java.lang.String,java.lang.String,java.lang.String,java.lang.reflect.Method) throws java.lang.Exception</td>
<td><div><pre>org.openqa.selenium.WebDriverException: unknown error: Element &lt;a href=&quot;https://dev2.hdsupplysolutions.com/HdsSavedListsDisplayView?requisitionListStyle=strong&amp;amp;catalogId=10054&amp;amp;langId=-1&amp;amp;storeId=10051&quot;&gt;...&lt;/a&gt; is not clickable at point (931, 7). Other element would receive the click: &lt;div class=&quot;modal&quot;&gt;...&lt;/div&gt;
  (Session info: chrome=72.0.3626.121)
  (Driver info: chromedriver=2.41.578737 (49da6702b16031c40d63e5618de03a32ff6c197e),platform=Windows NT 6.1.7601 SP1 x86_64) (WARNING: The server did not provide any stacktrace information)
Command duration or timeout: 73 milliseconds
Build info: version: &apos;3.4.0&apos;, revision: &apos;unknown&apos;, time: &apos;unknown&apos;
System info: host: &apos;W7VDIHPQC16WPL&apos;, ip: &apos;10.224.150.153&apos;, os.name: &apos;Windows 7&apos;, os.arch: &apos;amd64&apos;, os.version: &apos;6.1&apos;, java.version: &apos;1.8.0_191&apos;
Driver info: org.openqa.selenium.remote.RemoteWebDriver
Capabilities [{mobileEmulationEnabled=false, hasTouchScreen=false, platform=XP, acceptSslCerts=false, goog:chromeOptions={debuggerAddress=localhost:52178}, acceptInsecureCerts=false, webStorageEnabled=true, browserName=chrome, takesScreenshot=true, javascriptEnabled=true, setWindowRect=true, unexpectedAlertBehaviour=, applicationCacheEnabled=false, rotatable=false, networkConnectionEnabled=false, chrome={chromedriverVersion=2.41.578737 (49da6702b16031c40d63e5618de03a32ff6c197e), userDataDir=C:\Users\dj073227\AppData\Local\Temp\scoped_dir11996_20293}, takesHeapSnapshot=true, pageLoadStrategy=normal, databaseEnabled=false, handlesAlerts=true, version=72.0.3626.121, browserConnectionEnabled=false, nativeEvents=true, webdriver.remote.sessionid=aa132fc65a0321592018b9f0960a6912, locationContextEnabled=true, cssSelectorsEnabled=true}]
Session ID: aa132fc65a0321592018b9f0960a6912
	at sun.reflect.NativeConstructorAccessorImpl.newInstance0(Native Method)
	at sun.reflect.NativeConstructorAccessorImpl.newInstance(Unknown Source)
	at sun.reflect.DelegatingConstructorAccessorImpl.newInstance(Unknown Source)
	at java.lang.reflect.Constructor.newInstance(Unknown Source)
	at org.openqa.selenium.remote.ErrorHandler.createThrowable(ErrorHandler.java:215)
	at org.openqa.selenium.remote.ErrorHandler.throwIfResponseFailed(ErrorHandler.java:167)
	at org.openqa.selenium.remote.RemoteWebDriver.execute(RemoteWebDriver.java:671)
	at org.openqa.selenium.remote.RemoteWebElement.execute(RemoteWebElement.java:272)
	at org.openqa.selenium.remote.RemoteWebElement.click(RemoteWebElement.java:82)
	at sun.reflect.GeneratedMethodAccessor10.invoke(Unknown Source)
	at sun.reflect.DelegatingMethodAccessorImpl.invoke(Unknown Source)
	at java.lang.reflect.Method.invoke(Unknown Source)
	at org.openqa.selenium.support.pagefactory.internal.LocatingElementHandler.invoke(LocatingElementHandler.java:51)
	at com.sun.proxy.$Proxy12.click(Unknown Source)
	at com.selenium.ebiz.pageobject.HomePage.clickMyAccountSavedListsQuickLink(HomePage.java:1653)
	at com.selenium.ebiz.pageobject.SavedListsPage.navigateToSavedListPageAndClickOnRecentlyUpdatedList(SavedListsPage.java:861)
	at com.selenium.ebiz.add_to_list.grid_add_to_list_tests.VerifyAddItemsToSavedListFromPLPGridAndListView_Grid.addtolist_searchSecondProductByKeywordAndAddToExistingListFromPLPGridView(VerifyAddItemsToSavedListFromPLPGridAndListView_Grid.java:63)
	at sun.reflect.NativeMethodAccessorImpl.invoke0(Native Method)
	at sun.reflect.NativeMethodAccessorImpl.invoke(Unknown Source)
	at sun.reflect.DelegatingMethodAccessorImpl.invoke(Unknown Source)
	at java.lang.reflect.Method.invoke(Unknown Source)
	at org.testng.internal.MethodInvocationHelper.invokeMethod(MethodInvocationHelper.java:108)
	at org.testng.internal.Invoker.invokeMethod(Invoker.java:661)
	at org.testng.internal.Invoker.invokeTestMethod(Invoker.java:869)
	at org.testng.internal.TestMethodWithDataProviderMethodWorker.call(TestMethodWithDataProviderMethodWorker.java:75)
	at org.testng.internal.TestMethodWithDataProviderMethodWorker.call(TestMethodWithDataProviderMethodWorker.java:14)
	at java.util.concurrent.FutureTask.run(Unknown Source)
	at java.util.concurrent.Executors$RunnableAdapter.call(Unknown Source)
	at java.util.concurrent.FutureTask.run(Unknown Source)
	at java.util.concurrent.ThreadPoolExecutor.runWorker(Unknown Source)
	at java.util.concurrent.ThreadPoolExecutor$Worker.run(Unknown Source)
	at java.lang.Thread.run(Unknown Source)
</pre></div><a href='#' onClick='toggleBox("stack-trace1667372336", this, "Click to show all stack frames", "Click to hide stack frames")'>Click to show all stack frames</a>
<div class='stack-trace' id='stack-trace1667372336'><pre>org.openqa.selenium.WebDriverException: unknown error: Element &lt;a href=&quot;https://dev2.hdsupplysolutions.com/HdsSavedListsDisplayView?requisitionListStyle=strong&amp;amp;catalogId=10054&amp;amp;langId=-1&amp;amp;storeId=10051&quot;&gt;...&lt;/a&gt; is not clickable at point (931, 7). Other element would receive the click: &lt;div class=&quot;modal&quot;&gt;...&lt;/div&gt;
  (Session info: chrome=72.0.3626.121)
  (Driver info: chromedriver=2.41.578737 (49da6702b16031c40d63e5618de03a32ff6c197e),platform=Windows NT 6.1.7601 SP1 x86_64) (WARNING: The server did not provide any stacktrace information)
Command duration or timeout: 73 milliseconds
Build info: version: &apos;3.4.0&apos;, revision: &apos;unknown&apos;, time: &apos;unknown&apos;
System info: host: &apos;W7VDIHPQC16WPL&apos;, ip: &apos;10.224.150.153&apos;, os.name: &apos;Windows 7&apos;, os.arch: &apos;amd64&apos;, os.version: &apos;6.1&apos;, java.version: &apos;1.8.0_191&apos;
Driver info: org.openqa.selenium.remote.RemoteWebDriver
Capabilities [{mobileEmulationEnabled=false, hasTouchScreen=false, platform=XP, acceptSslCerts=false, goog:chromeOptions={debuggerAddress=localhost:52178}, acceptInsecureCerts=false, webStorageEnabled=true, browserName=chrome, takesScreenshot=true, javascriptEnabled=true, setWindowRect=true, unexpectedAlertBehaviour=, applicationCacheEnabled=false, rotatable=false, networkConnectionEnabled=false, chrome={chromedriverVersion=2.41.578737 (49da6702b16031c40d63e5618de03a32ff6c197e), userDataDir=C:\Users\dj073227\AppData\Local\Temp\scoped_dir11996_20293}, takesHeapSnapshot=true, pageLoadStrategy=normal, databaseEnabled=false, handlesAlerts=true, version=72.0.3626.121, browserConnectionEnabled=false, nativeEvents=true, webdriver.remote.sessionid=aa132fc65a0321592018b9f0960a6912, locationContextEnabled=true, cssSelectorsEnabled=true}]
Session ID: aa132fc65a0321592018b9f0960a6912
	at sun.reflect.NativeConstructorAccessorImpl.newInstance0(Native Method)
	at sun.reflect.NativeConstructorAccessorImpl.newInstance(Unknown Source)
	at sun.reflect.DelegatingConstructorAccessorImpl.newInstance(Unknown Source)
	at java.lang.reflect.Constructor.newInstance(Unknown Source)
	at org.openqa.selenium.remote.ErrorHandler.createThrowable(ErrorHandler.java:215)
	at org.openqa.selenium.remote.ErrorHandler.throwIfResponseFailed(ErrorHandler.java:167)
	at org.openqa.selenium.remote.RemoteWebDriver.execute(RemoteWebDriver.java:671)
	at org.openqa.selenium.remote.RemoteWebElement.execute(RemoteWebElement.java:272)
	at org.openqa.selenium.remote.RemoteWebElement.click(RemoteWebElement.java:82)
	at sun.reflect.GeneratedMethodAccessor10.invoke(Unknown Source)
	at sun.reflect.DelegatingMethodAccessorImpl.invoke(Unknown Source)
	at java.lang.reflect.Method.invoke(Unknown Source)
	at org.openqa.selenium.support.pagefactory.internal.LocatingElementHandler.invoke(LocatingElementHandler.java:51)
	at com.sun.proxy.$Proxy12.click(Unknown Source)
	at com.selenium.ebiz.pageobject.HomePage.clickMyAccountSavedListsQuickLink(HomePage.java:1653)
	at com.selenium.ebiz.pageobject.SavedListsPage.navigateToSavedListPageAndClickOnRecentlyUpdatedList(SavedListsPage.java:861)
	at com.selenium.ebiz.add_to_list.grid_add_to_list_tests.VerifyAddItemsToSavedListFromPLPGridAndListView_Grid.addtolist_searchSecondProductByKeywordAndAddToExistingListFromPLPGridView(VerifyAddItemsToSavedListFromPLPGridAndListView_Grid.java:63)
	at sun.reflect.NativeMethodAccessorImpl.invoke0(Native Method)
	at sun.reflect.NativeMethodAccessorImpl.invoke(Unknown Source)
	at sun.reflect.DelegatingMethodAccessorImpl.invoke(Unknown Source)
	at java.lang.reflect.Method.invoke(Unknown Source)
	at org.testng.internal.MethodInvocationHelper.invokeMethod(MethodInvocationHelper.java:108)
	at org.testng.internal.Invoker.invokeMethod(Invoker.java:661)
	at org.testng.internal.Invoker.invokeTestMethod(Invoker.java:869)
	at org.testng.internal.TestMethodWithDataProviderMethodWorker.call(TestMethodWithDataProviderMethodWorker.java:75)
	at org.testng.internal.TestMethodWithDataProviderMethodWorker.call(TestMethodWithDataProviderMethodWorker.java:14)
	at java.util.concurrent.FutureTask.run(Unknown Source)
	at java.util.concurrent.Executors$RunnableAdapter.call(Unknown Source)
	at java.util.concurrent.FutureTask.run(Unknown Source)
	at java.util.concurrent.ThreadPoolExecutor.runWorker(Unknown Source)
	at java.util.concurrent.ThreadPoolExecutor$Worker.run(Unknown Source)
	at java.lang.Thread.run(Unknown Source)
</pre></div></td>
<td>111</td>
<td>com.selenium.ebiz.add_to_list.grid_add_to_list_tests.VerifyAddItemsToSavedListFromPLPGridAndListView_Grid@56b78e55</td></tr>
<tr>
<td title='com.selenium.ebiz.add_to_list.grid_add_to_list_tests.VerifyAddItemsToSavedListFromPLPGridAndListView_Grid.addtolist_searchSecondProductByKeywordAndAddToExistingListFromPLPListView()'><b>addtolist_searchSecondProductByKeywordAndAddToExistingListFromPLPListView</b><br>Test class: com.selenium.ebiz.add_to_list.grid_add_to_list_tests.VerifyAddItemsToSavedListFromPLPGridAndListView_Grid<br>Test method: Search Second Product By keyword And Add To Existing List from PLP List View<br>Parameters: chrome, 67.0, Windows 10, public void com.selenium.ebiz.add_to_list.grid_add_to_list_tests.VerifyAddItemsToSavedListFromPLPGridAndListView_Grid.addtolist_searchSecondProductByKeywordAndAddToExistingListFromPLPListView(java.lang.String,java.lang.String,java.lang.String,java.lang.reflect.Method) throws java.lang.Exception</td>
<td><div><pre>java.util.EmptyStackException
	at java.util.Stack.peek(Unknown Source)
	at java.util.Stack.pop(Unknown Source)
	at com.selenium.ebiz.pageobject.commonLogin.LoginToHDS(commonLogin.java:49)
	at com.selenium.ebiz.add_to_list.grid_add_to_list_tests.VerifyAddItemsToSavedListFromPLPGridAndListView_Grid.addtolist_searchSecondProductByKeywordAndAddToExistingListFromPLPListView(VerifyAddItemsToSavedListFromPLPGridAndListView_Grid.java:93)
	at sun.reflect.NativeMethodAccessorImpl.invoke0(Native Method)
	at sun.reflect.NativeMethodAccessorImpl.invoke(Unknown Source)
	at sun.reflect.DelegatingMethodAccessorImpl.invoke(Unknown Source)
	at java.lang.reflect.Method.invoke(Unknown Source)
	at org.testng.internal.MethodInvocationHelper.invokeMethod(MethodInvocationHelper.java:108)
	at org.testng.internal.Invoker.invokeMethod(Invoker.java:661)
	at org.testng.internal.Invoker.invokeTestMethod(Invoker.java:869)
	at org.testng.internal.TestMethodWithDataProviderMethodWorker.call(TestMethodWithDataProviderMethodWorker.java:75)
	at org.testng.internal.TestMethodWithDataProviderMethodWorker.call(TestMethodWithDataProviderMethodWorker.java:14)
	at java.util.concurrent.FutureTask.run(Unknown Source)
	at java.util.concurrent.Executors$RunnableAdapter.call(Unknown Source)
	at java.util.concurrent.FutureTask.run(Unknown Source)
	at java.util.concurrent.ThreadPoolExecutor.runWorker(Unknown Source)
	at java.util.concurrent.ThreadPoolExecutor$Worker.run(Unknown Source)
	at java.lang.Thread.run(Unknown Source)
</pre></div><a href='#' onClick='toggleBox("stack-trace567054935", this, "Click to show all stack frames", "Click to hide stack frames")'>Click to show all stack frames</a>
<div class='stack-trace' id='stack-trace567054935'><pre>java.util.EmptyStackException
	at java.util.Stack.peek(Unknown Source)
	at java.util.Stack.pop(Unknown Source)
	at com.selenium.ebiz.pageobject.commonLogin.LoginToHDS(commonLogin.java:49)
	at com.selenium.ebiz.add_to_list.grid_add_to_list_tests.VerifyAddItemsToSavedListFromPLPGridAndListView_Grid.addtolist_searchSecondProductByKeywordAndAddToExistingListFromPLPListView(VerifyAddItemsToSavedListFromPLPGridAndListView_Grid.java:93)
	at sun.reflect.NativeMethodAccessorImpl.invoke0(Native Method)
	at sun.reflect.NativeMethodAccessorImpl.invoke(Unknown Source)
	at sun.reflect.DelegatingMethodAccessorImpl.invoke(Unknown Source)
	at java.lang.reflect.Method.invoke(Unknown Source)
	at org.testng.internal.MethodInvocationHelper.invokeMethod(MethodInvocationHelper.java:108)
	at org.testng.internal.Invoker.invokeMethod(Invoker.java:661)
	at org.testng.internal.Invoker.invokeTestMethod(Invoker.java:869)
	at org.testng.internal.TestMethodWithDataProviderMethodWorker.call(TestMethodWithDataProviderMethodWorker.java:75)
	at org.testng.internal.TestMethodWithDataProviderMethodWorker.call(TestMethodWithDataProviderMethodWorker.java:14)
	at java.util.concurrent.FutureTask.run(Unknown Source)
	at java.util.concurrent.Executors$RunnableAdapter.call(Unknown Source)
	at java.util.concurrent.FutureTask.run(Unknown Source)
	at java.util.concurrent.ThreadPoolExecutor.runWorker(Unknown Source)
	at java.util.concurrent.ThreadPoolExecutor$Worker.run(Unknown Source)
	at java.lang.Thread.run(Unknown Source)
</pre></div></td>
<td>146</td>
<td>com.selenium.ebiz.add_to_list.grid_add_to_list_tests.VerifyAddItemsToSavedListFromPLPGridAndListView_Grid@56b78e55</td></tr>
<tr>
<td title='com.selenium.ebiz.add_to_list.grid_add_to_list_tests.VerifyAddItemsToSavedListFromPLPGridAndListView_Grid.addtolist_searchtProductByKeywordAndAddToListFromPLPListView()'><b>addtolist_searchtProductByKeywordAndAddToListFromPLPListView</b><br>Test class: com.selenium.ebiz.add_to_list.grid_add_to_list_tests.VerifyAddItemsToSavedListFromPLPGridAndListView_Grid<br>Test method: Search First Product By keyword And Add To New List from PLP List View<br>Parameters: chrome, 67.0, Windows 10, public void com.selenium.ebiz.add_to_list.grid_add_to_list_tests.VerifyAddItemsToSavedListFromPLPGridAndListView_Grid.addtolist_searchtProductByKeywordAndAddToListFromPLPListView(java.lang.String,java.lang.String,java.lang.String,java.lang.reflect.Method) throws java.lang.Exception</td>
<td><div><pre>org.openqa.selenium.WebDriverException: unknown error: Element &lt;a href=&quot;https://dev2.hdsupplysolutions.com/HdsSavedListsDisplayView?requisitionListStyle=strong&amp;amp;catalogId=10054&amp;amp;langId=-1&amp;amp;storeId=10051&quot;&gt;...&lt;/a&gt; is not clickable at point (931, 7). Other element would receive the click: &lt;div class=&quot;modal&quot;&gt;...&lt;/div&gt;
  (Session info: chrome=72.0.3626.121)
  (Driver info: chromedriver=2.41.578737 (49da6702b16031c40d63e5618de03a32ff6c197e),platform=Windows NT 6.1.7601 SP1 x86_64) (WARNING: The server did not provide any stacktrace information)
Command duration or timeout: 55 milliseconds
Build info: version: &apos;3.4.0&apos;, revision: &apos;unknown&apos;, time: &apos;unknown&apos;
System info: host: &apos;W7VDIHPQC16WPL&apos;, ip: &apos;10.224.150.153&apos;, os.name: &apos;Windows 7&apos;, os.arch: &apos;amd64&apos;, os.version: &apos;6.1&apos;, java.version: &apos;1.8.0_191&apos;
Driver info: org.openqa.selenium.remote.RemoteWebDriver
Capabilities [{mobileEmulationEnabled=false, hasTouchScreen=false, platform=XP, acceptSslCerts=false, goog:chromeOptions={debuggerAddress=localhost:52110}, acceptInsecureCerts=false, webStorageEnabled=true, browserName=chrome, takesScreenshot=true, javascriptEnabled=true, setWindowRect=true, unexpectedAlertBehaviour=, applicationCacheEnabled=false, rotatable=false, networkConnectionEnabled=false, chrome={chromedriverVersion=2.41.578737 (49da6702b16031c40d63e5618de03a32ff6c197e), userDataDir=C:\Users\dj073227\AppData\Local\Temp\scoped_dir11744_8392}, takesHeapSnapshot=true, pageLoadStrategy=normal, databaseEnabled=false, handlesAlerts=true, version=72.0.3626.121, browserConnectionEnabled=false, nativeEvents=true, webdriver.remote.sessionid=f71653f0e499ec3a7265cf3c0bc86415, locationContextEnabled=true, cssSelectorsEnabled=true}]
Session ID: f71653f0e499ec3a7265cf3c0bc86415
	at sun.reflect.NativeConstructorAccessorImpl.newInstance0(Native Method)
	at sun.reflect.NativeConstructorAccessorImpl.newInstance(Unknown Source)
	at sun.reflect.DelegatingConstructorAccessorImpl.newInstance(Unknown Source)
	at java.lang.reflect.Constructor.newInstance(Unknown Source)
	at org.openqa.selenium.remote.ErrorHandler.createThrowable(ErrorHandler.java:215)
	at org.openqa.selenium.remote.ErrorHandler.throwIfResponseFailed(ErrorHandler.java:167)
	at org.openqa.selenium.remote.RemoteWebDriver.execute(RemoteWebDriver.java:671)
	at org.openqa.selenium.remote.RemoteWebElement.execute(RemoteWebElement.java:272)
	at org.openqa.selenium.remote.RemoteWebElement.click(RemoteWebElement.java:82)
	at sun.reflect.GeneratedMethodAccessor10.invoke(Unknown Source)
	at sun.reflect.DelegatingMethodAccessorImpl.invoke(Unknown Source)
	at java.lang.reflect.Method.invoke(Unknown Source)
	at org.openqa.selenium.support.pagefactory.internal.LocatingElementHandler.invoke(LocatingElementHandler.java:51)
	at com.sun.proxy.$Proxy12.click(Unknown Source)
	at com.selenium.ebiz.pageobject.HomePage.clickMyAccountSavedListsQuickLink(HomePage.java:1653)
	at com.selenium.ebiz.pageobject.SavedListsPage.navigateToSavedListPageAndClickOnRecentlyUpdatedList(SavedListsPage.java:861)
	at com.selenium.ebiz.add_to_list.grid_add_to_list_tests.VerifyAddItemsToSavedListFromPLPGridAndListView_Grid.addtolist_searchtProductByKeywordAndAddToListFromPLPListView(VerifyAddItemsToSavedListFromPLPGridAndListView_Grid.java:82)
	at sun.reflect.NativeMethodAccessorImpl.invoke0(Native Method)
	at sun.reflect.NativeMethodAccessorImpl.invoke(Unknown Source)
	at sun.reflect.DelegatingMethodAccessorImpl.invoke(Unknown Source)
	at java.lang.reflect.Method.invoke(Unknown Source)
	at org.testng.internal.MethodInvocationHelper.invokeMethod(MethodInvocationHelper.java:108)
	at org.testng.internal.Invoker.invokeMethod(Invoker.java:661)
	at org.testng.internal.Invoker.invokeTestMethod(Invoker.java:869)
	at org.testng.internal.TestMethodWithDataProviderMethodWorker.call(TestMethodWithDataProviderMethodWorker.java:75)
	at org.testng.internal.TestMethodWithDataProviderMethodWorker.call(TestMethodWithDataProviderMethodWorker.java:14)
	at java.util.concurrent.FutureTask.run(Unknown Source)
	at java.util.concurrent.Executors$RunnableAdapter.call(Unknown Source)
	at java.util.concurrent.FutureTask.run(Unknown Source)
	at java.util.concurrent.ThreadPoolExecutor.runWorker(Unknown Source)
	at java.util.concurrent.ThreadPoolExecutor$Worker.run(Unknown Source)
	at java.lang.Thread.run(Unknown Source)
</pre></div><a href='#' onClick='toggleBox("stack-trace1594998768", this, "Click to show all stack frames", "Click to hide stack frames")'>Click to show all stack frames</a>
<div class='stack-trace' id='stack-trace1594998768'><pre>org.openqa.selenium.WebDriverException: unknown error: Element &lt;a href=&quot;https://dev2.hdsupplysolutions.com/HdsSavedListsDisplayView?requisitionListStyle=strong&amp;amp;catalogId=10054&amp;amp;langId=-1&amp;amp;storeId=10051&quot;&gt;...&lt;/a&gt; is not clickable at point (931, 7). Other element would receive the click: &lt;div class=&quot;modal&quot;&gt;...&lt;/div&gt;
  (Session info: chrome=72.0.3626.121)
  (Driver info: chromedriver=2.41.578737 (49da6702b16031c40d63e5618de03a32ff6c197e),platform=Windows NT 6.1.7601 SP1 x86_64) (WARNING: The server did not provide any stacktrace information)
Command duration or timeout: 55 milliseconds
Build info: version: &apos;3.4.0&apos;, revision: &apos;unknown&apos;, time: &apos;unknown&apos;
System info: host: &apos;W7VDIHPQC16WPL&apos;, ip: &apos;10.224.150.153&apos;, os.name: &apos;Windows 7&apos;, os.arch: &apos;amd64&apos;, os.version: &apos;6.1&apos;, java.version: &apos;1.8.0_191&apos;
Driver info: org.openqa.selenium.remote.RemoteWebDriver
Capabilities [{mobileEmulationEnabled=false, hasTouchScreen=false, platform=XP, acceptSslCerts=false, goog:chromeOptions={debuggerAddress=localhost:52110}, acceptInsecureCerts=false, webStorageEnabled=true, browserName=chrome, takesScreenshot=true, javascriptEnabled=true, setWindowRect=true, unexpectedAlertBehaviour=, applicationCacheEnabled=false, rotatable=false, networkConnectionEnabled=false, chrome={chromedriverVersion=2.41.578737 (49da6702b16031c40d63e5618de03a32ff6c197e), userDataDir=C:\Users\dj073227\AppData\Local\Temp\scoped_dir11744_8392}, takesHeapSnapshot=true, pageLoadStrategy=normal, databaseEnabled=false, handlesAlerts=true, version=72.0.3626.121, browserConnectionEnabled=false, nativeEvents=true, webdriver.remote.sessionid=f71653f0e499ec3a7265cf3c0bc86415, locationContextEnabled=true, cssSelectorsEnabled=true}]
Session ID: f71653f0e499ec3a7265cf3c0bc86415
	at sun.reflect.NativeConstructorAccessorImpl.newInstance0(Native Method)
	at sun.reflect.NativeConstructorAccessorImpl.newInstance(Unknown Source)
	at sun.reflect.DelegatingConstructorAccessorImpl.newInstance(Unknown Source)
	at java.lang.reflect.Constructor.newInstance(Unknown Source)
	at org.openqa.selenium.remote.ErrorHandler.createThrowable(ErrorHandler.java:215)
	at org.openqa.selenium.remote.ErrorHandler.throwIfResponseFailed(ErrorHandler.java:167)
	at org.openqa.selenium.remote.RemoteWebDriver.execute(RemoteWebDriver.java:671)
	at org.openqa.selenium.remote.RemoteWebElement.execute(RemoteWebElement.java:272)
	at org.openqa.selenium.remote.RemoteWebElement.click(RemoteWebElement.java:82)
	at sun.reflect.GeneratedMethodAccessor10.invoke(Unknown Source)
	at sun.reflect.DelegatingMethodAccessorImpl.invoke(Unknown Source)
	at java.lang.reflect.Method.invoke(Unknown Source)
	at org.openqa.selenium.support.pagefactory.internal.LocatingElementHandler.invoke(LocatingElementHandler.java:51)
	at com.sun.proxy.$Proxy12.click(Unknown Source)
	at com.selenium.ebiz.pageobject.HomePage.clickMyAccountSavedListsQuickLink(HomePage.java:1653)
	at com.selenium.ebiz.pageobject.SavedListsPage.navigateToSavedListPageAndClickOnRecentlyUpdatedList(SavedListsPage.java:861)
	at com.selenium.ebiz.add_to_list.grid_add_to_list_tests.VerifyAddItemsToSavedListFromPLPGridAndListView_Grid.addtolist_searchtProductByKeywordAndAddToListFromPLPListView(VerifyAddItemsToSavedListFromPLPGridAndListView_Grid.java:82)
	at sun.reflect.NativeMethodAccessorImpl.invoke0(Native Method)
	at sun.reflect.NativeMethodAccessorImpl.invoke(Unknown Source)
	at sun.reflect.DelegatingMethodAccessorImpl.invoke(Unknown Source)
	at java.lang.reflect.Method.invoke(Unknown Source)
	at org.testng.internal.MethodInvocationHelper.invokeMethod(MethodInvocationHelper.java:108)
	at org.testng.internal.Invoker.invokeMethod(Invoker.java:661)
	at org.testng.internal.Invoker.invokeTestMethod(Invoker.java:869)
	at org.testng.internal.TestMethodWithDataProviderMethodWorker.call(TestMethodWithDataProviderMethodWorker.java:75)
	at org.testng.internal.TestMethodWithDataProviderMethodWorker.call(TestMethodWithDataProviderMethodWorker.java:14)
	at java.util.concurrent.FutureTask.run(Unknown Source)
	at java.util.concurrent.Executors$RunnableAdapter.call(Unknown Source)
	at java.util.concurrent.FutureTask.run(Unknown Source)
	at java.util.concurrent.ThreadPoolExecutor.runWorker(Unknown Source)
	at java.util.concurrent.ThreadPoolExecutor$Worker.run(Unknown Source)
	at java.lang.Thread.run(Unknown Source)
</pre></div></td>
<td>95</td>
<td>com.selenium.ebiz.add_to_list.grid_add_to_list_tests.VerifyAddItemsToSavedListFromPLPGridAndListView_Grid@56b78e55</td></tr>
<tr>
<td title='com.selenium.ebiz.add_to_list.grid_add_to_list_tests.VerifySearchResultsForKeywordSearch_AddToSavedList_Grid.addtolist_test_AddToNewExistingListFromSearchWithValidKeyword()'><b>addtolist_test_AddToNewExistingListFromSearchWithValidKeyword</b><br>Test class: com.selenium.ebiz.add_to_list.grid_add_to_list_tests.VerifySearchResultsForKeywordSearch_AddToSavedList_Grid<br>Parameters: chrome, 67.0, Windows 10, public void com.selenium.ebiz.add_to_list.grid_add_to_list_tests.VerifySearchResultsForKeywordSearch_AddToSavedList_Grid.addtolist_test_AddToNewExistingListFromSearchWithValidKeyword(java.lang.String,java.lang.String,java.lang.String,java.lang.reflect.Method) throws java.lang.Exception</td>
<td><div><pre>org.openqa.selenium.WebDriverException: unknown error: Element &lt;a href=&quot;https://dev2.hdsupplysolutions.com/HdsSavedListsDisplayView?requisitionListStyle=strong&amp;amp;catalogId=10054&amp;amp;langId=-1&amp;amp;storeId=10051&quot;&gt;...&lt;/a&gt; is not clickable at point (931, 7). Other element would receive the click: &lt;div class=&quot;modal&quot;&gt;...&lt;/div&gt;
  (Session info: chrome=72.0.3626.121)
  (Driver info: chromedriver=2.41.578737 (49da6702b16031c40d63e5618de03a32ff6c197e),platform=Windows NT 6.1.7601 SP1 x86_64) (WARNING: The server did not provide any stacktrace information)
Command duration or timeout: 54 milliseconds
Build info: version: &apos;3.4.0&apos;, revision: &apos;unknown&apos;, time: &apos;unknown&apos;
System info: host: &apos;W7VDIHPQC16WPL&apos;, ip: &apos;10.224.150.153&apos;, os.name: &apos;Windows 7&apos;, os.arch: &apos;amd64&apos;, os.version: &apos;6.1&apos;, java.version: &apos;1.8.0_191&apos;
Driver info: org.openqa.selenium.remote.RemoteWebDriver
Capabilities [{mobileEmulationEnabled=false, hasTouchScreen=false, platform=XP, acceptSslCerts=false, goog:chromeOptions={debuggerAddress=localhost:51902}, acceptInsecureCerts=false, webStorageEnabled=true, browserName=chrome, takesScreenshot=true, javascriptEnabled=true, setWindowRect=true, unexpectedAlertBehaviour=, applicationCacheEnabled=false, rotatable=false, networkConnectionEnabled=false, chrome={chromedriverVersion=2.41.578737 (49da6702b16031c40d63e5618de03a32ff6c197e), userDataDir=C:\Users\dj073227\AppData\Local\Temp\scoped_dir12276_3042}, takesHeapSnapshot=true, pageLoadStrategy=normal, databaseEnabled=false, handlesAlerts=true, version=72.0.3626.121, browserConnectionEnabled=false, nativeEvents=true, webdriver.remote.sessionid=52424519d3b4b16ab969cd828f9bf438, locationContextEnabled=true, cssSelectorsEnabled=true}]
Session ID: 52424519d3b4b16ab969cd828f9bf438
	at sun.reflect.NativeConstructorAccessorImpl.newInstance0(Native Method)
	at sun.reflect.NativeConstructorAccessorImpl.newInstance(Unknown Source)
	at sun.reflect.DelegatingConstructorAccessorImpl.newInstance(Unknown Source)
	at java.lang.reflect.Constructor.newInstance(Unknown Source)
	at org.openqa.selenium.remote.ErrorHandler.createThrowable(ErrorHandler.java:215)
	at org.openqa.selenium.remote.ErrorHandler.throwIfResponseFailed(ErrorHandler.java:167)
	at org.openqa.selenium.remote.RemoteWebDriver.execute(RemoteWebDriver.java:671)
	at org.openqa.selenium.remote.RemoteWebElement.execute(RemoteWebElement.java:272)
	at org.openqa.selenium.remote.RemoteWebElement.click(RemoteWebElement.java:82)
	at sun.reflect.NativeMethodAccessorImpl.invoke0(Native Method)
	at sun.reflect.NativeMethodAccessorImpl.invoke(Unknown Source)
	at sun.reflect.DelegatingMethodAccessorImpl.invoke(Unknown Source)
	at java.lang.reflect.Method.invoke(Unknown Source)
	at org.openqa.selenium.support.pagefactory.internal.LocatingElementHandler.invoke(LocatingElementHandler.java:51)
	at com.sun.proxy.$Proxy12.click(Unknown Source)
	at com.selenium.ebiz.pageobject.HomePage.clickMyAccountSavedListsQuickLink(HomePage.java:1653)
	at com.selenium.ebiz.add_to_list.grid_add_to_list_tests.VerifySearchResultsForKeywordSearch_AddToSavedList_Grid.addtolist_test_AddToNewExistingListFromSearchWithValidKeyword(VerifySearchResultsForKeywordSearch_AddToSavedList_Grid.java:71)
	at sun.reflect.NativeMethodAccessorImpl.invoke0(Native Method)
	at sun.reflect.NativeMethodAccessorImpl.invoke(Unknown Source)
	at sun.reflect.DelegatingMethodAccessorImpl.invoke(Unknown Source)
	at java.lang.reflect.Method.invoke(Unknown Source)
	at org.testng.internal.MethodInvocationHelper.invokeMethod(MethodInvocationHelper.java:108)
	at org.testng.internal.Invoker.invokeMethod(Invoker.java:661)
	at org.testng.internal.Invoker.invokeTestMethod(Invoker.java:869)
	at org.testng.internal.TestMethodWithDataProviderMethodWorker.call(TestMethodWithDataProviderMethodWorker.java:75)
	at org.testng.internal.TestMethodWithDataProviderMethodWorker.call(TestMethodWithDataProviderMethodWorker.java:14)
	at java.util.concurrent.FutureTask.run(Unknown Source)
	at java.util.concurrent.Executors$RunnableAdapter.call(Unknown Source)
	at java.util.concurrent.FutureTask.run(Unknown Source)
	at java.util.concurrent.ThreadPoolExecutor.runWorker(Unknown Source)
	at java.util.concurrent.ThreadPoolExecutor$Worker.run(Unknown Source)
	at java.lang.Thread.run(Unknown Source)
</pre></div><a href='#' onClick='toggleBox("stack-trace1105398721", this, "Click to show all stack frames", "Click to hide stack frames")'>Click to show all stack frames</a>
<div class='stack-trace' id='stack-trace1105398721'><pre>org.openqa.selenium.WebDriverException: unknown error: Element &lt;a href=&quot;https://dev2.hdsupplysolutions.com/HdsSavedListsDisplayView?requisitionListStyle=strong&amp;amp;catalogId=10054&amp;amp;langId=-1&amp;amp;storeId=10051&quot;&gt;...&lt;/a&gt; is not clickable at point (931, 7). Other element would receive the click: &lt;div class=&quot;modal&quot;&gt;...&lt;/div&gt;
  (Session info: chrome=72.0.3626.121)
  (Driver info: chromedriver=2.41.578737 (49da6702b16031c40d63e5618de03a32ff6c197e),platform=Windows NT 6.1.7601 SP1 x86_64) (WARNING: The server did not provide any stacktrace information)
Command duration or timeout: 54 milliseconds
Build info: version: &apos;3.4.0&apos;, revision: &apos;unknown&apos;, time: &apos;unknown&apos;
System info: host: &apos;W7VDIHPQC16WPL&apos;, ip: &apos;10.224.150.153&apos;, os.name: &apos;Windows 7&apos;, os.arch: &apos;amd64&apos;, os.version: &apos;6.1&apos;, java.version: &apos;1.8.0_191&apos;
Driver info: org.openqa.selenium.remote.RemoteWebDriver
Capabilities [{mobileEmulationEnabled=false, hasTouchScreen=false, platform=XP, acceptSslCerts=false, goog:chromeOptions={debuggerAddress=localhost:51902}, acceptInsecureCerts=false, webStorageEnabled=true, browserName=chrome, takesScreenshot=true, javascriptEnabled=true, setWindowRect=true, unexpectedAlertBehaviour=, applicationCacheEnabled=false, rotatable=false, networkConnectionEnabled=false, chrome={chromedriverVersion=2.41.578737 (49da6702b16031c40d63e5618de03a32ff6c197e), userDataDir=C:\Users\dj073227\AppData\Local\Temp\scoped_dir12276_3042}, takesHeapSnapshot=true, pageLoadStrategy=normal, databaseEnabled=false, handlesAlerts=true, version=72.0.3626.121, browserConnectionEnabled=false, nativeEvents=true, webdriver.remote.sessionid=52424519d3b4b16ab969cd828f9bf438, locationContextEnabled=true, cssSelectorsEnabled=true}]
Session ID: 52424519d3b4b16ab969cd828f9bf438
	at sun.reflect.NativeConstructorAccessorImpl.newInstance0(Native Method)
	at sun.reflect.NativeConstructorAccessorImpl.newInstance(Unknown Source)
	at sun.reflect.DelegatingConstructorAccessorImpl.newInstance(Unknown Source)
	at java.lang.reflect.Constructor.newInstance(Unknown Source)
	at org.openqa.selenium.remote.ErrorHandler.createThrowable(ErrorHandler.java:215)
	at org.openqa.selenium.remote.ErrorHandler.throwIfResponseFailed(ErrorHandler.java:167)
	at org.openqa.selenium.remote.RemoteWebDriver.execute(RemoteWebDriver.java:671)
	at org.openqa.selenium.remote.RemoteWebElement.execute(RemoteWebElement.java:272)
	at org.openqa.selenium.remote.RemoteWebElement.click(RemoteWebElement.java:82)
	at sun.reflect.NativeMethodAccessorImpl.invoke0(Native Method)
	at sun.reflect.NativeMethodAccessorImpl.invoke(Unknown Source)
	at sun.reflect.DelegatingMethodAccessorImpl.invoke(Unknown Source)
	at java.lang.reflect.Method.invoke(Unknown Source)
	at org.openqa.selenium.support.pagefactory.internal.LocatingElementHandler.invoke(LocatingElementHandler.java:51)
	at com.sun.proxy.$Proxy12.click(Unknown Source)
	at com.selenium.ebiz.pageobject.HomePage.clickMyAccountSavedListsQuickLink(HomePage.java:1653)
	at com.selenium.ebiz.add_to_list.grid_add_to_list_tests.VerifySearchResultsForKeywordSearch_AddToSavedList_Grid.addtolist_test_AddToNewExistingListFromSearchWithValidKeyword(VerifySearchResultsForKeywordSearch_AddToSavedList_Grid.java:71)
	at sun.reflect.NativeMethodAccessorImpl.invoke0(Native Method)
	at sun.reflect.NativeMethodAccessorImpl.invoke(Unknown Source)
	at sun.reflect.DelegatingMethodAccessorImpl.invoke(Unknown Source)
	at java.lang.reflect.Method.invoke(Unknown Source)
	at org.testng.internal.MethodInvocationHelper.invokeMethod(MethodInvocationHelper.java:108)
	at org.testng.internal.Invoker.invokeMethod(Invoker.java:661)
	at org.testng.internal.Invoker.invokeTestMethod(Invoker.java:869)
	at org.testng.internal.TestMethodWithDataProviderMethodWorker.call(TestMethodWithDataProviderMethodWorker.java:75)
	at org.testng.internal.TestMethodWithDataProviderMethodWorker.call(TestMethodWithDataProviderMethodWorker.java:14)
	at java.util.concurrent.FutureTask.run(Unknown Source)
	at java.util.concurrent.Executors$RunnableAdapter.call(Unknown Source)
	at java.util.concurrent.FutureTask.run(Unknown Source)
	at java.util.concurrent.ThreadPoolExecutor.runWorker(Unknown Source)
	at java.util.concurrent.ThreadPoolExecutor$Worker.run(Unknown Source)
	at java.lang.Thread.run(Unknown Source)
</pre></div></td>
<td>38</td>
<td>com.selenium.ebiz.add_to_list.grid_add_to_list_tests.VerifySearchResultsForKeywordSearch_AddToSavedList_Grid@3277e499</td></tr>
<tr>
<td title='com.selenium.ebiz.add_to_list.grid_add_to_list_tests.VerifyNoPaginationForSavedListSummaryPage_Grid.addtolist_verifyNoPaginationOnSharedSavedLists()'><b>addtolist_verifyNoPaginationOnSharedSavedLists</b><br>Test class: com.selenium.ebiz.add_to_list.grid_add_to_list_tests.VerifyNoPaginationForSavedListSummaryPage_Grid<br>Test method: Verify No Pagination On Shared Saved Lists<br>Parameters: chrome, 67.0, Windows 10, public void com.selenium.ebiz.add_to_list.grid_add_to_list_tests.VerifyNoPaginationForSavedListSummaryPage_Grid.addtolist_verifyNoPaginationOnSharedSavedLists(java.lang.String,java.lang.String,java.lang.String,java.lang.reflect.Method) throws java.lang.Exception</td>
<td><div><pre>java.util.EmptyStackException
	at java.util.Stack.peek(Unknown Source)
	at java.util.Stack.pop(Unknown Source)
	at com.selenium.ebiz.pageobject.commonLogin.LoginToHDS(commonLogin.java:49)
	at com.selenium.ebiz.add_to_list.grid_add_to_list_tests.VerifyNoPaginationForSavedListSummaryPage_Grid.addtolist_verifyNoPaginationOnSharedSavedLists(VerifyNoPaginationForSavedListSummaryPage_Grid.java:36)
	at sun.reflect.NativeMethodAccessorImpl.invoke0(Native Method)
	at sun.reflect.NativeMethodAccessorImpl.invoke(Unknown Source)
	at sun.reflect.DelegatingMethodAccessorImpl.invoke(Unknown Source)
	at java.lang.reflect.Method.invoke(Unknown Source)
	at org.testng.internal.MethodInvocationHelper.invokeMethod(MethodInvocationHelper.java:108)
	at org.testng.internal.Invoker.invokeMethod(Invoker.java:661)
	at org.testng.internal.Invoker.invokeTestMethod(Invoker.java:869)
	at org.testng.internal.TestMethodWithDataProviderMethodWorker.call(TestMethodWithDataProviderMethodWorker.java:75)
	at org.testng.internal.TestMethodWithDataProviderMethodWorker.call(TestMethodWithDataProviderMethodWorker.java:14)
	at java.util.concurrent.FutureTask.run(Unknown Source)
	at java.util.concurrent.Executors$RunnableAdapter.call(Unknown Source)
	at java.util.concurrent.FutureTask.run(Unknown Source)
	at java.util.concurrent.ThreadPoolExecutor.runWorker(Unknown Source)
	at java.util.concurrent.ThreadPoolExecutor$Worker.run(Unknown Source)
	at java.lang.Thread.run(Unknown Source)
</pre></div><a href='#' onClick='toggleBox("stack-trace1419904242", this, "Click to show all stack frames", "Click to hide stack frames")'>Click to show all stack frames</a>
<div class='stack-trace' id='stack-trace1419904242'><pre>java.util.EmptyStackException
	at java.util.Stack.peek(Unknown Source)
	at java.util.Stack.pop(Unknown Source)
	at com.selenium.ebiz.pageobject.commonLogin.LoginToHDS(commonLogin.java:49)
	at com.selenium.ebiz.add_to_list.grid_add_to_list_tests.VerifyNoPaginationForSavedListSummaryPage_Grid.addtolist_verifyNoPaginationOnSharedSavedLists(VerifyNoPaginationForSavedListSummaryPage_Grid.java:36)
	at sun.reflect.NativeMethodAccessorImpl.invoke0(Native Method)
	at sun.reflect.NativeMethodAccessorImpl.invoke(Unknown Source)
	at sun.reflect.DelegatingMethodAccessorImpl.invoke(Unknown Source)
	at java.lang.reflect.Method.invoke(Unknown Source)
	at org.testng.internal.MethodInvocationHelper.invokeMethod(MethodInvocationHelper.java:108)
	at org.testng.internal.Invoker.invokeMethod(Invoker.java:661)
	at org.testng.internal.Invoker.invokeTestMethod(Invoker.java:869)
	at org.testng.internal.TestMethodWithDataProviderMethodWorker.call(TestMethodWithDataProviderMethodWorker.java:75)
	at org.testng.internal.TestMethodWithDataProviderMethodWorker.call(TestMethodWithDataProviderMethodWorker.java:14)
	at java.util.concurrent.FutureTask.run(Unknown Source)
	at java.util.concurrent.Executors$RunnableAdapter.call(Unknown Source)
	at java.util.concurrent.FutureTask.run(Unknown Source)
	at java.util.concurrent.ThreadPoolExecutor.runWorker(Unknown Source)
	at java.util.concurrent.ThreadPoolExecutor$Worker.run(Unknown Source)
	at java.lang.Thread.run(Unknown Source)
</pre></div></td>
<td>132</td>
<td>com.selenium.ebiz.add_to_list.grid_add_to_list_tests.VerifyNoPaginationForSavedListSummaryPage_Grid@2a492f2a</td></tr>
</table><p>
</body>
</html>