<?xml version="1.0" encoding="UTF-8"?>
<!-- Generated by org.testng.reporters.JUnitXMLReporter -->
<testsuite hostname="W7VDIHPQC16WPL" ignored="4" name="ORDER HISTORY TESTS" tests="8" failures="1" timestamp="09 Apr 2019 08:54:42 GMT" time="845.699" errors="0">
  <testcase name="orderHistory_verifyOrderHistoryBreadcrumAndtitle" time="118.677" classname="com.selenium.ebiz.order_history.orderHistory_grid.OrderHistoryAndStatusAuthenticatedUser_WORKING_Grid"/>
  <testcase name="orderHistory_AddPartFromFrequentlyPurchasedPageToPDP" time="81.985" classname="com.selenium.ebiz.order_history.orderHistory_grid.VerifyErrorOnPartAfterClickingOnItInTheShoppingCart_Grid"/>
  <testcase name="orderHistory_VerifyPartIsDisplayedInPDPWithoutErrorAddedPartFromOHDP" time="142.968" classname="com.selenium.ebiz.order_history.orderHistory_grid.VerifyErrorOnPartAfterClickingOnItInTheShoppingCart_Grid"/>
  <testcase name="orderHistory_isAddedPartDisplayedInShoppingCart" time="153.281" classname="com.selenium.ebiz.order_history.orderHistory_grid.VerifyErrorOnPartAfterClickingOnItInTheShoppingCart_Grid"/>
  <testcase name="orderHistory_isAddedSecondPartDisplayedInPDP" time="135.816" classname="com.selenium.ebiz.order_history.orderHistory_grid.VerifyErrorOnPartAfterClickingOnItInTheShoppingCart_Grid"/>
  <testcase name="orderHistory_VerifyOrderHistoryDetailSort" time="74.582" classname="com.selenium.ebiz.order_history.orderHistory_grid.VerifyOrderHistoryDetailSort_Grid">
    <failure type="org.openqa.selenium.StaleElementReferenceException" message="Element is no longer valid (WARNING: The server did not provide any stacktrace information)
Command duration or timeout: 275 milliseconds
For documentation on this error, please visit: http://seleniumhq.org/exceptions/stale_element_reference.html
Build info: version: &amp;apos;3.4.0&amp;apos;, revision: &amp;apos;unknown&amp;apos;, time: &amp;apos;unknown&amp;apos;
System info: host: &amp;apos;W7VDIHPQC16WPL&amp;apos;, ip: &amp;apos;10.224.150.152&amp;apos;, os.name: &amp;apos;Windows 7&amp;apos;, os.arch: &amp;apos;amd64&amp;apos;, os.version: &amp;apos;6.1&amp;apos;, java.version: &amp;apos;1.8.0_191&amp;apos;
Driver info: org.openqa.selenium.remote.RemoteWebDriver
Capabilities [{webdriver.remote.sessionid=e82c2049-3753-4bb3-8a7b-12435ebcf08a, se:ieOptions={browserAttachTimeout=0.0, ie.enableFullPageScreenshot=true, enablePersistentHover=true, ie.forceCreateProcessApi=false, ie.forceShellWindowsApi=false, ignoreZoomSetting=false, ie.fileUploadDialogTimeout=3000.0, ie.useLegacyFileUploadDialogHandling=false, nativeEvents=true, ie.ensureCleanSession=false, elementScrollBehavior=0.0, ie.browserCommandLineSwitches=, requireWindowFocus=false, initialBrowserUrl=http://localhost:1331/, ignoreProtectedModeSettings=false, enableElementCacheCleanup=true}, browserName=internet explorer, pageLoadStrategy=normal, javascriptEnabled=true, version=11, platform=WINDOWS, unexpectedAlertBehaviour=dismiss}]
Session ID: e82c2049-3753-4bb3-8a7b-12435ebcf08a">
      <![CDATA[org.openqa.selenium.StaleElementReferenceException: Element is no longer valid (WARNING: The server did not provide any stacktrace information)
Command duration or timeout: 275 milliseconds
For documentation on this error, please visit: http://seleniumhq.org/exceptions/stale_element_reference.html
Build info: version: '3.4.0', revision: 'unknown', time: 'unknown'
System info: host: 'W7VDIHPQC16WPL', ip: '10.224.150.152', os.name: 'Windows 7', os.arch: 'amd64', os.version: '6.1', java.version: '1.8.0_191'
Driver info: org.openqa.selenium.remote.RemoteWebDriver
Capabilities [{webdriver.remote.sessionid=e82c2049-3753-4bb3-8a7b-12435ebcf08a, se:ieOptions={browserAttachTimeout=0.0, ie.enableFullPageScreenshot=true, enablePersistentHover=true, ie.forceCreateProcessApi=false, ie.forceShellWindowsApi=false, ignoreZoomSetting=false, ie.fileUploadDialogTimeout=3000.0, ie.useLegacyFileUploadDialogHandling=false, nativeEvents=true, ie.ensureCleanSession=false, elementScrollBehavior=0.0, ie.browserCommandLineSwitches=, requireWindowFocus=false, initialBrowserUrl=http://localhost:1331/, ignoreProtectedModeSettings=false, enableElementCacheCleanup=true}, browserName=internet explorer, pageLoadStrategy=normal, javascriptEnabled=true, version=11, platform=WINDOWS, unexpectedAlertBehaviour=dismiss}]
Session ID: e82c2049-3753-4bb3-8a7b-12435ebcf08a
	at sun.reflect.NativeConstructorAccessorImpl.newInstance0(Native Method)
	at sun.reflect.NativeConstructorAccessorImpl.newInstance(Unknown Source)
	at sun.reflect.DelegatingConstructorAccessorImpl.newInstance(Unknown Source)
	at java.lang.reflect.Constructor.newInstance(Unknown Source)
	at org.openqa.selenium.remote.ErrorHandler.createThrowable(ErrorHandler.java:215)
	at org.openqa.selenium.remote.ErrorHandler.throwIfResponseFailed(ErrorHandler.java:167)
	at org.openqa.selenium.remote.RemoteWebDriver.execute(RemoteWebDriver.java:671)
	at org.openqa.selenium.remote.RemoteWebElement.execute(RemoteWebElement.java:272)
	at org.openqa.selenium.remote.RemoteWebElement.getAttribute(RemoteWebElement.java:124)
	at org.openqa.selenium.support.ui.Select.selectByIndex(Select.java:178)
	at com.selenium.ebiz.pageobject.OrdersPage.isSelectedAllSortOptionsFromDropDown(OrdersPage.java:211)
	at com.selenium.ebiz.order_history.orderHistory_grid.VerifyOrderHistoryDetailSort_Grid.orderHistory_VerifyOrderHistoryDetailSort(VerifyOrderHistoryDetailSort_Grid.java:61)
	at sun.reflect.NativeMethodAccessorImpl.invoke0(Native Method)
	at sun.reflect.NativeMethodAccessorImpl.invoke(Unknown Source)
	at sun.reflect.DelegatingMethodAccessorImpl.invoke(Unknown Source)
	at java.lang.reflect.Method.invoke(Unknown Source)
	at org.testng.internal.MethodInvocationHelper.invokeMethod(MethodInvocationHelper.java:108)
	at org.testng.internal.Invoker.invokeMethod(Invoker.java:661)
	at org.testng.internal.Invoker.invokeTestMethod(Invoker.java:869)
	at org.testng.internal.TestMethodWithDataProviderMethodWorker.call(TestMethodWithDataProviderMethodWorker.java:75)
	at org.testng.internal.TestMethodWithDataProviderMethodWorker.call(TestMethodWithDataProviderMethodWorker.java:14)
	at java.util.concurrent.FutureTask.run(Unknown Source)
	at java.util.concurrent.Executors$RunnableAdapter.call(Unknown Source)
	at java.util.concurrent.FutureTask.run(Unknown Source)
	at java.util.concurrent.ThreadPoolExecutor.runWorker(Unknown Source)
	at java.util.concurrent.ThreadPoolExecutor$Worker.run(Unknown Source)
	at java.lang.Thread.run(Unknown Source)
]]>
    </failure>
  </testcase> <!-- orderHistory_VerifyOrderHistoryDetailSort -->
  <testcase name="orderHistory_verifyOrderHistoryHeadingText" time="62.282" classname="com.selenium.ebiz.order_history.orderHistory_grid.ViewOrderHistoryHeader_WORKING_Grid"/>
  <testcase name="test_VerifyOrderHistoryDetailPageWillDisplaySelectedOrderDetails" time="73.254" classname="com.selenium.ebiz.order_history.orderHistory_grid.ViewOrderHistorySummaryAndDetail_Grid"/>
  <testcase name="orderHistory_VerifyAddToListFromOHDP" time="0.0" classname="com.selenium.ebiz.order_history.orderHistory_grid.VerifyAddToSavedListFromOrderHistoryDetailPage_Grid">
    <ignored/>
  </testcase> <!-- orderHistory_VerifyAddToListFromOHDP -->
  <testcase name="orderHistory_VerifyFieldsOnTheOrderHistorySummaryPage" time="0.0" classname="com.selenium.ebiz.order_history.orderHistory_grid.VerifyFieldsOnTheOrderHistorySummaryPage_Grid">
    <ignored/>
  </testcase> <!-- orderHistory_VerifyFieldsOnTheOrderHistorySummaryPage -->
  <testcase name="orderHistory_VerifyOrderHistorySummaryPageDisplaysCorrectTotal" time="0.0" classname="com.selenium.ebiz.order_history.orderHistory_grid.VerifyOrderHistorySummaryPageDisplaysCorrectTotal_Grid">
    <ignored/>
  </testcase> <!-- orderHistory_VerifyOrderHistorySummaryPageDisplaysCorrectTotal -->
  <testcase name="orderHistory_isAddedThirdPartDisplayedInPDPWithoutError" time="0.0" classname="com.selenium.ebiz.order_history.orderHistory_grid.VerifyErrorOnPartAfterClickingOnItInTheShoppingCart_Grid">
    <ignored/>
  </testcase> <!-- orderHistory_isAddedThirdPartDisplayedInPDPWithoutError -->
</testsuite> <!-- ORDER HISTORY TESTS -->
